Using pre-set license
Built from '2022.3/release' branch; Version is '2022.3.0f1 (fb119bb0b476) revision 16454043'; Using compiler version '192829333'; Build Type 'Release'
OS: 'Windows 10  (10.0.19045) 64bit Professional' Language: 'en' Physical Memory: 32688 MB
BatchMode: 1, IsHumanControllingUs: 0, StartBugReporterOnCrash: 0, Is64bit: 1, IsPro: 1

COMMAND LINE ARGUMENTS:
D:\dev_ide\Unity\2022.3.0f1\Editor\Unity.exe
-adb2
-batchMode
-noUpm
-name
AssetImportWorker2
-projectPath
E:/Work/CodeGym/CGO-Shooter
-logFile
Logs/AssetImportWorker2.log
-srvPort
11276
Successfully changed project path to: E:/Work/CodeGym/CGO-Shooter
E:/Work/CodeGym/CGO-Shooter
[UnityMemory] Configuration Parameters - Can be set up in boot.config
    "memorysetup-bucket-allocator-granularity=16"
    "memorysetup-bucket-allocator-bucket-count=8"
    "memorysetup-bucket-allocator-block-size=33554432"
    "memorysetup-bucket-allocator-block-count=8"
    "memorysetup-main-allocator-block-size=16777216"
    "memorysetup-thread-allocator-block-size=16777216"
    "memorysetup-gfx-main-allocator-block-size=16777216"
    "memorysetup-gfx-thread-allocator-block-size=16777216"
    "memorysetup-cache-allocator-block-size=4194304"
    "memorysetup-typetree-allocator-block-size=2097152"
    "memorysetup-profiler-bucket-allocator-granularity=16"
    "memorysetup-profiler-bucket-allocator-bucket-count=8"
    "memorysetup-profiler-bucket-allocator-block-size=33554432"
    "memorysetup-profiler-bucket-allocator-block-count=8"
    "memorysetup-profiler-allocator-block-size=16777216"
    "memorysetup-profiler-editor-allocator-block-size=1048576"
    "memorysetup-temp-allocator-size-main=16777216"
    "memorysetup-job-temp-allocator-block-size=2097152"
    "memorysetup-job-temp-allocator-block-size-background=1048576"
    "memorysetup-job-temp-allocator-reduction-small-platforms=262144"
    "memorysetup-allocator-temp-initial-block-size-main=262144"
    "memorysetup-allocator-temp-initial-block-size-worker=262144"
    "memorysetup-temp-allocator-size-background-worker=32768"
    "memorysetup-temp-allocator-size-job-worker=262144"
    "memorysetup-temp-allocator-size-preload-manager=33554432"
    "memorysetup-temp-allocator-size-nav-mesh-worker=65536"
    "memorysetup-temp-allocator-size-audio-worker=65536"
    "memorysetup-temp-allocator-size-cloud-worker=32768"
    "memorysetup-temp-allocator-size-gi-baking-worker=262144"
    "memorysetup-temp-allocator-size-gfx=262144"
Player connection [18460] Host "[IP] 192.168.1.4 [Port] 0 [Flags] 2 [Guid] 3660728988 [EditorId] 3660728988 [Version] 1048832 [Id] WindowsEditor(7,DESKTOP-3AEF2HI) [Debug] 1 [PackageName] WindowsEditor [ProjectName] Editor" joined multi-casting on [225.0.0.222:54997]...

Player connection [18460] Host "[IP] 192.168.1.4 [Port] 0 [Flags] 2 [Guid] 3660728988 [EditorId] 3660728988 [Version] 1048832 [Id] WindowsEditor(7,DESKTOP-3AEF2HI) [Debug] 1 [PackageName] WindowsEditor [ProjectName] Editor" joined alternative multi-casting on [225.0.0.222:34997]...

Refreshing native plugins compatible for Editor in 13.79 ms, found 3 plugins.
Preloading 0 native plugins for Editor in 0.00 ms.
Initialize engine version: 2022.3.0f1 (fb119bb0b476)
[Subsystems] Discovering subsystems at path D:/dev_ide/Unity/2022.3.0f1/Editor/Data/Resources/UnitySubsystems
[Subsystems] Discovering subsystems at path E:/Work/CodeGym/CGO-Shooter/Assets
GfxDevice: creating device client; threaded=0; jobified=0
Direct3D:
    Version:  Direct3D 11.0 [level 11.1]
    Renderer: NVIDIA GeForce GTX 1060 3GB (ID=0x1c02)
    Vendor:   NVIDIA
    VRAM:     2978 MB
    Driver:   31.0.15.3179
Initialize mono
Mono path[0] = 'D:/dev_ide/Unity/2022.3.0f1/Editor/Data/Managed'
Mono path[1] = 'D:/dev_ide/Unity/2022.3.0f1/Editor/Data/MonoBleedingEdge/lib/mono/unityjit-win32'
Mono config path = 'D:/dev_ide/Unity/2022.3.0f1/Editor/Data/MonoBleedingEdge/etc'
Using monoOptions --debugger-agent=transport=dt_socket,embedding=1,server=y,suspend=n,address=127.0.0.1:56472
Begin MonoManager ReloadAssembly
Registering precompiled unity dll's ...
Register platform support module: D:/dev_ide/Unity/2022.3.0f1/Editor/Data/PlaybackEngines/AndroidPlayer/UnityEditor.Android.Extensions.dll
Register platform support module: D:/dev_ide/Unity/2022.3.0f1/Editor/Data/PlaybackEngines/WindowsStandaloneSupport/UnityEditor.WindowsStandalone.Extensions.dll
Registered in 0.009426 seconds.
- Loaded All Assemblies, in  0.590 seconds
Native extension for WindowsStandalone target not found
Native extension for Android target not found
Android Extension - Scanning For ADB Devices 541 ms
Mono: successfully reloaded assembly
- Finished resetting the current domain, in  1.139 seconds
Domain Reload Profiling: 1729ms
	BeginReloadAssembly (264ms)
		ExecutionOrderSort (0ms)
		DisableScriptedObjects (0ms)
		BackupInstance (0ms)
		ReleaseScriptingObjects (0ms)
		CreateAndSetChildDomain (1ms)
	RebuildCommonClasses (63ms)
	RebuildNativeTypeToScriptingClass (17ms)
	initialDomainReloadingComplete (96ms)
	LoadAllAssembliesAndSetupDomain (148ms)
		LoadAssemblies (263ms)
		RebuildTransferFunctionScriptingTraits (0ms)
		AnalyzeDomain (142ms)
			TypeCache.Refresh (141ms)
				TypeCache.ScanAssembly (131ms)
			ScanForSourceGeneratedMonoScriptInfo (0ms)
			ResolveRequiredComponents (0ms)
	FinalizeReload (1140ms)
		ReleaseScriptCaches (0ms)
		RebuildScriptCaches (0ms)
		SetupLoadedEditorAssemblies (1075ms)
			LogAssemblyErrors (0ms)
			InitializePlatformSupportModulesInManaged (714ms)
			SetLoadedEditorAssemblies (9ms)
			RefreshPlugins (0ms)
			BeforeProcessingInitializeOnLoad (4ms)
			ProcessInitializeOnLoadAttributes (228ms)
			ProcessInitializeOnLoadMethodAttributes (121ms)
			AfterProcessingInitializeOnLoad (0ms)
			EditorAssembliesLoaded (0ms)
		ExecutionOrderSort2 (0ms)
		AwakeInstancesAfterBackupRestoration (0ms)
========================================================================
Worker process is ready to serve import requests
Begin MonoManager ReloadAssembly
Symbol file LoadedFromMemory doesn't match image E:\Work\CodeGym\CGO-Shooter\Library\PackageCache\com.unity.visualscripting@1.8.0\Editor\VisualScripting.Core\Dependencies\YamlDotNet\Unity.VisualScripting.YamlDotNet.dll
Symbol file LoadedFromMemory doesn't match image E:\Work\CodeGym\CGO-Shooter\Library\PackageCache\com.unity.visualscripting@1.8.0\Editor\VisualScripting.Core\Dependencies\DotNetZip\Unity.VisualScripting.IonicZip.dll
- Loaded All Assemblies, in  2.493 seconds
Refreshing native plugins compatible for Editor in 4.55 ms, found 3 plugins.
Native extension for WindowsStandalone target not found
Native extension for Android target not found
Mono: successfully reloaded assembly
- Finished resetting the current domain, in  1.039 seconds
Domain Reload Profiling: 3533ms
	BeginReloadAssembly (673ms)
		ExecutionOrderSort (0ms)
		DisableScriptedObjects (13ms)
		BackupInstance (0ms)
		ReleaseScriptingObjects (0ms)
		CreateAndSetChildDomain (51ms)
	RebuildCommonClasses (121ms)
	RebuildNativeTypeToScriptingClass (65ms)
	initialDomainReloadingComplete (239ms)
	LoadAllAssembliesAndSetupDomain (1395ms)
		LoadAssemblies (1144ms)
		RebuildTransferFunctionScriptingTraits (0ms)
		AnalyzeDomain (784ms)
			TypeCache.Refresh (718ms)
				TypeCache.ScanAssembly (660ms)
			ScanForSourceGeneratedMonoScriptInfo (60ms)
			ResolveRequiredComponents (6ms)
	FinalizeReload (1039ms)
		ReleaseScriptCaches (0ms)
		RebuildScriptCaches (0ms)
		SetupLoadedEditorAssemblies (621ms)
			LogAssemblyErrors (0ms)
			InitializePlatformSupportModulesInManaged (39ms)
			SetLoadedEditorAssemblies (7ms)
			RefreshPlugins (0ms)
			BeforeProcessingInitializeOnLoad (135ms)
			ProcessInitializeOnLoadAttributes (423ms)
			ProcessInitializeOnLoadMethodAttributes (15ms)
			AfterProcessingInitializeOnLoad (2ms)
			EditorAssembliesLoaded (0ms)
		ExecutionOrderSort2 (0ms)
		AwakeInstancesAfterBackupRestoration (5ms)
Launched and connected shader compiler UnityShaderCompiler.exe after 0.10 seconds
Refreshing native plugins compatible for Editor in 19.84 ms, found 3 plugins.
Preloading 0 native plugins for Editor in 0.00 ms.
Unloading 3070 Unused Serialized files (Serialized files now loaded: 0)
Unloading 31 unused Assets / (56.4 KB). Loaded Objects now: 3538.
Memory consumption went from 121.4 MB to 121.4 MB.
Total: 5.754600 ms (FindLiveObjects: 0.887900 ms CreateObjectMapping: 0.195400 ms MarkObjects: 4.412900 ms  DeleteObjects: 0.257000 ms)

AssetImportParameters requested are different than current active one (requested -> active):
  custom:container-demuxer-ogg: 62fdf1f143b41e24485cea50d1cbac27 -> 
  custom:video-decoder-ogg-theora: a1e56fd34408186e4bbccfd4996cb3dc -> 
  custom:framework-win-MediaFoundation: 216162199b28c13a410421893ffa2e32 -> 
  custom:container-demuxer-webm: 4f35f7cbe854078d1ac9338744f61a02 -> 
  custom:container-muxer-webm: aa71ff27fc2769a1b78a27578f13a17b -> 
  custom:video-decoder-webm-vp8: 9c59270c3fd7afecdb556c50c9e8de78 -> 
  custom:AudioImporter_EditorPlatform: d09bf68614088b80899f8185d706f6e7 -> 
  custom:video-encoder-webm-vp8: eb34c28f22e8b96e1ab97ce403110664 -> 
  custom:audio-decoder-ogg-vorbis: bf7c407c2cedff20999df2af8eb42d56 -> 
  custom:audio-encoder-webm-vorbis: bf7c407c2cedff20999df2af8eb42d56 -> 
========================================================================
Received Import Request.
  Time since last request: 99733.681858 seconds.
  path: Assets/Grim/Sci Fi Research Center/Scene/Demo.unity
  artifactKey: Guid(bda4f49223785864d93eac01eb4401aa) Importer(815301076,1909f56bfc062723c751e8b465ee728b)
Start importing Assets/Grim/Sci Fi Research Center/Scene/Demo.unity using Guid(bda4f49223785864d93eac01eb4401aa) Importer(815301076,1909f56bfc062723c751e8b465ee728b)  -> (artifact id: '1def80fe50ae531bc59dd392f363864a') in 0.003467 seconds
Number of updated asset objects reloaded before import = 0
Number of asset objects unloaded after import = 0
========================================================================
Received Import Request.
  Time since last request: 0.000045 seconds.
  path: Assets/Grim/Sci Fi Research Center/Models/Buttons_One.fbx
  artifactKey: Guid(a9d86882a256c3c4daeb4a79330c8d05) Importer(815301076,1909f56bfc062723c751e8b465ee728b)
Start importing Assets/Grim/Sci Fi Research Center/Models/Buttons_One.fbx using Guid(a9d86882a256c3c4daeb4a79330c8d05) Importer(815301076,1909f56bfc062723c751e8b465ee728b)  -> (artifact id: '6f9c5903e2ed6c8e3e5bb1431c3eb32b') in 2.412727 seconds
Number of updated asset objects reloaded before import = 0
Number of asset objects unloaded after import = 13
========================================================================
Received Import Request.
  Time since last request: 0.000035 seconds.
  path: Assets/Grim/Sci Fi Research Center/Models/Decal_Authorised.fbx
  artifactKey: Guid(8c68dd45c21524244a4fc6bd2e17aa1a) Importer(815301076,1909f56bfc062723c751e8b465ee728b)
Start importing Assets/Grim/Sci Fi Research Center/Models/Decal_Authorised.fbx using Guid(8c68dd45c21524244a4fc6bd2e17aa1a) Importer(815301076,1909f56bfc062723c751e8b465ee728b)  -> (artifact id: 'b33886d2e303c284b6e6ac86c948d4c5') in 0.559238 seconds
Number of updated asset objects reloaded before import = 0
Number of asset objects unloaded after import = 10
========================================================================
Received Import Request.
  Time since last request: 0.000071 seconds.
  path: Assets/Grim/Sci Fi Research Center/Models/Blood_Three.fbx
  artifactKey: Guid(52566824db8588644ae737979c038799) Importer(815301076,1909f56bfc062723c751e8b465ee728b)
Start importing Assets/Grim/Sci Fi Research Center/Models/Blood_Three.fbx using Guid(52566824db8588644ae737979c038799) Importer(815301076,1909f56bfc062723c751e8b465ee728b)  -> (artifact id: '0655f740652a2f390afac9911e509846') in 0.154833 seconds
Number of updated asset objects reloaded before import = 0
Number of asset objects unloaded after import = 10
========================================================================
Received Import Request.
  Time since last request: 0.000029 seconds.
  path: Assets/Grim/Sci Fi Research Center/Models/Counter_Four.fbx
  artifactKey: Guid(fbcddf780f70ac24d98248366e6805ab) Importer(815301076,1909f56bfc062723c751e8b465ee728b)
Start importing Assets/Grim/Sci Fi Research Center/Models/Counter_Four.fbx using Guid(fbcddf780f70ac24d98248366e6805ab) Importer(815301076,1909f56bfc062723c751e8b465ee728b)  -> (artifact id: '6408905dc9a024343c0cb29180f2affa') in 1.258106 seconds
Number of updated asset objects reloaded before import = 0
Number of asset objects unloaded after import = 13
========================================================================
Received Import Request.
  Time since last request: 0.000026 seconds.
  path: Assets/Grim/Sci Fi Research Center/Models/Decal_Restricted.fbx
  artifactKey: Guid(77af7f62c06308e42bc8de689c65b324) Importer(815301076,1909f56bfc062723c751e8b465ee728b)
Start importing Assets/Grim/Sci Fi Research Center/Models/Decal_Restricted.fbx using Guid(77af7f62c06308e42bc8de689c65b324) Importer(815301076,1909f56bfc062723c751e8b465ee728b)  -> (artifact id: '54f91589452e8867fce596e788d373c8') in 0.075209 seconds
Number of updated asset objects reloaded before import = 0
Number of asset objects unloaded after import = 10
========================================================================
Received Import Request.
  Time since last request: 0.000050 seconds.
  path: Assets/Grim/Sci Fi Research Center/Models/Blood_Ten.fbx
  artifactKey: Guid(9a750fcdebd34b845934f8aff262da36) Importer(815301076,1909f56bfc062723c751e8b465ee728b)
Start importing Assets/Grim/Sci Fi Research Center/Models/Blood_Ten.fbx using Guid(9a750fcdebd34b845934f8aff262da36) Importer(815301076,1909f56bfc062723c751e8b465ee728b)  -> (artifact id: '6669e6d6844ab127592dbfcd4d66bc82') in 0.066446 seconds
Number of updated asset objects reloaded before import = 0
Number of asset objects unloaded after import = 10
========================================================================
Received Import Request.
  Time since last request: 0.000024 seconds.
  path: Assets/Grim/Sci Fi Research Center/Models/Decal_Radiation.fbx
  artifactKey: Guid(90f1dfcaec6ded647a0be6c684175f4f) Importer(815301076,1909f56bfc062723c751e8b465ee728b)
Start importing Assets/Grim/Sci Fi Research Center/Models/Decal_Radiation.fbx using Guid(90f1dfcaec6ded647a0be6c684175f4f) Importer(815301076,1909f56bfc062723c751e8b465ee728b)  -> (artifact id: '3fb016d6f810ef388ed1ecf187ba9ceb') in 0.170384 seconds
Number of updated asset objects reloaded before import = 0
Number of asset objects unloaded after import = 10
========================================================================
Received Import Request.
  Time since last request: 0.000023 seconds.
  path: Assets/Grim/Sci Fi Research Center/Models/Blood_Six.fbx
  artifactKey: Guid(d1f4466aa045d6b41bc1b4c6ad8fe3a1) Importer(815301076,1909f56bfc062723c751e8b465ee728b)
Start importing Assets/Grim/Sci Fi Research Center/Models/Blood_Six.fbx using Guid(d1f4466aa045d6b41bc1b4c6ad8fe3a1) Importer(815301076,1909f56bfc062723c751e8b465ee728b)  -> (artifact id: 'f29dac6ddf0f4d53aa4c6e6e134b7ab2') in 0.238490 seconds
Number of updated asset objects reloaded before import = 0
Number of asset objects unloaded after import = 10
========================================================================
Received Import Request.
  Time since last request: 0.000027 seconds.
  path: Assets/Grim/Sci Fi Research Center/Models/Blood_Nine.fbx
  artifactKey: Guid(f9e54eb99d35d8d48973f4f46e749b38) Importer(815301076,1909f56bfc062723c751e8b465ee728b)
Start importing Assets/Grim/Sci Fi Research Center/Models/Blood_Nine.fbx using Guid(f9e54eb99d35d8d48973f4f46e749b38) Importer(815301076,1909f56bfc062723c751e8b465ee728b)  -> (artifact id: '942b2916e3216632087c7e46e12694c9') in 0.066130 seconds
Number of updated asset objects reloaded before import = 0
Number of asset objects unloaded after import = 10
========================================================================
Received Import Request.
  Time since last request: 0.000051 seconds.
  path: Assets/Grim/Sci Fi Research Center/Models/CeilingPipe_Four.fbx
  artifactKey: Guid(f636c802375aab24ab7c4603c94a7fc4) Importer(815301076,1909f56bfc062723c751e8b465ee728b)
Start importing Assets/Grim/Sci Fi Research Center/Models/CeilingPipe_Four.fbx using Guid(f636c802375aab24ab7c4603c94a7fc4) Importer(815301076,1909f56bfc062723c751e8b465ee728b)  -> (artifact id: '13a5f5143c9834b90cda2b42ce0fbce5') in 1.541500 seconds
Number of updated asset objects reloaded before import = 0
Number of asset objects unloaded after import = 14
========================================================================
Received Import Request.
  Time since last request: 54.569823 seconds.
  path: Assets/Presets/GunRTransform.preset
  artifactKey: Guid(a09abf2909d39ee44bb056fecc8296a7) Importer(815301076,1909f56bfc062723c751e8b465ee728b)
Start importing Assets/Presets/GunRTransform.preset using Guid(a09abf2909d39ee44bb056fecc8296a7) Importer(815301076,1909f56bfc062723c751e8b465ee728b)  -> (artifact id: '4bb733f9fed2c31d786efaeab52c3c55') in 0.001660 seconds
Number of updated asset objects reloaded before import = 0
Number of asset objects unloaded after import = 1
========================================================================
Received Import Request.
  Time since last request: 2.882308 seconds.
  path: Assets/Scenes/Game.unity
  artifactKey: Guid(9fc0d4010bbf28b4594072e72b8655ab) Importer(815301076,1909f56bfc062723c751e8b465ee728b)
Start importing Assets/Scenes/Game.unity using Guid(9fc0d4010bbf28b4594072e72b8655ab) Importer(815301076,1909f56bfc062723c751e8b465ee728b)  -> (artifact id: '38b571c37235fa436e0d1b429b9b6bdf') in 0.000376 seconds
Number of updated asset objects reloaded before import = 0
Number of asset objects unloaded after import = 0
========================================================================
Received Import Request.
  Time since last request: 7.576500 seconds.
  path: Assets/Grim/Sci Fi Research Center/Prefabs/Doors
  artifactKey: Guid(b3142f16a6ae748489e75ddba3791430) Importer(815301076,1909f56bfc062723c751e8b465ee728b)
Start importing Assets/Grim/Sci Fi Research Center/Prefabs/Doors using Guid(b3142f16a6ae748489e75ddba3791430) Importer(815301076,1909f56bfc062723c751e8b465ee728b)  -> (artifact id: '4b30f112754f357ac12c9c3342e56be4') in 0.000359 seconds
Number of updated asset objects reloaded before import = 0
Number of asset objects unloaded after import = 0
========================================================================
Received Import Request.
  Time since last request: 0.083059 seconds.
  path: Assets/Grim/Sci Fi Research Center/Prefabs/Doors/DoorLarge_One.prefab
  artifactKey: Guid(a40ebbe2e1fdc6f499c8e6e4a243c6a7) Importer(815301076,1909f56bfc062723c751e8b465ee728b)
Start importing Assets/Grim/Sci Fi Research Center/Prefabs/Doors/DoorLarge_One.prefab using Guid(a40ebbe2e1fdc6f499c8e6e4a243c6a7) Importer(815301076,1909f56bfc062723c751e8b465ee728b)  -> (artifact id: 'dca5bf2074a4b5e129b9598cf9bdd299') in 1.622844 seconds
Internal: There are remaining Allocations on the JobTempAlloc. This is a leak, and will impact performance
To Debug, run app with -diag-job-temp-memory-leak-validation cmd line argument. This will output the callstacks of the leaked allocations.
Number of updated asset objects reloaded before import = 0
Number of asset objects unloaded after import = 43
========================================================================
Received Import Request.
  Time since last request: 2.079353 seconds.
  path: Assets/Grim/Sci Fi Research Center/Prefabs/Floors And Ceiling/CeilingTile_One.prefab
  artifactKey: Guid(5523c2076ec83964e90487e45d3bb78a) Importer(815301076,1909f56bfc062723c751e8b465ee728b)
Start importing Assets/Grim/Sci Fi Research Center/Prefabs/Floors And Ceiling/CeilingTile_One.prefab using Guid(5523c2076ec83964e90487e45d3bb78a) Importer(815301076,1909f56bfc062723c751e8b465ee728b)  -> (artifact id: '2e5461a9badd23822a097fefeb2311e3') in 0.677984 seconds
Internal: There are remaining Allocations on the JobTempAlloc. This is a leak, and will impact performance
To Debug, run app with -diag-job-temp-memory-leak-validation cmd line argument. This will output the callstacks of the leaked allocations.
Number of updated asset objects reloaded before import = 0
Number of asset objects unloaded after import = 14
========================================================================
Received Import Request.
  Time since last request: 0.000076 seconds.
  path: Assets/Grim/Sci Fi Research Center/Prefabs/Floors And Ceiling/FloorTile_Three.prefab
  artifactKey: Guid(fe62d6cec338e7c42bed2ad5a29bdac8) Importer(815301076,1909f56bfc062723c751e8b465ee728b)
Start importing Assets/Grim/Sci Fi Research Center/Prefabs/Floors And Ceiling/FloorTile_Three.prefab using Guid(fe62d6cec338e7c42bed2ad5a29bdac8) Importer(815301076,1909f56bfc062723c751e8b465ee728b)  -> (artifact id: 'c0417859b50444f11ee07977c2bab3af') in 1.021350 seconds
Internal: There are remaining Allocations on the JobTempAlloc. This is a leak, and will impact performance
To Debug, run app with -diag-job-temp-memory-leak-validation cmd line argument. This will output the callstacks of the leaked allocations.
Number of updated asset objects reloaded before import = 0
Number of asset objects unloaded after import = 14
========================================================================
Received Import Request.
  Time since last request: 0.000054 seconds.
  path: Assets/Grim/Sci Fi Research Center/Prefabs/Floors And Ceiling/FloorTile_One.prefab
  artifactKey: Guid(475f6396bd27283449d5cf2bfbb89e70) Importer(815301076,1909f56bfc062723c751e8b465ee728b)
Start importing Assets/Grim/Sci Fi Research Center/Prefabs/Floors And Ceiling/FloorTile_One.prefab using Guid(475f6396bd27283449d5cf2bfbb89e70) Importer(815301076,1909f56bfc062723c751e8b465ee728b)  -> (artifact id: '0fc34f8709d68d72a1af8e49bacf1936') in 0.856514 seconds
Internal: There are remaining Allocations on the JobTempAlloc. This is a leak, and will impact performance
To Debug, run app with -diag-job-temp-memory-leak-validation cmd line argument. This will output the callstacks of the leaked allocations.
Number of updated asset objects reloaded before import = 0
Number of asset objects unloaded after import = 14
========================================================================
Received Import Request.
  Time since last request: 0.000026 seconds.
  path: Assets/Grim/Sci Fi Research Center/Prefabs/Floors And Ceiling/StairsFloorTile_One.prefab
  artifactKey: Guid(18ac98a432ed00e4fa98218443c6c991) Importer(815301076,1909f56bfc062723c751e8b465ee728b)
Start importing Assets/Grim/Sci Fi Research Center/Prefabs/Floors And Ceiling/StairsFloorTile_One.prefab using Guid(18ac98a432ed00e4fa98218443c6c991) Importer(815301076,1909f56bfc062723c751e8b465ee728b)  -> (artifact id: 'a02b1a2db9a485d9e9bf5749d5fb8965') in 0.831646 seconds
Internal: There are remaining Allocations on the JobTempAlloc. This is a leak, and will impact performance
To Debug, run app with -diag-job-temp-memory-leak-validation cmd line argument. This will output the callstacks of the leaked allocations.
Number of updated asset objects reloaded before import = 0
Number of asset objects unloaded after import = 14
========================================================================
Received Import Request.
  Time since last request: 7.769332 seconds.
  path: Assets/Grim/Sci Fi Research Center/Prefabs/SciFi Tech/Generator_One.prefab
  artifactKey: Guid(2c543e4a99312094f930190696ae7aa1) Importer(815301076,1909f56bfc062723c751e8b465ee728b)
Start importing Assets/Grim/Sci Fi Research Center/Prefabs/SciFi Tech/Generator_One.prefab using Guid(2c543e4a99312094f930190696ae7aa1) Importer(815301076,1909f56bfc062723c751e8b465ee728b)  -> (artifact id: '4669acfac43e1cd36c6955470f035180') in 0.916994 seconds
Internal: There are remaining Allocations on the JobTempAlloc. This is a leak, and will impact performance
To Debug, run app with -diag-job-temp-memory-leak-validation cmd line argument. This will output the callstacks of the leaked allocations.
Number of updated asset objects reloaded before import = 0
Number of asset objects unloaded after import = 24
========================================================================
Received Import Request.
  Time since last request: 1.944379 seconds.
  path: Assets/Grim/Sci Fi Research Center/Models/Blood_Eight.fbx
  artifactKey: Guid(8ef80ea7e02fdd14fa0ee3192b35f236) Importer(815301076,1909f56bfc062723c751e8b465ee728b)
Start importing Assets/Grim/Sci Fi Research Center/Models/Blood_Eight.fbx using Guid(8ef80ea7e02fdd14fa0ee3192b35f236) Importer(815301076,1909f56bfc062723c751e8b465ee728b)  -> (artifact id: '347f7707cf0cce37010602829af9bba4') in 0.071668 seconds
Internal: There are remaining Allocations on the JobTempAlloc. This is a leak, and will impact performance
To Debug, run app with -diag-job-temp-memory-leak-validation cmd line argument. This will output the callstacks of the leaked allocations.
Number of updated asset objects reloaded before import = 0
Number of asset objects unloaded after import = 10
========================================================================
Received Import Request.
  Time since last request: 0.000013 seconds.
  path: Assets/Grim/Sci Fi Research Center/Models/Decal_Airlock.fbx
  artifactKey: Guid(a425d8fb57cfa9b479fe0419ef017300) Importer(815301076,1909f56bfc062723c751e8b465ee728b)
Start importing Assets/Grim/Sci Fi Research Center/Models/Decal_Airlock.fbx using Guid(a425d8fb57cfa9b479fe0419ef017300) Importer(815301076,1909f56bfc062723c751e8b465ee728b)  -> (artifact id: 'd6773c6bf7a99f8c661d65a69fb4c664') in 0.123056 seconds
Internal: There are remaining Allocations on the JobTempAlloc. This is a leak, and will impact performance
To Debug, run app with -diag-job-temp-memory-leak-validation cmd line argument. This will output the callstacks of the leaked allocations.
Number of updated asset objects reloaded before import = 0
Number of asset objects unloaded after import = 10
========================================================================
Received Import Request.
  Time since last request: 0.000024 seconds.
  path: Assets/Grim/Sci Fi Research Center/Models/Decal_Lazer.fbx
  artifactKey: Guid(2774f3cdb9d722d4bac47353dfd90d21) Importer(815301076,1909f56bfc062723c751e8b465ee728b)
Start importing Assets/Grim/Sci Fi Research Center/Models/Decal_Lazer.fbx using Guid(2774f3cdb9d722d4bac47353dfd90d21) Importer(815301076,1909f56bfc062723c751e8b465ee728b)  -> (artifact id: '7ee16408a910b5167dd44f9c6eb6a639') in 0.088158 seconds
Internal: There are remaining Allocations on the JobTempAlloc. This is a leak, and will impact performance
To Debug, run app with -diag-job-temp-memory-leak-validation cmd line argument. This will output the callstacks of the leaked allocations.
Number of updated asset objects reloaded before import = 0
Number of asset objects unloaded after import = 10
========================================================================
Received Import Request.
  Time since last request: 0.000094 seconds.
  path: Assets/Grim/Sci Fi Research Center/Models/Blood_Thirteen.fbx
  artifactKey: Guid(56b0256ad9e6f5c448d6c3b85d2411fd) Importer(815301076,1909f56bfc062723c751e8b465ee728b)
Start importing Assets/Grim/Sci Fi Research Center/Models/Blood_Thirteen.fbx using Guid(56b0256ad9e6f5c448d6c3b85d2411fd) Importer(815301076,1909f56bfc062723c751e8b465ee728b)  -> (artifact id: 'de8d9d8480322bfd20d929a38112b531') in 0.037795 seconds
Internal: JobTempAlloc has allocations that are more than the maximum lifespan of 4 frames old - this is not allowed and likely a leak
To Debug, run app with -diag-job-temp-memory-leak-validation cmd line argument. This will output the callstacks of the leaked allocations.
Internal: There are remaining Allocations on the JobTempAlloc. This is a leak, and will impact performance
To Debug, run app with -diag-job-temp-memory-leak-validation cmd line argument. This will output the callstacks of the leaked allocations.
Number of updated asset objects reloaded before import = 0
Number of asset objects unloaded after import = 10
========================================================================
Received Import Request.
  Time since last request: 0.000012 seconds.
  path: Assets/Grim/Sci Fi Research Center/Models/Blood_Twelve.fbx
  artifactKey: Guid(fdbdeeeb53e5c6e43afa5558f1d1cfd2) Importer(815301076,1909f56bfc062723c751e8b465ee728b)
Start importing Assets/Grim/Sci Fi Research Center/Models/Blood_Twelve.fbx using Guid(fdbdeeeb53e5c6e43afa5558f1d1cfd2) Importer(815301076,1909f56bfc062723c751e8b465ee728b)  -> (artifact id: '3b5014301ae012c728de65b72ebba24b') in 0.063693 seconds
Internal: There are remaining Allocations on the JobTempAlloc. This is a leak, and will impact performance
To Debug, run app with -diag-job-temp-memory-leak-validation cmd line argument. This will output the callstacks of the leaked allocations.
Number of updated asset objects reloaded before import = 0
Number of asset objects unloaded after import = 10
========================================================================
Received Import Request.
  Time since last request: 0.000015 seconds.
  path: Assets/Grim/Sci Fi Research Center/Models/Blood_Three.fbx
  artifactKey: Guid(52566824db8588644ae737979c038799) Importer(815301076,1909f56bfc062723c751e8b465ee728b)
Start importing Assets/Grim/Sci Fi Research Center/Models/Blood_Three.fbx using Guid(52566824db8588644ae737979c038799) Importer(815301076,1909f56bfc062723c751e8b465ee728b)  -> (artifact id: '5ea5f6b8863aa3be4aa29864d8f8c407') in 0.058902 seconds
Internal: There are remaining Allocations on the JobTempAlloc. This is a leak, and will impact performance
To Debug, run app with -diag-job-temp-memory-leak-validation cmd line argument. This will output the callstacks of the leaked allocations.
Number of updated asset objects reloaded before import = 0
Number of asset objects unloaded after import = 10
========================================================================
Received Import Request.
  Time since last request: 0.000013 seconds.
  path: Assets/Grim/Sci Fi Research Center/Models/Decal_Restricted.fbx
  artifactKey: Guid(77af7f62c06308e42bc8de689c65b324) Importer(815301076,1909f56bfc062723c751e8b465ee728b)
Start importing Assets/Grim/Sci Fi Research Center/Models/Decal_Restricted.fbx using Guid(77af7f62c06308e42bc8de689c65b324) Importer(815301076,1909f56bfc062723c751e8b465ee728b)  -> (artifact id: '2e0666f86ff9468078ca2d3825fdcee2') in 0.061813 seconds
Internal: There are remaining Allocations on the JobTempAlloc. This is a leak, and will impact performance
To Debug, run app with -diag-job-temp-memory-leak-validation cmd line argument. This will output the callstacks of the leaked allocations.
Number of updated asset objects reloaded before import = 0
Number of asset objects unloaded after import = 10
========================================================================
Received Import Request.
  Time since last request: 0.000014 seconds.
  path: Assets/Grim/Sci Fi Research Center/Models/Blood_Six.fbx
  artifactKey: Guid(d1f4466aa045d6b41bc1b4c6ad8fe3a1) Importer(815301076,1909f56bfc062723c751e8b465ee728b)
Start importing Assets/Grim/Sci Fi Research Center/Models/Blood_Six.fbx using Guid(d1f4466aa045d6b41bc1b4c6ad8fe3a1) Importer(815301076,1909f56bfc062723c751e8b465ee728b)  -> (artifact id: '8bdf1020c543ab03072fbdddeaf0e772') in 0.044582 seconds
Internal: There are remaining Allocations on the JobTempAlloc. This is a leak, and will impact performance
To Debug, run app with -diag-job-temp-memory-leak-validation cmd line argument. This will output the callstacks of the leaked allocations.
Number of updated asset objects reloaded before import = 0
Number of asset objects unloaded after import = 10
========================================================================
Received Import Request.
  Time since last request: 1.255466 seconds.
  path: Assets/Grim/Sci Fi Research Center/Scene
  artifactKey: Guid(93aee543a39327f46af404bfb7607fc3) Importer(815301076,1909f56bfc062723c751e8b465ee728b)
Start importing Assets/Grim/Sci Fi Research Center/Scene using Guid(93aee543a39327f46af404bfb7607fc3) Importer(815301076,1909f56bfc062723c751e8b465ee728b)  -> (artifact id: '2c0691f9b3de462de08c4d07e5e366ed') in 0.000437 seconds
Internal: There are remaining Allocations on the JobTempAlloc. This is a leak, and will impact performance
To Debug, run app with -diag-job-temp-memory-leak-validation cmd line argument. This will output the callstacks of the leaked allocations.
Number of updated asset objects reloaded before import = 0
Number of asset objects unloaded after import = 0
========================================================================
Received Import Request.
  Time since last request: 187.229512 seconds.
  path: Assets/Scenes/Game.unity
  artifactKey: Guid(9fc0d4010bbf28b4594072e72b8655ab) Importer(815301076,1909f56bfc062723c751e8b465ee728b)
Start importing Assets/Scenes/Game.unity using Guid(9fc0d4010bbf28b4594072e72b8655ab) Importer(815301076,1909f56bfc062723c751e8b465ee728b)  -> (artifact id: '6285415f09cc995673df8fdfdcb85c4c') in 0.000450 seconds
Internal: There are remaining Allocations on the JobTempAlloc. This is a leak, and will impact performance
To Debug, run app with -diag-job-temp-memory-leak-validation cmd line argument. This will output the callstacks of the leaked allocations.
Number of updated asset objects reloaded before import = 0
Number of asset objects unloaded after import = 0
========================================================================
Received Import Request.
  Time since last request: 165.965101 seconds.
  path: Assets/Grim/Sci Fi Research Center/Models/DoorLarge_One.fbx
  artifactKey: Guid(bfff8a3d03218bc4db10acb003ea7114) Importer(815301076,1909f56bfc062723c751e8b465ee728b)
Start importing Assets/Grim/Sci Fi Research Center/Models/DoorLarge_One.fbx using Guid(bfff8a3d03218bc4db10acb003ea7114) Importer(815301076,1909f56bfc062723c751e8b465ee728b)  -> (artifact id: '3b9d60781ffcf9ebc143d75df1e1e2b5') in 1.747014 seconds
Internal: There are remaining Allocations on the JobTempAlloc. This is a leak, and will impact performance
To Debug, run app with -diag-job-temp-memory-leak-validation cmd line argument. This will output the callstacks of the leaked allocations.
Number of updated asset objects reloaded before import = 0
Number of asset objects unloaded after import = 38
========================================================================
Received Import Request.
  Time since last request: 0.000027 seconds.
  path: Assets/Grim/Sci Fi Research Center/Models/FloorRail_Four.fbx
  artifactKey: Guid(645ae15ed6ca1704bb77768a3fb3962e) Importer(815301076,1909f56bfc062723c751e8b465ee728b)
Start importing Assets/Grim/Sci Fi Research Center/Models/FloorRail_Four.fbx using Guid(645ae15ed6ca1704bb77768a3fb3962e) Importer(815301076,1909f56bfc062723c751e8b465ee728b)  -> (artifact id: '0d55f1e0968051a014f5047a6f72546d') in 1.200289 seconds
Internal: There are remaining Allocations on the JobTempAlloc. This is a leak, and will impact performance
To Debug, run app with -diag-job-temp-memory-leak-validation cmd line argument. This will output the callstacks of the leaked allocations.
Number of updated asset objects reloaded before import = 0
Number of asset objects unloaded after import = 14
========================================================================
Received Import Request.
  Time since last request: 0.000033 seconds.
  path: Assets/Grim/Sci Fi Research Center/Models/GasCan_One.fbx
  artifactKey: Guid(3240ea6affa0b2046b966249233db98e) Importer(815301076,1909f56bfc062723c751e8b465ee728b)
Start importing Assets/Grim/Sci Fi Research Center/Models/GasCan_One.fbx using Guid(3240ea6affa0b2046b966249233db98e) Importer(815301076,1909f56bfc062723c751e8b465ee728b)  -> (artifact id: 'a272d3c0af36d9c2e6e1dbf25cf3f4e4') in 1.674000 seconds
Internal: There are remaining Allocations on the JobTempAlloc. This is a leak, and will impact performance
To Debug, run app with -diag-job-temp-memory-leak-validation cmd line argument. This will output the callstacks of the leaked allocations.
Number of updated asset objects reloaded before import = 0
Number of asset objects unloaded after import = 13
========================================================================
Received Import Request.
  Time since last request: 0.000019 seconds.
  path: Assets/Grim/Sci Fi Research Center/Models/Piller_One.fbx
  artifactKey: Guid(f1b51fa5cdb0ddc4cb8ff27ef541aab7) Importer(815301076,1909f56bfc062723c751e8b465ee728b)
Start importing Assets/Grim/Sci Fi Research Center/Models/Piller_One.fbx using Guid(f1b51fa5cdb0ddc4cb8ff27ef541aab7) Importer(815301076,1909f56bfc062723c751e8b465ee728b)  -> (artifact id: '279b9af007f292a18104128d69a6d4fb') in 0.916575 seconds
Internal: There are remaining Allocations on the JobTempAlloc. This is a leak, and will impact performance
To Debug, run app with -diag-job-temp-memory-leak-validation cmd line argument. This will output the callstacks of the leaked allocations.
Number of updated asset objects reloaded before import = 0
Number of asset objects unloaded after import = 14
========================================================================
Received Import Request.
  Time since last request: 0.000043 seconds.
  path: Assets/Grim/Sci Fi Research Center/Models/Jar_Two.fbx
  artifactKey: Guid(eb45f1205c04f284a810652440c54ca0) Importer(815301076,1909f56bfc062723c751e8b465ee728b)
Start importing Assets/Grim/Sci Fi Research Center/Models/Jar_Two.fbx using Guid(eb45f1205c04f284a810652440c54ca0) Importer(815301076,1909f56bfc062723c751e8b465ee728b)  -> (artifact id: '272f6e8e5dd0d2a277a2d1f306cc1beb') in 1.371360 seconds
Internal: There are remaining Allocations on the JobTempAlloc. This is a leak, and will impact performance
To Debug, run app with -diag-job-temp-memory-leak-validation cmd line argument. This will output the callstacks of the leaked allocations.
Number of updated asset objects reloaded before import = 0
Number of asset objects unloaded after import = 13
========================================================================
Received Import Request.
  Time since last request: 0.000030 seconds.
  path: Assets/Grim/Sci Fi Research Center/Models/DoorSmall_One.fbx
  artifactKey: Guid(64cc21aa8889bba418fea99d1e5483b2) Importer(815301076,1909f56bfc062723c751e8b465ee728b)
Start importing Assets/Grim/Sci Fi Research Center/Models/DoorSmall_One.fbx using Guid(64cc21aa8889bba418fea99d1e5483b2) Importer(815301076,1909f56bfc062723c751e8b465ee728b)  -> (artifact id: 'd239cff4af1dd5f6e32f44508b6e0940') in 1.238159 seconds
Internal: There are remaining Allocations on the JobTempAlloc. This is a leak, and will impact performance
To Debug, run app with -diag-job-temp-memory-leak-validation cmd line argument. This will output the callstacks of the leaked allocations.
Number of updated asset objects reloaded before import = 0
Number of asset objects unloaded after import = 26
========================================================================
Received Import Request.
  Time since last request: 0.000048 seconds.
  path: Assets/Grim/Sci Fi Research Center/Models/FloorTile_One.fbx
  artifactKey: Guid(e58b48bc36fc6a84b921e9aeeee6238d) Importer(815301076,1909f56bfc062723c751e8b465ee728b)
Start importing Assets/Grim/Sci Fi Research Center/Models/FloorTile_One.fbx using Guid(e58b48bc36fc6a84b921e9aeeee6238d) Importer(815301076,1909f56bfc062723c751e8b465ee728b)  -> (artifact id: 'de21f5e5583c9433ecdb231a2ba2a2fe') in 1.129873 seconds
Internal: There are remaining Allocations on the JobTempAlloc. This is a leak, and will impact performance
To Debug, run app with -diag-job-temp-memory-leak-validation cmd line argument. This will output the callstacks of the leaked allocations.
Number of updated asset objects reloaded before import = 0
Number of asset objects unloaded after import = 14
========================================================================
Received Import Request.
  Time since last request: 0.000030 seconds.
  path: Assets/Grim/Sci Fi Research Center/Models/Pipe_One.fbx
  artifactKey: Guid(aff91ae27dd34864bad725c28b0d48e5) Importer(815301076,1909f56bfc062723c751e8b465ee728b)
Start importing Assets/Grim/Sci Fi Research Center/Models/Pipe_One.fbx using Guid(aff91ae27dd34864bad725c28b0d48e5) Importer(815301076,1909f56bfc062723c751e8b465ee728b)  -> (artifact id: '5f2025d294bae67825b9b952b153fca7') in 1.928505 seconds
Internal: There are remaining Allocations on the JobTempAlloc. This is a leak, and will impact performance
To Debug, run app with -diag-job-temp-memory-leak-validation cmd line argument. This will output the callstacks of the leaked allocations.
Number of updated asset objects reloaded before import = 0
Number of asset objects unloaded after import = 20
========================================================================
Received Import Request.
  Time since last request: 0.000034 seconds.
  path: Assets/Grim/Sci Fi Research Center/Models/FloorRail_One.fbx
  artifactKey: Guid(55cd2b1dfe70f0840ab7ed9e296d9518) Importer(815301076,1909f56bfc062723c751e8b465ee728b)
Start importing Assets/Grim/Sci Fi Research Center/Models/FloorRail_One.fbx using Guid(55cd2b1dfe70f0840ab7ed9e296d9518) Importer(815301076,1909f56bfc062723c751e8b465ee728b)  -> (artifact id: 'b14195706cefbd646a24d69f422668d3') in 1.595862 seconds
Internal: There are remaining Allocations on the JobTempAlloc. This is a leak, and will impact performance
To Debug, run app with -diag-job-temp-memory-leak-validation cmd line argument. This will output the callstacks of the leaked allocations.
Number of updated asset objects reloaded before import = 0
Number of asset objects unloaded after import = 14
========================================================================
Received Import Request.
  Time since last request: 0.000023 seconds.
  path: Assets/Grim/Sci Fi Research Center/Models/FloorCable_Four.fbx
  artifactKey: Guid(e63cba3df47455f46aadc52547d1a4c7) Importer(815301076,1909f56bfc062723c751e8b465ee728b)
Start importing Assets/Grim/Sci Fi Research Center/Models/FloorCable_Four.fbx using Guid(e63cba3df47455f46aadc52547d1a4c7) Importer(815301076,1909f56bfc062723c751e8b465ee728b)  -> (artifact id: '15411bd935fe1594887c473a8b440ddc') in 1.550457 seconds
Internal: There are remaining Allocations on the JobTempAlloc. This is a leak, and will impact performance
To Debug, run app with -diag-job-temp-memory-leak-validation cmd line argument. This will output the callstacks of the leaked allocations.
Number of updated asset objects reloaded before import = 0
Number of asset objects unloaded after import = 14
========================================================================
Received Import Request.
  Time since last request: 0.000050 seconds.
  path: Assets/Grim/Sci Fi Research Center/Models/FloorVent_One.fbx
  artifactKey: Guid(725910eee62595d4ab0b8e671e3a6452) Importer(815301076,1909f56bfc062723c751e8b465ee728b)
Start importing Assets/Grim/Sci Fi Research Center/Models/FloorVent_One.fbx using Guid(725910eee62595d4ab0b8e671e3a6452) Importer(815301076,1909f56bfc062723c751e8b465ee728b)  -> (artifact id: '7f9eb3576d227044743076b3b48bd536') in 1.729076 seconds
Internal: There are remaining Allocations on the JobTempAlloc. This is a leak, and will impact performance
To Debug, run app with -diag-job-temp-memory-leak-validation cmd line argument. This will output the callstacks of the leaked allocations.
Number of updated asset objects reloaded before import = 0
Number of asset objects unloaded after import = 14
========================================================================
Received Import Request.
  Time since last request: 0.000030 seconds.
  path: Assets/Grim/Sci Fi Research Center/Models/Ladder_One.fbx
  artifactKey: Guid(032015709074f444d8f043fd7716f5e8) Importer(815301076,1909f56bfc062723c751e8b465ee728b)
Start importing Assets/Grim/Sci Fi Research Center/Models/Ladder_One.fbx using Guid(032015709074f444d8f043fd7716f5e8) Importer(815301076,1909f56bfc062723c751e8b465ee728b)  -> (artifact id: '873aa7cea86f3847f097e1636a8ee87c') in 1.928682 seconds
Internal: There are remaining Allocations on the JobTempAlloc. This is a leak, and will impact performance
To Debug, run app with -diag-job-temp-memory-leak-validation cmd line argument. This will output the callstacks of the leaked allocations.
Number of updated asset objects reloaded before import = 0
Number of asset objects unloaded after import = 14
========================================================================
Received Import Request.
  Time since last request: 0.000034 seconds.
  path: Assets/Grim/Sci Fi Research Center/Models/Pipe_Six.fbx
  artifactKey: Guid(3949aeae297bd6646bf2be4c9c6426fc) Importer(815301076,1909f56bfc062723c751e8b465ee728b)
Start importing Assets/Grim/Sci Fi Research Center/Models/Pipe_Six.fbx using Guid(3949aeae297bd6646bf2be4c9c6426fc) Importer(815301076,1909f56bfc062723c751e8b465ee728b)  -> (artifact id: 'de36ac64054256a1126f099d84b34cf3') in 1.798438 seconds
Internal: There are remaining Allocations on the JobTempAlloc. This is a leak, and will impact performance
To Debug, run app with -diag-job-temp-memory-leak-validation cmd line argument. This will output the callstacks of the leaked allocations.
Number of updated asset objects reloaded before import = 0
Number of asset objects unloaded after import = 20
========================================================================
Received Import Request.
  Time since last request: 0.000024 seconds.
  path: Assets/Grim/Sci Fi Research Center/Models/Jar_One.fbx
  artifactKey: Guid(2a3425446caa7674084092b4be9c7337) Importer(815301076,1909f56bfc062723c751e8b465ee728b)
Start importing Assets/Grim/Sci Fi Research Center/Models/Jar_One.fbx using Guid(2a3425446caa7674084092b4be9c7337) Importer(815301076,1909f56bfc062723c751e8b465ee728b)  -> (artifact id: '3f04c736a8077cecbf3912464979f34e') in 1.838022 seconds
Internal: There are remaining Allocations on the JobTempAlloc. This is a leak, and will impact performance
To Debug, run app with -diag-job-temp-memory-leak-validation cmd line argument. This will output the callstacks of the leaked allocations.
Number of updated asset objects reloaded before import = 0
Number of asset objects unloaded after import = 13
========================================================================
Received Import Request.
  Time since last request: 0.000052 seconds.
  path: Assets/Grim/Sci Fi Research Center/Models/FloorCable_Three.fbx
  artifactKey: Guid(85255e409dac091478e4e939f1381e59) Importer(815301076,1909f56bfc062723c751e8b465ee728b)
Start importing Assets/Grim/Sci Fi Research Center/Models/FloorCable_Three.fbx using Guid(85255e409dac091478e4e939f1381e59) Importer(815301076,1909f56bfc062723c751e8b465ee728b)  -> (artifact id: '3bb396de33d1760d520516d39edbbc4e') in 1.167073 seconds
Internal: There are remaining Allocations on the JobTempAlloc. This is a leak, and will impact performance
To Debug, run app with -diag-job-temp-memory-leak-validation cmd line argument. This will output the callstacks of the leaked allocations.
Number of updated asset objects reloaded before import = 0
Number of asset objects unloaded after import = 14
========================================================================
Received Import Request.
  Time since last request: 1466.041522 seconds.
  path: Assets/Grim/Sci Fi Research Center/Models/RailingWall_Three.fbx
  artifactKey: Guid(784b216949d2f064d992fe9e7aa043ee) Importer(815301076,1909f56bfc062723c751e8b465ee728b)
Start importing Assets/Grim/Sci Fi Research Center/Models/RailingWall_Three.fbx using Guid(784b216949d2f064d992fe9e7aa043ee) Importer(815301076,1909f56bfc062723c751e8b465ee728b)  -> (artifact id: 'ae2ec7ac8dbcd86feac03c471a369b71') in 1.557663 seconds
Internal: There are remaining Allocations on the JobTempAlloc. This is a leak, and will impact performance
To Debug, run app with -diag-job-temp-memory-leak-validation cmd line argument. This will output the callstacks of the leaked allocations.
Number of updated asset objects reloaded before import = 0
Number of asset objects unloaded after import = 14
========================================================================
Received Import Request.
  Time since last request: 0.000022 seconds.
  path: Assets/Grim/Sci Fi Research Center/Models/Refrigerator_One.fbx
  artifactKey: Guid(11bc7e4c288782b4e8c83aa2bd66a083) Importer(815301076,1909f56bfc062723c751e8b465ee728b)
Start importing Assets/Grim/Sci Fi Research Center/Models/Refrigerator_One.fbx using Guid(11bc7e4c288782b4e8c83aa2bd66a083) Importer(815301076,1909f56bfc062723c751e8b465ee728b)  -> (artifact id: '6dc7d136e76305c30fe7af032752c0d7') in 0.903696 seconds
Internal: There are remaining Allocations on the JobTempAlloc. This is a leak, and will impact performance
To Debug, run app with -diag-job-temp-memory-leak-validation cmd line argument. This will output the callstacks of the leaked allocations.
Number of updated asset objects reloaded before import = 0
Number of asset objects unloaded after import = 19
========================================================================
Received Import Request.
  Time since last request: 0.000034 seconds.
  path: Assets/Grim/Sci Fi Research Center/Models/Teleporter_One.fbx
  artifactKey: Guid(9b17d7c4badb8894dbd0d5d3a336d936) Importer(815301076,1909f56bfc062723c751e8b465ee728b)
Start importing Assets/Grim/Sci Fi Research Center/Models/Teleporter_One.fbx using Guid(9b17d7c4badb8894dbd0d5d3a336d936) Importer(815301076,1909f56bfc062723c751e8b465ee728b)  -> (artifact id: 'db9fec062fe149eaadc0c41729f232e2') in 0.846247 seconds
Internal: There are remaining Allocations on the JobTempAlloc. This is a leak, and will impact performance
To Debug, run app with -diag-job-temp-memory-leak-validation cmd line argument. This will output the callstacks of the leaked allocations.
Number of updated asset objects reloaded before import = 0
Number of asset objects unloaded after import = 19
========================================================================
Received Import Request.
  Time since last request: 0.000027 seconds.
  path: Assets/Grim/Sci Fi Research Center/Models/WallTop_Two.fbx
  artifactKey: Guid(c62cabacfe8acc14db0c9a82ac2bacc4) Importer(815301076,1909f56bfc062723c751e8b465ee728b)
Start importing Assets/Grim/Sci Fi Research Center/Models/WallTop_Two.fbx using Guid(c62cabacfe8acc14db0c9a82ac2bacc4) Importer(815301076,1909f56bfc062723c751e8b465ee728b)  -> (artifact id: 'df5fd4f7a074453a83da764f2f671da0') in 0.873379 seconds
Internal: There are remaining Allocations on the JobTempAlloc. This is a leak, and will impact performance
To Debug, run app with -diag-job-temp-memory-leak-validation cmd line argument. This will output the callstacks of the leaked allocations.
Number of updated asset objects reloaded before import = 0
Number of asset objects unloaded after import = 14
========================================================================
Received Import Request.
  Time since last request: 0.000078 seconds.
  path: Assets/Grim/Sci Fi Research Center/Models/Sigh_One.fbx
  artifactKey: Guid(5e1971757c9d47441aeb0b1db1f680f5) Importer(815301076,1909f56bfc062723c751e8b465ee728b)
Start importing Assets/Grim/Sci Fi Research Center/Models/Sigh_One.fbx using Guid(5e1971757c9d47441aeb0b1db1f680f5) Importer(815301076,1909f56bfc062723c751e8b465ee728b)  -> (artifact id: '0461033280e1d05223053d18caea41f6') in 0.425494 seconds
Internal: There are remaining Allocations on the JobTempAlloc. This is a leak, and will impact performance
To Debug, run app with -diag-job-temp-memory-leak-validation cmd line argument. This will output the callstacks of the leaked allocations.
Number of updated asset objects reloaded before import = 0
Number of asset objects unloaded after import = 12
========================================================================
Received Import Request.
  Time since last request: 0.000016 seconds.
  path: Assets/Grim/Sci Fi Research Center/Models/Screen_Two.fbx
  artifactKey: Guid(030003b0e9bc7e34eb0a281aaa8d88aa) Importer(815301076,1909f56bfc062723c751e8b465ee728b)
Start importing Assets/Grim/Sci Fi Research Center/Models/Screen_Two.fbx using Guid(030003b0e9bc7e34eb0a281aaa8d88aa) Importer(815301076,1909f56bfc062723c751e8b465ee728b)  -> (artifact id: '0eccb2b5c453d03bf82ec957e588d2eb') in 0.804347 seconds
Internal: There are remaining Allocations on the JobTempAlloc. This is a leak, and will impact performance
To Debug, run app with -diag-job-temp-memory-leak-validation cmd line argument. This will output the callstacks of the leaked allocations.
Number of updated asset objects reloaded before import = 0
Number of asset objects unloaded after import = 13
========================================================================
Received Import Request.
  Time since last request: 0.000040 seconds.
  path: Assets/Grim/Sci Fi Research Center/Models/Sigh_Five.fbx
  artifactKey: Guid(0345ac1ff8b81034abfba72f4b3862e4) Importer(815301076,1909f56bfc062723c751e8b465ee728b)
Start importing Assets/Grim/Sci Fi Research Center/Models/Sigh_Five.fbx using Guid(0345ac1ff8b81034abfba72f4b3862e4) Importer(815301076,1909f56bfc062723c751e8b465ee728b)  -> (artifact id: 'b0d5d67bcd7fe62ecb7313ae33ee8375') in 0.091955 seconds
Internal: There are remaining Allocations on the JobTempAlloc. This is a leak, and will impact performance
To Debug, run app with -diag-job-temp-memory-leak-validation cmd line argument. This will output the callstacks of the leaked allocations.
Number of updated asset objects reloaded before import = 0
Number of asset objects unloaded after import = 12
========================================================================
Received Import Request.
  Time since last request: 0.000013 seconds.
  path: Assets/Grim/Sci Fi Research Center/Models/Wall_Four.fbx
  artifactKey: Guid(c73c3637cb4bc88459791ff49e18081e) Importer(815301076,1909f56bfc062723c751e8b465ee728b)
Start importing Assets/Grim/Sci Fi Research Center/Models/Wall_Four.fbx using Guid(c73c3637cb4bc88459791ff49e18081e) Importer(815301076,1909f56bfc062723c751e8b465ee728b)  -> (artifact id: '472f482a8cafa77c6a2972851e85dc7c') in 1.082071 seconds
Internal: There are remaining Allocations on the JobTempAlloc. This is a leak, and will impact performance
To Debug, run app with -diag-job-temp-memory-leak-validation cmd line argument. This will output the callstacks of the leaked allocations.
Number of updated asset objects reloaded before import = 0
Number of asset objects unloaded after import = 20
========================================================================
Received Import Request.
  Time since last request: 0.004772 seconds.
  path: Assets/Grim/Sci Fi Research Center/Models/StairsWallLeft_One.fbx
  artifactKey: Guid(2f0a73a629cd5a545b52d86e39c9cd40) Importer(815301076,1909f56bfc062723c751e8b465ee728b)
Start importing Assets/Grim/Sci Fi Research Center/Models/StairsWallLeft_One.fbx using Guid(2f0a73a629cd5a545b52d86e39c9cd40) Importer(815301076,1909f56bfc062723c751e8b465ee728b)  -> (artifact id: '258c207cfaf5ad87f53ee5c7137b5feb') in 1.304648 seconds
Internal: There are remaining Allocations on the JobTempAlloc. This is a leak, and will impact performance
To Debug, run app with -diag-job-temp-memory-leak-validation cmd line argument. This will output the callstacks of the leaked allocations.
Number of updated asset objects reloaded before import = 0
Number of asset objects unloaded after import = 14
========================================================================
Received Import Request.
  Time since last request: 0.000032 seconds.
  path: Assets/Grim/Sci Fi Research Center/Models/Wall_Seven.fbx
  artifactKey: Guid(7eda359fb43ed9d40a40ef283431c806) Importer(815301076,1909f56bfc062723c751e8b465ee728b)
Start importing Assets/Grim/Sci Fi Research Center/Models/Wall_Seven.fbx using Guid(7eda359fb43ed9d40a40ef283431c806) Importer(815301076,1909f56bfc062723c751e8b465ee728b)  -> (artifact id: 'b759fc86f217a4001d2801615ec631a4') in 1.230128 seconds
Internal: There are remaining Allocations on the JobTempAlloc. This is a leak, and will impact performance
To Debug, run app with -diag-job-temp-memory-leak-validation cmd line argument. This will output the callstacks of the leaked allocations.
Number of updated asset objects reloaded before import = 0
Number of asset objects unloaded after import = 14
========================================================================
Received Import Request.
  Time since last request: 0.000097 seconds.
  path: Assets/Grim/Sci Fi Research Center/Models/Tap_One.fbx
  artifactKey: Guid(325a9c2df2933a44b9ba3ce9e0abc1fe) Importer(815301076,1909f56bfc062723c751e8b465ee728b)
Start importing Assets/Grim/Sci Fi Research Center/Models/Tap_One.fbx using Guid(325a9c2df2933a44b9ba3ce9e0abc1fe) Importer(815301076,1909f56bfc062723c751e8b465ee728b)  -> (artifact id: 'cb7c83b81253c222ced5835231d036cc') in 1.633914 seconds
Internal: There are remaining Allocations on the JobTempAlloc. This is a leak, and will impact performance
To Debug, run app with -diag-job-temp-memory-leak-validation cmd line argument. This will output the callstacks of the leaked allocations.
Number of updated asset objects reloaded before import = 0
Number of asset objects unloaded after import = 13
========================================================================
Received Import Request.
  Time since last request: 0.000054 seconds.
  path: Assets/Grim/Sci Fi Research Center/Models/WallTop_One.fbx
  artifactKey: Guid(f42f48dfe6b072145bb25b6407d2568c) Importer(815301076,1909f56bfc062723c751e8b465ee728b)
Start importing Assets/Grim/Sci Fi Research Center/Models/WallTop_One.fbx using Guid(f42f48dfe6b072145bb25b6407d2568c) Importer(815301076,1909f56bfc062723c751e8b465ee728b)  -> (artifact id: '9c210f2634d0ef719241de79bde56fa9') in 1.359971 seconds
Internal: There are remaining Allocations on the JobTempAlloc. This is a leak, and will impact performance
To Debug, run app with -diag-job-temp-memory-leak-validation cmd line argument. This will output the callstacks of the leaked allocations.
Number of updated asset objects reloaded before import = 0
Number of asset objects unloaded after import = 14
========================================================================
Received Import Request.
  Time since last request: 0.000043 seconds.
  path: Assets/Grim/Sci Fi Research Center/Models/StairsFloorTile_One.fbx
  artifactKey: Guid(6ab097e2ed49a13459e3b7a585aa89dd) Importer(815301076,1909f56bfc062723c751e8b465ee728b)
Start importing Assets/Grim/Sci Fi Research Center/Models/StairsFloorTile_One.fbx using Guid(6ab097e2ed49a13459e3b7a585aa89dd) Importer(815301076,1909f56bfc062723c751e8b465ee728b)  -> (artifact id: '45ab73f07bf91c05d63e5eaa4ee70e0a') in 1.168145 seconds
Internal: There are remaining Allocations on the JobTempAlloc. This is a leak, and will impact performance
To Debug, run app with -diag-job-temp-memory-leak-validation cmd line argument. This will output the callstacks of the leaked allocations.
Number of updated asset objects reloaded before import = 0
Number of asset objects unloaded after import = 14
========================================================================
Received Import Request.
  Time since last request: 0.000030 seconds.
  path: Assets/Grim/Sci Fi Research Center/Models/Vent_Four.fbx
  artifactKey: Guid(7a91cb99de3b7c94bb7df482ad2e2ad7) Importer(815301076,1909f56bfc062723c751e8b465ee728b)
Start importing Assets/Grim/Sci Fi Research Center/Models/Vent_Four.fbx using Guid(7a91cb99de3b7c94bb7df482ad2e2ad7) Importer(815301076,1909f56bfc062723c751e8b465ee728b)  -> (artifact id: 'aec92548af953fbef3b816776b3fec31') in 1.669664 seconds
Internal: There are remaining Allocations on the JobTempAlloc. This is a leak, and will impact performance
To Debug, run app with -diag-job-temp-memory-leak-validation cmd line argument. This will output the callstacks of the leaked allocations.
Number of updated asset objects reloaded before import = 0
Number of asset objects unloaded after import = 14
========================================================================
Received Import Request.
  Time since last request: 0.000033 seconds.
  path: Assets/Grim/Sci Fi Research Center/Models/Wall_OneB.fbx
  artifactKey: Guid(1cad8d7997f221f45bf4fc60a722e994) Importer(815301076,1909f56bfc062723c751e8b465ee728b)
Start importing Assets/Grim/Sci Fi Research Center/Models/Wall_OneB.fbx using Guid(1cad8d7997f221f45bf4fc60a722e994) Importer(815301076,1909f56bfc062723c751e8b465ee728b)  -> (artifact id: 'fd68919fb8089d34df0f9f57cea01597') in 1.956547 seconds
Internal: There are remaining Allocations on the JobTempAlloc. This is a leak, and will impact performance
To Debug, run app with -diag-job-temp-memory-leak-validation cmd line argument. This will output the callstacks of the leaked allocations.
Number of updated asset objects reloaded before import = 0
Number of asset objects unloaded after import = 14
========================================================================
Received Import Request.
  Time since last request: 0.000031 seconds.
  path: Assets/Grim/Sci Fi Research Center/Models/WallLight_Three.fbx
  artifactKey: Guid(6cad99e5739e51e4ca7f625fa09e45e0) Importer(815301076,1909f56bfc062723c751e8b465ee728b)
Start importing Assets/Grim/Sci Fi Research Center/Models/WallLight_Three.fbx using Guid(6cad99e5739e51e4ca7f625fa09e45e0) Importer(815301076,1909f56bfc062723c751e8b465ee728b)  -> (artifact id: 'ee6abb7b46943ea63b467b70edfc9f96') in 1.558807 seconds
Internal: There are remaining Allocations on the JobTempAlloc. This is a leak, and will impact performance
To Debug, run app with -diag-job-temp-memory-leak-validation cmd line argument. This will output the callstacks of the leaked allocations.
Number of updated asset objects reloaded before import = 0
Number of asset objects unloaded after import = 20
========================================================================
Received Import Request.
  Time since last request: 0.000036 seconds.
  path: Assets/Grim/Sci Fi Research Center/Models/WallCornerTop_Two.fbx
  artifactKey: Guid(ae0e12b25c485404483cae50d5f00c58) Importer(815301076,1909f56bfc062723c751e8b465ee728b)
Start importing Assets/Grim/Sci Fi Research Center/Models/WallCornerTop_Two.fbx using Guid(ae0e12b25c485404483cae50d5f00c58) Importer(815301076,1909f56bfc062723c751e8b465ee728b)  -> (artifact id: '8d085d5dc3ad468cb077af61dc2c09c0') in 1.211458 seconds
Internal: There are remaining Allocations on the JobTempAlloc. This is a leak, and will impact performance
To Debug, run app with -diag-job-temp-memory-leak-validation cmd line argument. This will output the callstacks of the leaked allocations.
Number of updated asset objects reloaded before import = 0
Number of asset objects unloaded after import = 14
========================================================================
Received Import Request.
  Time since last request: 518.266378 seconds.
  path: Assets/Prefabs/Player.prefab
  artifactKey: Guid(98a30b04f0b70dd4f912aa557b6ad588) Importer(815301076,1909f56bfc062723c751e8b465ee728b)
Start importing Assets/Prefabs/Player.prefab using Guid(98a30b04f0b70dd4f912aa557b6ad588) Importer(815301076,1909f56bfc062723c751e8b465ee728b)  -> (artifact id: '73743b99c4ada9487877f8b315239727') in 0.084667 seconds
Internal: There are remaining Allocations on the JobTempAlloc. This is a leak, and will impact performance
To Debug, run app with -diag-job-temp-memory-leak-validation cmd line argument. This will output the callstacks of the leaked allocations.
Number of updated asset objects reloaded before import = 0
Number of asset objects unloaded after import = 202
========================================================================
Received Import Request.
  Time since last request: 11.716399 seconds.
  path: Assets/Prefabs/SpawnerDoor.prefab
  artifactKey: Guid(2d5671d78fe06524c8d1f549e910f58e) Importer(815301076,1909f56bfc062723c751e8b465ee728b)
Start importing Assets/Prefabs/SpawnerDoor.prefab using Guid(2d5671d78fe06524c8d1f549e910f58e) Importer(815301076,1909f56bfc062723c751e8b465ee728b)  -> (artifact id: 'd0798cdff1a75c5570ee489b948a25f3') in 1.004430 seconds
Internal: There are remaining Allocations on the JobTempAlloc. This is a leak, and will impact performance
To Debug, run app with -diag-job-temp-memory-leak-validation cmd line argument. This will output the callstacks of the leaked allocations.
Number of updated asset objects reloaded before import = 0
Number of asset objects unloaded after import = 26
========================================================================
Received Prepare
Begin MonoManager ReloadAssembly
Internal: deleting an allocation that is older than its permitted lifetime of 4 frames (age = 13)
Internal: deleting an allocation that is older than its permitted lifetime of 4 frames (age = 13)
Symbol file LoadedFromMemory doesn't match image E:\Work\CodeGym\CGO-Shooter\Library\PackageCache\com.unity.visualscripting@1.8.0\Editor\VisualScripting.Core\Dependencies\YamlDotNet\Unity.VisualScripting.YamlDotNet.dll
Symbol file LoadedFromMemory doesn't match image E:\Work\CodeGym\CGO-Shooter\Library\PackageCache\com.unity.visualscripting@1.8.0\Editor\VisualScripting.Core\Dependencies\DotNetZip\Unity.VisualScripting.IonicZip.dll
- Loaded All Assemblies, in  0.549 seconds
Refreshing native plugins compatible for Editor in 1.95 ms, found 3 plugins.
Native extension for WindowsStandalone target not found
Native extension for Android target not found
Mono: successfully reloaded assembly
- Finished resetting the current domain, in  0.681 seconds
Domain Reload Profiling: 1230ms
	BeginReloadAssembly (136ms)
		ExecutionOrderSort (0ms)
		DisableScriptedObjects (4ms)
		BackupInstance (0ms)
		ReleaseScriptingObjects (0ms)
		CreateAndSetChildDomain (35ms)
	RebuildCommonClasses (25ms)
	RebuildNativeTypeToScriptingClass (8ms)
	initialDomainReloadingComplete (20ms)
	LoadAllAssembliesAndSetupDomain (361ms)
		LoadAssemblies (203ms)
		RebuildTransferFunctionScriptingTraits (0ms)
		AnalyzeDomain (226ms)
			TypeCache.Refresh (223ms)
				TypeCache.ScanAssembly (210ms)
			ScanForSourceGeneratedMonoScriptInfo (0ms)
			ResolveRequiredComponents (3ms)
	FinalizeReload (682ms)
		ReleaseScriptCaches (0ms)
		RebuildScriptCaches (0ms)
		SetupLoadedEditorAssemblies (286ms)
			LogAssemblyErrors (0ms)
			InitializePlatformSupportModulesInManaged (20ms)
			SetLoadedEditorAssemblies (4ms)
			RefreshPlugins (0ms)
			BeforeProcessingInitializeOnLoad (50ms)
			ProcessInitializeOnLoadAttributes (193ms)
			ProcessInitializeOnLoadMethodAttributes (18ms)
			AfterProcessingInitializeOnLoad (2ms)
			EditorAssembliesLoaded (0ms)
		ExecutionOrderSort2 (0ms)
		AwakeInstancesAfterBackupRestoration (5ms)
Refreshing native plugins compatible for Editor in 2.59 ms, found 3 plugins.
Preloading 0 native plugins for Editor in 0.00 ms.
Unloading 3061 Unused Serialized files (Serialized files now loaded: 0)
Unloading 22 unused Assets / (30.6 KB). Loaded Objects now: 3553.
Memory consumption went from 122.2 MB to 122.1 MB.
Total: 3.468300 ms (FindLiveObjects: 0.230900 ms CreateObjectMapping: 0.146500 ms MarkObjects: 3.030900 ms  DeleteObjects: 0.058600 ms)

Prepare: number of updated asset objects reloaded= 0
AssetImportParameters requested are different than current active one (requested -> active):
  custom:container-demuxer-ogg: 62fdf1f143b41e24485cea50d1cbac27 -> 
  custom:video-decoder-ogg-theora: a1e56fd34408186e4bbccfd4996cb3dc -> 
  custom:framework-win-MediaFoundation: 216162199b28c13a410421893ffa2e32 -> 
  custom:container-demuxer-webm: 4f35f7cbe854078d1ac9338744f61a02 -> 
  custom:container-muxer-webm: aa71ff27fc2769a1b78a27578f13a17b -> 
  custom:video-decoder-webm-vp8: 9c59270c3fd7afecdb556c50c9e8de78 -> 
  custom:AudioImporter_EditorPlatform: d09bf68614088b80899f8185d706f6e7 -> 
  custom:video-encoder-webm-vp8: eb34c28f22e8b96e1ab97ce403110664 -> 
  custom:audio-decoder-ogg-vorbis: bf7c407c2cedff20999df2af8eb42d56 -> 
  custom:audio-encoder-webm-vorbis: bf7c407c2cedff20999df2af8eb42d56 -> 
========================================================================
Received Import Request.
  Time since last request: 306.510540 seconds.
  path: Assets/Scripts/EnemySpawner.cs
  artifactKey: Guid(9703d3c610b4fc34aad40a2150f1b954) Importer(815301076,1909f56bfc062723c751e8b465ee728b)
Start importing Assets/Scripts/EnemySpawner.cs using Guid(9703d3c610b4fc34aad40a2150f1b954) Importer(815301076,1909f56bfc062723c751e8b465ee728b)  -> (artifact id: 'f71459a3442f82e48d961a11a161e8b4') in 0.003990 seconds
Number of updated asset objects reloaded before import = 0
Number of asset objects unloaded after import = 0
========================================================================
Received Prepare
Begin MonoManager ReloadAssembly
Symbol file LoadedFromMemory doesn't match image E:\Work\CodeGym\CGO-Shooter\Library\PackageCache\com.unity.visualscripting@1.8.0\Editor\VisualScripting.Core\Dependencies\YamlDotNet\Unity.VisualScripting.YamlDotNet.dll
Symbol file LoadedFromMemory doesn't match image E:\Work\CodeGym\CGO-Shooter\Library\PackageCache\com.unity.visualscripting@1.8.0\Editor\VisualScripting.Core\Dependencies\DotNetZip\Unity.VisualScripting.IonicZip.dll
- Loaded All Assemblies, in  0.545 seconds
Refreshing native plugins compatible for Editor in 1.95 ms, found 3 plugins.
Native extension for WindowsStandalone target not found
Native extension for Android target not found
Mono: successfully reloaded assembly
- Finished resetting the current domain, in  0.623 seconds
Domain Reload Profiling: 1167ms
	BeginReloadAssembly (140ms)
		ExecutionOrderSort (0ms)
		DisableScriptedObjects (5ms)
		BackupInstance (0ms)
		ReleaseScriptingObjects (0ms)
		CreateAndSetChildDomain (34ms)
	RebuildCommonClasses (26ms)
	RebuildNativeTypeToScriptingClass (8ms)
	initialDomainReloadingComplete (21ms)
	LoadAllAssembliesAndSetupDomain (349ms)
		LoadAssemblies (221ms)
		RebuildTransferFunctionScriptingTraits (0ms)
		AnalyzeDomain (203ms)
			TypeCache.Refresh (199ms)
				TypeCache.ScanAssembly (188ms)
			ScanForSourceGeneratedMonoScriptInfo (2ms)
			ResolveRequiredComponents (3ms)
	FinalizeReload (623ms)
		ReleaseScriptCaches (0ms)
		RebuildScriptCaches (0ms)
		SetupLoadedEditorAssemblies (233ms)
			LogAssemblyErrors (0ms)
			InitializePlatformSupportModulesInManaged (16ms)
			SetLoadedEditorAssemblies (3ms)
			RefreshPlugins (0ms)
			BeforeProcessingInitializeOnLoad (41ms)
			ProcessInitializeOnLoadAttributes (157ms)
			ProcessInitializeOnLoadMethodAttributes (14ms)
			AfterProcessingInitializeOnLoad (2ms)
			EditorAssembliesLoaded (0ms)
		ExecutionOrderSort2 (0ms)
		AwakeInstancesAfterBackupRestoration (4ms)
Refreshing native plugins compatible for Editor in 2.23 ms, found 3 plugins.
Preloading 0 native plugins for Editor in 0.00 ms.
Unloading 3062 Unused Serialized files (Serialized files now loaded: 0)
Unloading 22 unused Assets / (30.7 KB). Loaded Objects now: 3557.
Memory consumption went from 122.2 MB to 122.1 MB.
Total: 2.594800 ms (FindLiveObjects: 0.236200 ms CreateObjectMapping: 0.081600 ms MarkObjects: 2.236100 ms  DeleteObjects: 0.040300 ms)

Prepare: number of updated asset objects reloaded= 0
AssetImportParameters requested are different than current active one (requested -> active):
  custom:container-demuxer-ogg: 62fdf1f143b41e24485cea50d1cbac27 -> 
  custom:video-decoder-ogg-theora: a1e56fd34408186e4bbccfd4996cb3dc -> 
  custom:framework-win-MediaFoundation: 216162199b28c13a410421893ffa2e32 -> 
  custom:container-demuxer-webm: 4f35f7cbe854078d1ac9338744f61a02 -> 
  custom:container-muxer-webm: aa71ff27fc2769a1b78a27578f13a17b -> 
  custom:video-decoder-webm-vp8: 9c59270c3fd7afecdb556c50c9e8de78 -> 
  custom:AudioImporter_EditorPlatform: d09bf68614088b80899f8185d706f6e7 -> 
  custom:video-encoder-webm-vp8: eb34c28f22e8b96e1ab97ce403110664 -> 
  custom:audio-decoder-ogg-vorbis: bf7c407c2cedff20999df2af8eb42d56 -> 
  custom:audio-encoder-webm-vorbis: bf7c407c2cedff20999df2af8eb42d56 -> 
========================================================================
Received Import Request.
  Time since last request: 4.335978 seconds.
  path: Assets/Scripts/EnemySpawner.cs
  artifactKey: Guid(9703d3c610b4fc34aad40a2150f1b954) Importer(815301076,1909f56bfc062723c751e8b465ee728b)
Start importing Assets/Scripts/EnemySpawner.cs using Guid(9703d3c610b4fc34aad40a2150f1b954) Importer(815301076,1909f56bfc062723c751e8b465ee728b)  -> (artifact id: '1cd820d545e4a1070ee1ec8375986449') in 0.001922 seconds
Number of updated asset objects reloaded before import = 0
Number of asset objects unloaded after import = 0
========================================================================
Received Import Request.
  Time since last request: 69.382095 seconds.
  path: Assets/Scripts/EnemySpawner.cs
  artifactKey: Guid(9703d3c610b4fc34aad40a2150f1b954) Importer(815301076,1909f56bfc062723c751e8b465ee728b)
Start importing Assets/Scripts/EnemySpawner.cs using Guid(9703d3c610b4fc34aad40a2150f1b954) Importer(815301076,1909f56bfc062723c751e8b465ee728b)  -> (artifact id: 'cd0c630ccdebd609f14c520702c7e518') in 0.000480 seconds
Number of updated asset objects reloaded before import = 0
Number of asset objects unloaded after import = 0
========================================================================
Received Prepare
Begin MonoManager ReloadAssembly
Symbol file LoadedFromMemory doesn't match image E:\Work\CodeGym\CGO-Shooter\Library\PackageCache\com.unity.visualscripting@1.8.0\Editor\VisualScripting.Core\Dependencies\YamlDotNet\Unity.VisualScripting.YamlDotNet.dll
Symbol file LoadedFromMemory doesn't match image E:\Work\CodeGym\CGO-Shooter\Library\PackageCache\com.unity.visualscripting@1.8.0\Editor\VisualScripting.Core\Dependencies\DotNetZip\Unity.VisualScripting.IonicZip.dll
- Loaded All Assemblies, in  0.531 seconds
Refreshing native plugins compatible for Editor in 2.23 ms, found 3 plugins.
Native extension for WindowsStandalone target not found
Native extension for Android target not found
Mono: successfully reloaded assembly
- Finished resetting the current domain, in  0.646 seconds
Domain Reload Profiling: 1177ms
	BeginReloadAssembly (133ms)
		ExecutionOrderSort (0ms)
		DisableScriptedObjects (5ms)
		BackupInstance (0ms)
		ReleaseScriptingObjects (0ms)
		CreateAndSetChildDomain (34ms)
	RebuildCommonClasses (25ms)
	RebuildNativeTypeToScriptingClass (8ms)
	initialDomainReloadingComplete (21ms)
	LoadAllAssembliesAndSetupDomain (344ms)
		LoadAssemblies (212ms)
		RebuildTransferFunctionScriptingTraits (0ms)
		AnalyzeDomain (198ms)
			TypeCache.Refresh (194ms)
				TypeCache.ScanAssembly (185ms)
			ScanForSourceGeneratedMonoScriptInfo (2ms)
			ResolveRequiredComponents (3ms)
	FinalizeReload (647ms)
		ReleaseScriptCaches (0ms)
		RebuildScriptCaches (0ms)
		SetupLoadedEditorAssemblies (235ms)
			LogAssemblyErrors (0ms)
			InitializePlatformSupportModulesInManaged (16ms)
			SetLoadedEditorAssemblies (3ms)
			RefreshPlugins (0ms)
			BeforeProcessingInitializeOnLoad (41ms)
			ProcessInitializeOnLoadAttributes (158ms)
			ProcessInitializeOnLoadMethodAttributes (14ms)
			AfterProcessingInitializeOnLoad (2ms)
			EditorAssembliesLoaded (0ms)
		ExecutionOrderSort2 (0ms)
		AwakeInstancesAfterBackupRestoration (4ms)
Refreshing native plugins compatible for Editor in 2.32 ms, found 3 plugins.
Preloading 0 native plugins for Editor in 0.00 ms.
Unloading 3062 Unused Serialized files (Serialized files now loaded: 0)
Unloading 22 unused Assets / (30.6 KB). Loaded Objects now: 3560.
Memory consumption went from 122.2 MB to 122.1 MB.
Total: 3.082700 ms (FindLiveObjects: 0.452200 ms CreateObjectMapping: 0.222700 ms MarkObjects: 2.361100 ms  DeleteObjects: 0.045300 ms)

Prepare: number of updated asset objects reloaded= 0
AssetImportParameters requested are different than current active one (requested -> active):
  custom:container-demuxer-ogg: 62fdf1f143b41e24485cea50d1cbac27 -> 
  custom:video-decoder-ogg-theora: a1e56fd34408186e4bbccfd4996cb3dc -> 
  custom:framework-win-MediaFoundation: 216162199b28c13a410421893ffa2e32 -> 
  custom:container-demuxer-webm: 4f35f7cbe854078d1ac9338744f61a02 -> 
  custom:container-muxer-webm: aa71ff27fc2769a1b78a27578f13a17b -> 
  custom:video-decoder-webm-vp8: 9c59270c3fd7afecdb556c50c9e8de78 -> 
  custom:AudioImporter_EditorPlatform: d09bf68614088b80899f8185d706f6e7 -> 
  custom:video-encoder-webm-vp8: eb34c28f22e8b96e1ab97ce403110664 -> 
  custom:audio-decoder-ogg-vorbis: bf7c407c2cedff20999df2af8eb42d56 -> 
  custom:audio-encoder-webm-vorbis: bf7c407c2cedff20999df2af8eb42d56 -> 
========================================================================
Received Import Request.
  Time since last request: 151.897177 seconds.
  path: ProjectSettings/TagManager.asset
  artifactKey: Guid(00000000000000003000000000000000) Importer(815301076,1909f56bfc062723c751e8b465ee728b)
Start importing ProjectSettings/TagManager.asset using Guid(00000000000000003000000000000000) Importer(815301076,1909f56bfc062723c751e8b465ee728b)  -> (artifact id: '6b9326e97e2461385864aa44f9e28ada') in 0.008762 seconds
Number of updated asset objects reloaded before import = 0
Number of asset objects unloaded after import = 0
========================================================================
Received Import Request.
  Time since last request: 10.746712 seconds.
  path: ProjectSettings/TagManager.asset
  artifactKey: Guid(00000000000000003000000000000000) Importer(815301076,1909f56bfc062723c751e8b465ee728b)
Start importing ProjectSettings/TagManager.asset using Guid(00000000000000003000000000000000) Importer(815301076,1909f56bfc062723c751e8b465ee728b)  -> (artifact id: '46c3ea3336cd7165fa92998acaa85406') in 0.000626 seconds
Number of updated asset objects reloaded before import = 0
Number of asset objects unloaded after import = 0
========================================================================
Received Import Request.
  Time since last request: 185.910680 seconds.
  path: Assets/Animations/Player.controller
  artifactKey: Guid(436eea6ac2ef54043964c77035cfb320) Importer(815301076,1909f56bfc062723c751e8b465ee728b)
Start importing Assets/Animations/Player.controller using Guid(436eea6ac2ef54043964c77035cfb320) Importer(815301076,1909f56bfc062723c751e8b465ee728b)  -> (artifact id: 'a3a2f39f7d9bea2f31ef009d0463a189') in 0.002440 seconds
Number of updated asset objects reloaded before import = 0
Number of asset objects unloaded after import = 5
========================================================================
Received Prepare
Begin MonoManager ReloadAssembly
Symbol file LoadedFromMemory doesn't match image E:\Work\CodeGym\CGO-Shooter\Library\PackageCache\com.unity.visualscripting@1.8.0\Editor\VisualScripting.Core\Dependencies\YamlDotNet\Unity.VisualScripting.YamlDotNet.dll
Symbol file LoadedFromMemory doesn't match image E:\Work\CodeGym\CGO-Shooter\Library\PackageCache\com.unity.visualscripting@1.8.0\Editor\VisualScripting.Core\Dependencies\DotNetZip\Unity.VisualScripting.IonicZip.dll
- Loaded All Assemblies, in  0.511 seconds
Refreshing native plugins compatible for Editor in 2.30 ms, found 3 plugins.
Native extension for WindowsStandalone target not found
Native extension for Android target not found
Mono: successfully reloaded assembly
- Finished resetting the current domain, in  0.667 seconds
Domain Reload Profiling: 1178ms
	BeginReloadAssembly (129ms)
		ExecutionOrderSort (0ms)
		DisableScriptedObjects (4ms)
		BackupInstance (0ms)
		ReleaseScriptingObjects (0ms)
		CreateAndSetChildDomain (35ms)
	RebuildCommonClasses (28ms)
	RebuildNativeTypeToScriptingClass (8ms)
	initialDomainReloadingComplete (20ms)
	LoadAllAssembliesAndSetupDomain (324ms)
		LoadAssemblies (204ms)
		RebuildTransferFunctionScriptingTraits (0ms)
		AnalyzeDomain (183ms)
			TypeCache.Refresh (180ms)
				TypeCache.ScanAssembly (172ms)
			ScanForSourceGeneratedMonoScriptInfo (0ms)
			ResolveRequiredComponents (3ms)
	FinalizeReload (668ms)
		ReleaseScriptCaches (0ms)
		RebuildScriptCaches (0ms)
		SetupLoadedEditorAssemblies (279ms)
			LogAssemblyErrors (0ms)
			InitializePlatformSupportModulesInManaged (19ms)
			SetLoadedEditorAssemblies (5ms)
			RefreshPlugins (0ms)
			BeforeProcessingInitializeOnLoad (47ms)
			ProcessInitializeOnLoadAttributes (188ms)
			ProcessInitializeOnLoadMethodAttributes (17ms)
			AfterProcessingInitializeOnLoad (3ms)
			EditorAssembliesLoaded (0ms)
		ExecutionOrderSort2 (0ms)
		AwakeInstancesAfterBackupRestoration (5ms)
Refreshing native plugins compatible for Editor in 2.53 ms, found 3 plugins.
Preloading 0 native plugins for Editor in 0.00 ms.
Unloading 3062 Unused Serialized files (Serialized files now loaded: 0)
Unloading 22 unused Assets / (30.6 KB). Loaded Objects now: 3563.
Memory consumption went from 122.2 MB to 122.2 MB.
Total: 2.937100 ms (FindLiveObjects: 0.223100 ms CreateObjectMapping: 0.086300 ms MarkObjects: 2.585000 ms  DeleteObjects: 0.041900 ms)

Prepare: number of updated asset objects reloaded= 0
AssetImportParameters requested are different than current active one (requested -> active):
  custom:container-demuxer-ogg: 62fdf1f143b41e24485cea50d1cbac27 -> 
  custom:video-decoder-ogg-theora: a1e56fd34408186e4bbccfd4996cb3dc -> 
  custom:framework-win-MediaFoundation: 216162199b28c13a410421893ffa2e32 -> 
  custom:container-demuxer-webm: 4f35f7cbe854078d1ac9338744f61a02 -> 
  custom:container-muxer-webm: aa71ff27fc2769a1b78a27578f13a17b -> 
  custom:video-decoder-webm-vp8: 9c59270c3fd7afecdb556c50c9e8de78 -> 
  custom:AudioImporter_EditorPlatform: d09bf68614088b80899f8185d706f6e7 -> 
  custom:video-encoder-webm-vp8: eb34c28f22e8b96e1ab97ce403110664 -> 
  custom:audio-decoder-ogg-vorbis: bf7c407c2cedff20999df2af8eb42d56 -> 
  custom:audio-encoder-webm-vorbis: bf7c407c2cedff20999df2af8eb42d56 -> 
========================================================================
Received Import Request.
  Time since last request: 65.982753 seconds.
  path: Assets/Animations/PlayerTop.mask
  artifactKey: Guid(b58b6688dca1ebf41ad2d07ad924cae7) Importer(815301076,1909f56bfc062723c751e8b465ee728b)
Start importing Assets/Animations/PlayerTop.mask using Guid(b58b6688dca1ebf41ad2d07ad924cae7) Importer(815301076,1909f56bfc062723c751e8b465ee728b)  -> (artifact id: '1ba1c67d978de535275b3ef1b69e91f3') in 0.009983 seconds
Number of updated asset objects reloaded before import = 0
Number of asset objects unloaded after import = 1
========================================================================
Received Import Request.
  Time since last request: 11.678562 seconds.
  path: Assets/Animations/Player.controller
  artifactKey: Guid(436eea6ac2ef54043964c77035cfb320) Importer(815301076,1909f56bfc062723c751e8b465ee728b)
Start importing Assets/Animations/Player.controller using Guid(436eea6ac2ef54043964c77035cfb320) Importer(815301076,1909f56bfc062723c751e8b465ee728b)  -> (artifact id: '9a16658f16ce2c4e42d195ee208a26e2') in 0.002319 seconds
Number of updated asset objects reloaded before import = 0
Number of asset objects unloaded after import = 5
========================================================================
Received Prepare
Begin MonoManager ReloadAssembly
Symbol file LoadedFromMemory doesn't match image E:\Work\CodeGym\CGO-Shooter\Library\PackageCache\com.unity.visualscripting@1.8.0\Editor\VisualScripting.Core\Dependencies\YamlDotNet\Unity.VisualScripting.YamlDotNet.dll
Symbol file LoadedFromMemory doesn't match image E:\Work\CodeGym\CGO-Shooter\Library\PackageCache\com.unity.visualscripting@1.8.0\Editor\VisualScripting.Core\Dependencies\DotNetZip\Unity.VisualScripting.IonicZip.dll
- Loaded All Assemblies, in  0.541 seconds
Refreshing native plugins compatible for Editor in 1.88 ms, found 3 plugins.
Native extension for WindowsStandalone target not found
Native extension for Android target not found
Mono: successfully reloaded assembly
- Finished resetting the current domain, in  0.690 seconds
Domain Reload Profiling: 1231ms
	BeginReloadAssembly (149ms)
		ExecutionOrderSort (0ms)
		DisableScriptedObjects (6ms)
		BackupInstance (0ms)
		ReleaseScriptingObjects (0ms)
		CreateAndSetChildDomain (35ms)
	RebuildCommonClasses (29ms)
	RebuildNativeTypeToScriptingClass (14ms)
	initialDomainReloadingComplete (29ms)
	LoadAllAssembliesAndSetupDomain (320ms)
		LoadAssemblies (215ms)
		RebuildTransferFunctionScriptingTraits (0ms)
		AnalyzeDomain (188ms)
			TypeCache.Refresh (185ms)
				TypeCache.ScanAssembly (175ms)
			ScanForSourceGeneratedMonoScriptInfo (0ms)
			ResolveRequiredComponents (3ms)
	FinalizeReload (690ms)
		ReleaseScriptCaches (0ms)
		RebuildScriptCaches (0ms)
		SetupLoadedEditorAssemblies (276ms)
			LogAssemblyErrors (0ms)
			InitializePlatformSupportModulesInManaged (20ms)
			SetLoadedEditorAssemblies (4ms)
			RefreshPlugins (0ms)
			BeforeProcessingInitializeOnLoad (48ms)
			ProcessInitializeOnLoadAttributes (186ms)
			ProcessInitializeOnLoadMethodAttributes (17ms)
			AfterProcessingInitializeOnLoad (2ms)
			EditorAssembliesLoaded (0ms)
		ExecutionOrderSort2 (0ms)
		AwakeInstancesAfterBackupRestoration (5ms)
Refreshing native plugins compatible for Editor in 2.23 ms, found 3 plugins.
Preloading 0 native plugins for Editor in 0.00 ms.
Unloading 3062 Unused Serialized files (Serialized files now loaded: 0)
Unloading 22 unused Assets / (30.6 KB). Loaded Objects now: 3566.
Memory consumption went from 122.2 MB to 122.2 MB.
Total: 3.135300 ms (FindLiveObjects: 0.282000 ms CreateObjectMapping: 0.163800 ms MarkObjects: 2.634200 ms  DeleteObjects: 0.054400 ms)

Prepare: number of updated asset objects reloaded= 0
AssetImportParameters requested are different than current active one (requested -> active):
  custom:container-demuxer-ogg: 62fdf1f143b41e24485cea50d1cbac27 -> 
  custom:video-decoder-ogg-theora: a1e56fd34408186e4bbccfd4996cb3dc -> 
  custom:framework-win-MediaFoundation: 216162199b28c13a410421893ffa2e32 -> 
  custom:container-demuxer-webm: 4f35f7cbe854078d1ac9338744f61a02 -> 
  custom:container-muxer-webm: aa71ff27fc2769a1b78a27578f13a17b -> 
  custom:video-decoder-webm-vp8: 9c59270c3fd7afecdb556c50c9e8de78 -> 
  custom:AudioImporter_EditorPlatform: d09bf68614088b80899f8185d706f6e7 -> 
  custom:video-encoder-webm-vp8: eb34c28f22e8b96e1ab97ce403110664 -> 
  custom:audio-decoder-ogg-vorbis: bf7c407c2cedff20999df2af8eb42d56 -> 
  custom:audio-encoder-webm-vorbis: bf7c407c2cedff20999df2af8eb42d56 -> 
========================================================================
Received Import Request.
  Time since last request: 34.872191 seconds.
  path: Assets/Animations/Player.controller
  artifactKey: Guid(436eea6ac2ef54043964c77035cfb320) Importer(815301076,1909f56bfc062723c751e8b465ee728b)
Start importing Assets/Animations/Player.controller using Guid(436eea6ac2ef54043964c77035cfb320) Importer(815301076,1909f56bfc062723c751e8b465ee728b)  -> (artifact id: '723e5219f3095e7b843669ae861ba03a') in 0.010464 seconds
Number of updated asset objects reloaded before import = 0
Number of asset objects unloaded after import = 8
========================================================================
Received Prepare
Begin MonoManager ReloadAssembly
Symbol file LoadedFromMemory doesn't match image E:\Work\CodeGym\CGO-Shooter\Library\PackageCache\com.unity.visualscripting@1.8.0\Editor\VisualScripting.Core\Dependencies\YamlDotNet\Unity.VisualScripting.YamlDotNet.dll
Symbol file LoadedFromMemory doesn't match image E:\Work\CodeGym\CGO-Shooter\Library\PackageCache\com.unity.visualscripting@1.8.0\Editor\VisualScripting.Core\Dependencies\DotNetZip\Unity.VisualScripting.IonicZip.dll
- Loaded All Assemblies, in  0.524 seconds
Refreshing native plugins compatible for Editor in 2.13 ms, found 3 plugins.
Native extension for WindowsStandalone target not found
Native extension for Android target not found
Mono: successfully reloaded assembly
- Finished resetting the current domain, in  0.684 seconds
Domain Reload Profiling: 1209ms
	BeginReloadAssembly (131ms)
		ExecutionOrderSort (0ms)
		DisableScriptedObjects (4ms)
		BackupInstance (0ms)
		ReleaseScriptingObjects (0ms)
		CreateAndSetChildDomain (31ms)
	RebuildCommonClasses (25ms)
	RebuildNativeTypeToScriptingClass (8ms)
	initialDomainReloadingComplete (25ms)
	LoadAllAssembliesAndSetupDomain (335ms)
		LoadAssemblies (205ms)
		RebuildTransferFunctionScriptingTraits (0ms)
		AnalyzeDomain (200ms)
			TypeCache.Refresh (197ms)
				TypeCache.ScanAssembly (187ms)
			ScanForSourceGeneratedMonoScriptInfo (0ms)
			ResolveRequiredComponents (3ms)
	FinalizeReload (685ms)
		ReleaseScriptCaches (0ms)
		RebuildScriptCaches (0ms)
		SetupLoadedEditorAssemblies (277ms)
			LogAssemblyErrors (0ms)
			InitializePlatformSupportModulesInManaged (19ms)
			SetLoadedEditorAssemblies (4ms)
			RefreshPlugins (0ms)
			BeforeProcessingInitializeOnLoad (47ms)
			ProcessInitializeOnLoadAttributes (188ms)
			ProcessInitializeOnLoadMethodAttributes (17ms)
			AfterProcessingInitializeOnLoad (2ms)
			EditorAssembliesLoaded (0ms)
		ExecutionOrderSort2 (0ms)
		AwakeInstancesAfterBackupRestoration (6ms)
Refreshing native plugins compatible for Editor in 2.14 ms, found 3 plugins.
Preloading 0 native plugins for Editor in 0.00 ms.
Unloading 3062 Unused Serialized files (Serialized files now loaded: 0)
Unloading 22 unused Assets / (30.7 KB). Loaded Objects now: 3569.
Memory consumption went from 122.2 MB to 122.2 MB.
Total: 3.202400 ms (FindLiveObjects: 0.342800 ms CreateObjectMapping: 0.153000 ms MarkObjects: 2.661700 ms  DeleteObjects: 0.044000 ms)

Prepare: number of updated asset objects reloaded= 0
AssetImportParameters requested are different than current active one (requested -> active):
  custom:container-demuxer-ogg: 62fdf1f143b41e24485cea50d1cbac27 -> 
  custom:video-decoder-ogg-theora: a1e56fd34408186e4bbccfd4996cb3dc -> 
  custom:framework-win-MediaFoundation: 216162199b28c13a410421893ffa2e32 -> 
  custom:container-demuxer-webm: 4f35f7cbe854078d1ac9338744f61a02 -> 
  custom:container-muxer-webm: aa71ff27fc2769a1b78a27578f13a17b -> 
  custom:video-decoder-webm-vp8: 9c59270c3fd7afecdb556c50c9e8de78 -> 
  custom:AudioImporter_EditorPlatform: d09bf68614088b80899f8185d706f6e7 -> 
  custom:video-encoder-webm-vp8: eb34c28f22e8b96e1ab97ce403110664 -> 
  custom:audio-decoder-ogg-vorbis: bf7c407c2cedff20999df2af8eb42d56 -> 
  custom:audio-encoder-webm-vorbis: bf7c407c2cedff20999df2af8eb42d56 -> 
