Using pre-set license
Built from '2022.3/release' branch; Version is '2022.3.0f1 (fb119bb0b476) revision 16454043'; Using compiler version '192829333'; Build Type 'Release'
OS: 'Windows 10  (10.0.19045) 64bit Professional' Language: 'en' Physical Memory: 32688 MB
BatchMode: 1, IsHumanControllingUs: 0, StartBugReporterOnCrash: 0, Is64bit: 1, IsPro: 1

COMMAND LINE ARGUMENTS:
D:\dev_ide\Unity\2022.3.0f1\Editor\Unity.exe
-adb2
-batchMode
-noUpm
-name
AssetImportWorker0
-projectPath
E:/Work/CodeGym/CGO-Shooter
-logFile
Logs/AssetImportWorker0.log
-srvPort
2745
Successfully changed project path to: E:/Work/CodeGym/CGO-Shooter
E:/Work/CodeGym/CGO-Shooter
[UnityMemory] Configuration Parameters - Can be set up in boot.config
    "memorysetup-bucket-allocator-granularity=16"
    "memorysetup-bucket-allocator-bucket-count=8"
    "memorysetup-bucket-allocator-block-size=33554432"
    "memorysetup-bucket-allocator-block-count=8"
    "memorysetup-main-allocator-block-size=16777216"
    "memorysetup-thread-allocator-block-size=16777216"
    "memorysetup-gfx-main-allocator-block-size=16777216"
    "memorysetup-gfx-thread-allocator-block-size=16777216"
    "memorysetup-cache-allocator-block-size=4194304"
    "memorysetup-typetree-allocator-block-size=2097152"
    "memorysetup-profiler-bucket-allocator-granularity=16"
    "memorysetup-profiler-bucket-allocator-bucket-count=8"
    "memorysetup-profiler-bucket-allocator-block-size=33554432"
    "memorysetup-profiler-bucket-allocator-block-count=8"
    "memorysetup-profiler-allocator-block-size=16777216"
    "memorysetup-profiler-editor-allocator-block-size=1048576"
    "memorysetup-temp-allocator-size-main=16777216"
    "memorysetup-job-temp-allocator-block-size=2097152"
    "memorysetup-job-temp-allocator-block-size-background=1048576"
    "memorysetup-job-temp-allocator-reduction-small-platforms=262144"
    "memorysetup-allocator-temp-initial-block-size-main=262144"
    "memorysetup-allocator-temp-initial-block-size-worker=262144"
    "memorysetup-temp-allocator-size-background-worker=32768"
    "memorysetup-temp-allocator-size-job-worker=262144"
    "memorysetup-temp-allocator-size-preload-manager=33554432"
    "memorysetup-temp-allocator-size-nav-mesh-worker=65536"
    "memorysetup-temp-allocator-size-audio-worker=65536"
    "memorysetup-temp-allocator-size-cloud-worker=32768"
    "memorysetup-temp-allocator-size-gi-baking-worker=262144"
    "memorysetup-temp-allocator-size-gfx=262144"
Player connection [3756] Host "[IP] 192.168.1.4 [Port] 0 [Flags] 2 [Guid] 1500329080 [EditorId] 1500329080 [Version] 1048832 [Id] WindowsEditor(7,DESKTOP-3AEF2HI) [Debug] 1 [PackageName] WindowsEditor [ProjectName] Editor" joined multi-casting on [225.0.0.222:54997]...

Player connection [3756] Host "[IP] 192.168.1.4 [Port] 0 [Flags] 2 [Guid] 1500329080 [EditorId] 1500329080 [Version] 1048832 [Id] WindowsEditor(7,DESKTOP-3AEF2HI) [Debug] 1 [PackageName] WindowsEditor [ProjectName] Editor" joined alternative multi-casting on [225.0.0.222:34997]...

Refreshing native plugins compatible for Editor in 6.04 ms, found 3 plugins.
Preloading 0 native plugins for Editor in 0.00 ms.
Initialize engine version: 2022.3.0f1 (fb119bb0b476)
[Subsystems] Discovering subsystems at path D:/dev_ide/Unity/2022.3.0f1/Editor/Data/Resources/UnitySubsystems
[Subsystems] Discovering subsystems at path E:/Work/CodeGym/CGO-Shooter/Assets
GfxDevice: creating device client; threaded=0; jobified=0
Direct3D:
    Version:  Direct3D 11.0 [level 11.1]
    Renderer: NVIDIA GeForce GTX 1060 3GB (ID=0x1c02)
    Vendor:   NVIDIA
    VRAM:     2978 MB
    Driver:   31.0.15.3179
Initialize mono
Mono path[0] = 'D:/dev_ide/Unity/2022.3.0f1/Editor/Data/Managed'
Mono path[1] = 'D:/dev_ide/Unity/2022.3.0f1/Editor/Data/MonoBleedingEdge/lib/mono/unityjit-win32'
Mono config path = 'D:/dev_ide/Unity/2022.3.0f1/Editor/Data/MonoBleedingEdge/etc'
Using monoOptions --debugger-agent=transport=dt_socket,embedding=1,server=y,suspend=n,address=127.0.0.1:56228
Begin MonoManager ReloadAssembly
Registering precompiled unity dll's ...
Register platform support module: D:/dev_ide/Unity/2022.3.0f1/Editor/Data/PlaybackEngines/AndroidPlayer/UnityEditor.Android.Extensions.dll
Register platform support module: D:/dev_ide/Unity/2022.3.0f1/Editor/Data/PlaybackEngines/WindowsStandaloneSupport/UnityEditor.WindowsStandalone.Extensions.dll
Registered in 0.003981 seconds.
- Loaded All Assemblies, in  0.322 seconds
Native extension for WindowsStandalone target not found
Native extension for Android target not found
Android Extension - Scanning For ADB Devices 209 ms
Mono: successfully reloaded assembly
- Finished resetting the current domain, in  0.494 seconds
Domain Reload Profiling: 816ms
	BeginReloadAssembly (91ms)
		ExecutionOrderSort (0ms)
		DisableScriptedObjects (0ms)
		BackupInstance (0ms)
		ReleaseScriptingObjects (0ms)
		CreateAndSetChildDomain (1ms)
	RebuildCommonClasses (35ms)
	RebuildNativeTypeToScriptingClass (9ms)
	initialDomainReloadingComplete (50ms)
	LoadAllAssembliesAndSetupDomain (136ms)
		LoadAssemblies (91ms)
		RebuildTransferFunctionScriptingTraits (0ms)
		AnalyzeDomain (133ms)
			TypeCache.Refresh (132ms)
				TypeCache.ScanAssembly (119ms)
			ScanForSourceGeneratedMonoScriptInfo (0ms)
			ResolveRequiredComponents (0ms)
	FinalizeReload (494ms)
		ReleaseScriptCaches (0ms)
		RebuildScriptCaches (0ms)
		SetupLoadedEditorAssemblies (447ms)
			LogAssemblyErrors (0ms)
			InitializePlatformSupportModulesInManaged (303ms)
			SetLoadedEditorAssemblies (4ms)
			RefreshPlugins (0ms)
			BeforeProcessingInitializeOnLoad (3ms)
			ProcessInitializeOnLoadAttributes (95ms)
			ProcessInitializeOnLoadMethodAttributes (41ms)
			AfterProcessingInitializeOnLoad (0ms)
			EditorAssembliesLoaded (0ms)
		ExecutionOrderSort2 (0ms)
		AwakeInstancesAfterBackupRestoration (0ms)
========================================================================
Worker process is ready to serve import requests
Begin MonoManager ReloadAssembly
Symbol file LoadedFromMemory doesn't match image E:\Work\CodeGym\CGO-Shooter\Library\PackageCache\com.unity.visualscripting@1.8.0\Editor\VisualScripting.Core\Dependencies\YamlDotNet\Unity.VisualScripting.YamlDotNet.dll
Symbol file LoadedFromMemory doesn't match image E:\Work\CodeGym\CGO-Shooter\Library\PackageCache\com.unity.visualscripting@1.8.0\Editor\VisualScripting.Core\Dependencies\DotNetZip\Unity.VisualScripting.IonicZip.dll
- Loaded All Assemblies, in  0.693 seconds
Refreshing native plugins compatible for Editor in 2.17 ms, found 3 plugins.
Native extension for WindowsStandalone target not found
Native extension for Android target not found
Mono: successfully reloaded assembly
- Finished resetting the current domain, in  0.428 seconds
Domain Reload Profiling: 1121ms
	BeginReloadAssembly (136ms)
		ExecutionOrderSort (0ms)
		DisableScriptedObjects (8ms)
		BackupInstance (0ms)
		ReleaseScriptingObjects (0ms)
		CreateAndSetChildDomain (23ms)
	RebuildCommonClasses (28ms)
	RebuildNativeTypeToScriptingClass (11ms)
	initialDomainReloadingComplete (33ms)
	LoadAllAssembliesAndSetupDomain (485ms)
		LoadAssemblies (255ms)
		RebuildTransferFunctionScriptingTraits (0ms)
		AnalyzeDomain (308ms)
			TypeCache.Refresh (280ms)
				TypeCache.ScanAssembly (251ms)
			ScanForSourceGeneratedMonoScriptInfo (23ms)
			ResolveRequiredComponents (4ms)
	FinalizeReload (429ms)
		ReleaseScriptCaches (0ms)
		RebuildScriptCaches (0ms)
		SetupLoadedEditorAssemblies (297ms)
			LogAssemblyErrors (0ms)
			InitializePlatformSupportModulesInManaged (26ms)
			SetLoadedEditorAssemblies (3ms)
			RefreshPlugins (0ms)
			BeforeProcessingInitializeOnLoad (50ms)
			ProcessInitializeOnLoadAttributes (199ms)
			ProcessInitializeOnLoadMethodAttributes (18ms)
			AfterProcessingInitializeOnLoad (2ms)
			EditorAssembliesLoaded (0ms)
		ExecutionOrderSort2 (0ms)
		AwakeInstancesAfterBackupRestoration (5ms)
Launched and connected shader compiler UnityShaderCompiler.exe after 0.04 seconds
Refreshing native plugins compatible for Editor in 2.19 ms, found 3 plugins.
Preloading 0 native plugins for Editor in 0.00 ms.
Unloading 3066 Unused Serialized files (Serialized files now loaded: 0)
Unloading 31 unused Assets / (56.3 KB). Loaded Objects now: 3533.
Memory consumption went from 121.0 MB to 120.9 MB.
Total: 3.039800 ms (FindLiveObjects: 0.248100 ms CreateObjectMapping: 0.134300 ms MarkObjects: 2.551700 ms  DeleteObjects: 0.105100 ms)

AssetImportParameters requested are different than current active one (requested -> active):
  custom:container-demuxer-ogg: 62fdf1f143b41e24485cea50d1cbac27 -> 
  custom:video-decoder-ogg-theora: a1e56fd34408186e4bbccfd4996cb3dc -> 
  custom:framework-win-MediaFoundation: 216162199b28c13a410421893ffa2e32 -> 
  custom:container-demuxer-webm: 4f35f7cbe854078d1ac9338744f61a02 -> 
  custom:container-muxer-webm: aa71ff27fc2769a1b78a27578f13a17b -> 
  custom:video-decoder-webm-vp8: 9c59270c3fd7afecdb556c50c9e8de78 -> 
  custom:AudioImporter_EditorPlatform: d09bf68614088b80899f8185d706f6e7 -> 
  custom:video-encoder-webm-vp8: eb34c28f22e8b96e1ab97ce403110664 -> 
  custom:audio-decoder-ogg-vorbis: bf7c407c2cedff20999df2af8eb42d56 -> 
  custom:audio-encoder-webm-vorbis: bf7c407c2cedff20999df2af8eb42d56 -> 
========================================================================
Received Import Request.
  Time since last request: 8220.513242 seconds.
  path: Assets/Scenes
  artifactKey: Guid(2c5625a7f91a2f64597a4f2447fd1b8c) Importer(815301076,1909f56bfc062723c751e8b465ee728b)
Start importing Assets/Scenes using Guid(2c5625a7f91a2f64597a4f2447fd1b8c) Importer(815301076,1909f56bfc062723c751e8b465ee728b)  -> (artifact id: 'f9f180edc5550cbf87e054ef3c9a00bd') in 0.002276 seconds
Number of updated asset objects reloaded before import = 0
Number of asset objects unloaded after import = 0
========================================================================
Received Prepare
Refreshing native plugins compatible for Editor in 2.17 ms, found 3 plugins.
Preloading 0 native plugins for Editor in 0.00 ms.
Unloading 0 Unused Serialized files (Serialized files now loaded: 0)
Unloading 1 unused Assets / (0.8 KB). Loaded Objects now: 3533.
Memory consumption went from 71.4 MB to 71.4 MB.
Total: 3.003100 ms (FindLiveObjects: 0.234200 ms CreateObjectMapping: 0.135000 ms MarkObjects: 2.618300 ms  DeleteObjects: 0.014500 ms)

Prepare: number of updated asset objects reloaded= 0
AssetImportParameters requested are different than current active one (requested -> active):
  custom:container-demuxer-ogg: 62fdf1f143b41e24485cea50d1cbac27 -> 
  custom:video-decoder-ogg-theora: a1e56fd34408186e4bbccfd4996cb3dc -> 
  custom:framework-win-MediaFoundation: 216162199b28c13a410421893ffa2e32 -> 
  custom:container-demuxer-webm: 4f35f7cbe854078d1ac9338744f61a02 -> 
  custom:container-muxer-webm: aa71ff27fc2769a1b78a27578f13a17b -> 
  custom:video-decoder-webm-vp8: 9c59270c3fd7afecdb556c50c9e8de78 -> 
  custom:AudioImporter_EditorPlatform: d09bf68614088b80899f8185d706f6e7 -> 
  custom:video-encoder-webm-vp8: eb34c28f22e8b96e1ab97ce403110664 -> 
  custom:audio-decoder-ogg-vorbis: bf7c407c2cedff20999df2af8eb42d56 -> 
  custom:audio-encoder-webm-vorbis: bf7c407c2cedff20999df2af8eb42d56 -> 
========================================================================
Received Prepare
Refreshing native plugins compatible for Editor in 1.92 ms, found 3 plugins.
Preloading 0 native plugins for Editor in 0.00 ms.
Unloading 1 Unused Serialized files (Serialized files now loaded: 0)
Unloading 1 unused Assets / (3.0 KB). Loaded Objects now: 3533.
Memory consumption went from 71.6 MB to 71.6 MB.
Total: 2.468200 ms (FindLiveObjects: 0.221800 ms CreateObjectMapping: 0.073900 ms MarkObjects: 2.156300 ms  DeleteObjects: 0.015300 ms)

Prepare: number of updated asset objects reloaded= 0
AssetImportParameters requested are different than current active one (requested -> active):
  custom:container-demuxer-ogg: 62fdf1f143b41e24485cea50d1cbac27 -> 
  custom:video-decoder-ogg-theora: a1e56fd34408186e4bbccfd4996cb3dc -> 
  custom:framework-win-MediaFoundation: 216162199b28c13a410421893ffa2e32 -> 
  custom:container-demuxer-webm: 4f35f7cbe854078d1ac9338744f61a02 -> 
  custom:container-muxer-webm: aa71ff27fc2769a1b78a27578f13a17b -> 
  custom:video-decoder-webm-vp8: 9c59270c3fd7afecdb556c50c9e8de78 -> 
  custom:AudioImporter_EditorPlatform: d09bf68614088b80899f8185d706f6e7 -> 
  custom:video-encoder-webm-vp8: eb34c28f22e8b96e1ab97ce403110664 -> 
  custom:audio-decoder-ogg-vorbis: bf7c407c2cedff20999df2af8eb42d56 -> 
  custom:audio-encoder-webm-vorbis: bf7c407c2cedff20999df2af8eb42d56 -> 
========================================================================
Received Prepare
Begin MonoManager ReloadAssembly
Symbol file LoadedFromMemory doesn't match image E:\Work\CodeGym\CGO-Shooter\Library\PackageCache\com.unity.visualscripting@1.8.0\Editor\VisualScripting.Core\Dependencies\YamlDotNet\Unity.VisualScripting.YamlDotNet.dll
Symbol file LoadedFromMemory doesn't match image E:\Work\CodeGym\CGO-Shooter\Library\PackageCache\com.unity.visualscripting@1.8.0\Editor\VisualScripting.Core\Dependencies\DotNetZip\Unity.VisualScripting.IonicZip.dll
- Loaded All Assemblies, in  0.647 seconds
Refreshing native plugins compatible for Editor in 3.02 ms, found 3 plugins.
Native extension for WindowsStandalone target not found
Native extension for Android target not found
Mono: successfully reloaded assembly
- Finished resetting the current domain, in  0.648 seconds
Domain Reload Profiling: 1296ms
	BeginReloadAssembly (144ms)
		ExecutionOrderSort (0ms)
		DisableScriptedObjects (4ms)
		BackupInstance (0ms)
		ReleaseScriptingObjects (0ms)
		CreateAndSetChildDomain (36ms)
	RebuildCommonClasses (29ms)
	RebuildNativeTypeToScriptingClass (10ms)
	initialDomainReloadingComplete (26ms)
	LoadAllAssembliesAndSetupDomain (439ms)
		LoadAssemblies (235ms)
		RebuildTransferFunctionScriptingTraits (0ms)
		AnalyzeDomain (275ms)
			TypeCache.Refresh (254ms)
				TypeCache.ScanAssembly (241ms)
			ScanForSourceGeneratedMonoScriptInfo (16ms)
			ResolveRequiredComponents (5ms)
	FinalizeReload (649ms)
		ReleaseScriptCaches (0ms)
		RebuildScriptCaches (0ms)
		SetupLoadedEditorAssemblies (236ms)
			LogAssemblyErrors (0ms)
			InitializePlatformSupportModulesInManaged (21ms)
			SetLoadedEditorAssemblies (3ms)
			RefreshPlugins (0ms)
			BeforeProcessingInitializeOnLoad (40ms)
			ProcessInitializeOnLoadAttributes (154ms)
			ProcessInitializeOnLoadMethodAttributes (16ms)
			AfterProcessingInitializeOnLoad (2ms)
			EditorAssembliesLoaded (0ms)
		ExecutionOrderSort2 (0ms)
		AwakeInstancesAfterBackupRestoration (5ms)
Refreshing native plugins compatible for Editor in 1.98 ms, found 3 plugins.
Preloading 0 native plugins for Editor in 0.00 ms.
Unloading 3058 Unused Serialized files (Serialized files now loaded: 0)
Unloading 22 unused Assets / (30.6 KB). Loaded Objects now: 3536.
Memory consumption went from 119.3 MB to 119.3 MB.
Total: 2.490900 ms (FindLiveObjects: 0.234100 ms CreateObjectMapping: 0.090000 ms MarkObjects: 2.099700 ms  DeleteObjects: 0.066500 ms)

Prepare: number of updated asset objects reloaded= 0
AssetImportParameters requested are different than current active one (requested -> active):
  custom:container-demuxer-ogg: 62fdf1f143b41e24485cea50d1cbac27 -> 
  custom:video-decoder-ogg-theora: a1e56fd34408186e4bbccfd4996cb3dc -> 
  custom:framework-win-MediaFoundation: 216162199b28c13a410421893ffa2e32 -> 
  custom:container-demuxer-webm: 4f35f7cbe854078d1ac9338744f61a02 -> 
  custom:container-muxer-webm: aa71ff27fc2769a1b78a27578f13a17b -> 
  custom:video-decoder-webm-vp8: 9c59270c3fd7afecdb556c50c9e8de78 -> 
  custom:AudioImporter_EditorPlatform: d09bf68614088b80899f8185d706f6e7 -> 
  custom:video-encoder-webm-vp8: eb34c28f22e8b96e1ab97ce403110664 -> 
  custom:audio-decoder-ogg-vorbis: bf7c407c2cedff20999df2af8eb42d56 -> 
  custom:audio-encoder-webm-vorbis: bf7c407c2cedff20999df2af8eb42d56 -> 
========================================================================
Received Import Request.
  Time since last request: 414.628473 seconds.
  path: Assets
  artifactKey: Guid(00000000000000001000000000000000) Importer(815301076,1909f56bfc062723c751e8b465ee728b)
Start importing Assets using Guid(00000000000000001000000000000000) Importer(815301076,1909f56bfc062723c751e8b465ee728b)  -> (artifact id: '8a4fe85251aa2e89732c359432baa2c3') in 0.002063 seconds
Number of updated asset objects reloaded before import = 0
Number of asset objects unloaded after import = 0
========================================================================
Received Import Request.
  Time since last request: 6.353132 seconds.
  path: Assets/Animations
  artifactKey: Guid(1cf188ea72da3214cbff58dd4a0509ff) Importer(815301076,1909f56bfc062723c751e8b465ee728b)
Start importing Assets/Animations using Guid(1cf188ea72da3214cbff58dd4a0509ff) Importer(815301076,1909f56bfc062723c751e8b465ee728b)  -> (artifact id: 'e830378819756d1955af401ad3e30a91') in 0.000942 seconds
Number of updated asset objects reloaded before import = 0
Number of asset objects unloaded after import = 0
========================================================================
Received Import Request.
  Time since last request: 5.686590 seconds.
  path: Assets/Models
  artifactKey: Guid(e2d836f68911e2e4fb076bc72a11add2) Importer(815301076,1909f56bfc062723c751e8b465ee728b)
Start importing Assets/Models using Guid(e2d836f68911e2e4fb076bc72a11add2) Importer(815301076,1909f56bfc062723c751e8b465ee728b)  -> (artifact id: '400711c84e8ef9248bdf2afd71aa3ebd') in 0.000415 seconds
Number of updated asset objects reloaded before import = 0
Number of asset objects unloaded after import = 0
========================================================================
Received Import Request.
  Time since last request: 12.070614 seconds.
  path: Assets/Textures
  artifactKey: Guid(fa60a86d922a41843a89ccc102149949) Importer(815301076,1909f56bfc062723c751e8b465ee728b)
Start importing Assets/Textures using Guid(fa60a86d922a41843a89ccc102149949) Importer(815301076,1909f56bfc062723c751e8b465ee728b)  -> (artifact id: 'a128c67ba6ca41574c8eee6739cc327c') in 0.000461 seconds
Number of updated asset objects reloaded before import = 0
Number of asset objects unloaded after import = 0
========================================================================
Received Import Request.
  Time since last request: 24.324417 seconds.
  path: Assets/Sprites
  artifactKey: Guid(0708b454d27021043bce4e46216e23aa) Importer(815301076,1909f56bfc062723c751e8b465ee728b)
Start importing Assets/Sprites using Guid(0708b454d27021043bce4e46216e23aa) Importer(815301076,1909f56bfc062723c751e8b465ee728b)  -> (artifact id: '2cc5a740dc6683f1709989502d18cfb4') in 0.000409 seconds
Number of updated asset objects reloaded before import = 0
Number of asset objects unloaded after import = 0
========================================================================
Received Import Request.
  Time since last request: 63.761108 seconds.
  path: Assets/Resources
  artifactKey: Guid(445e35e3887bde549b5a8adeab97c32b) Importer(815301076,1909f56bfc062723c751e8b465ee728b)
Start importing Assets/Resources using Guid(445e35e3887bde549b5a8adeab97c32b) Importer(815301076,1909f56bfc062723c751e8b465ee728b)  -> (artifact id: 'beea85ad8fb732ebd7c09ce2595148ba') in 0.000453 seconds
Number of updated asset objects reloaded before import = 0
Number of asset objects unloaded after import = 0
========================================================================
Received Import Request.
  Time since last request: 115.403129 seconds.
  path: Assets/Guns
  artifactKey: Guid(6d1d2bda3414e964e8348490c2b14eba) Importer(815301076,1909f56bfc062723c751e8b465ee728b)
Start importing Assets/Guns using Guid(6d1d2bda3414e964e8348490c2b14eba) Importer(815301076,1909f56bfc062723c751e8b465ee728b)  -> (artifact id: '240c4730df7e180d91bb56c14fac4b80') in 0.000419 seconds
Number of updated asset objects reloaded before import = 0
Number of asset objects unloaded after import = 0
========================================================================
Received Import Request.
  Time since last request: 0.318890 seconds.
  path: Assets/Guns/gun.png
  artifactKey: Guid(43f4257f2bc480a43825e20c9e69c1f7) Importer(815301076,1909f56bfc062723c751e8b465ee728b)
Start importing Assets/Guns/gun.png using Guid(43f4257f2bc480a43825e20c9e69c1f7) Importer(815301076,1909f56bfc062723c751e8b465ee728b)  -> (artifact id: '03b80ffc4d941f60031ce1768d8ee563') in 0.105673 seconds
Number of updated asset objects reloaded before import = 0
Number of asset objects unloaded after import = 2
========================================================================
Received Import Request.
  Time since last request: 0.000023 seconds.
  path: Assets/Guns/Gun_4.png
  artifactKey: Guid(dd8523744d6aa55468faba3e04cc7685) Importer(815301076,1909f56bfc062723c751e8b465ee728b)
Start importing Assets/Guns/Gun_4.png using Guid(dd8523744d6aa55468faba3e04cc7685) Importer(815301076,1909f56bfc062723c751e8b465ee728b)  -> (artifact id: '3d363f750809ae1db5c6884955508cb8') in 0.028513 seconds
Number of updated asset objects reloaded before import = 0
Number of asset objects unloaded after import = 2
========================================================================
Received Import Request.
  Time since last request: 0.000044 seconds.
  path: Assets/Guns/Gun_6.fbx
  artifactKey: Guid(a251bcebd64ca4740a662bbf5c9d137b) Importer(815301076,1909f56bfc062723c751e8b465ee728b)
Start importing Assets/Guns/Gun_6.fbx using Guid(a251bcebd64ca4740a662bbf5c9d137b) Importer(815301076,1909f56bfc062723c751e8b465ee728b)  -> (artifact id: 'cf7e721b3aa1f1957e34157dabcee91e') in 0.320182 seconds
Number of updated asset objects reloaded before import = 0
Number of asset objects unloaded after import = 18
========================================================================
Received Import Request.
  Time since last request: 0.000023 seconds.
  path: Assets/Guns/Gun_2.fbx
  artifactKey: Guid(c8c362cb4eecb4f4cbbb98b625af739a) Importer(815301076,1909f56bfc062723c751e8b465ee728b)
Start importing Assets/Guns/Gun_2.fbx using Guid(c8c362cb4eecb4f4cbbb98b625af739a) Importer(815301076,1909f56bfc062723c751e8b465ee728b)  -> (artifact id: '178ddf12b21aac930e3d70a4310df78f') in 0.051850 seconds
Number of updated asset objects reloaded before import = 0
Number of asset objects unloaded after import = 18
========================================================================
Received Import Request.
  Time since last request: 0.000032 seconds.
  path: Assets/Guns/Gun_6.png
  artifactKey: Guid(dcf00b972455e9f4fad5093876e86807) Importer(815301076,1909f56bfc062723c751e8b465ee728b)
Start importing Assets/Guns/Gun_6.png using Guid(dcf00b972455e9f4fad5093876e86807) Importer(815301076,1909f56bfc062723c751e8b465ee728b)  -> (artifact id: '42dfd5023d1b57c0cff27a5897153b4e') in 0.031029 seconds
Number of updated asset objects reloaded before import = 0
Number of asset objects unloaded after import = 2
========================================================================
Received Import Request.
  Time since last request: 0.000019 seconds.
  path: Assets/Guns/Gun_7.png
  artifactKey: Guid(0dc745a37ca1c9b45af6ef378805f7db) Importer(815301076,1909f56bfc062723c751e8b465ee728b)
Start importing Assets/Guns/Gun_7.png using Guid(0dc745a37ca1c9b45af6ef378805f7db) Importer(815301076,1909f56bfc062723c751e8b465ee728b)  -> (artifact id: '94f10ec0563316b0c45eade28775f123') in 0.025413 seconds
Number of updated asset objects reloaded before import = 0
Number of asset objects unloaded after import = 2
========================================================================
Received Import Request.
  Time since last request: 0.000023 seconds.
  path: Assets/Guns/Gun_5.fbx
  artifactKey: Guid(aee5fb067ae147b4e887e8496e087b40) Importer(815301076,1909f56bfc062723c751e8b465ee728b)
Start importing Assets/Guns/Gun_5.fbx using Guid(aee5fb067ae147b4e887e8496e087b40) Importer(815301076,1909f56bfc062723c751e8b465ee728b)  -> (artifact id: '4f9485d812c608300150be9dc77da7e6') in 0.048642 seconds
Number of updated asset objects reloaded before import = 0
Number of asset objects unloaded after import = 23
========================================================================
Received Import Request.
  Time since last request: 0.000030 seconds.
  path: Assets/Guns/Gun_7.fbx
  artifactKey: Guid(2dac068b2649e0049a7480c42242ef46) Importer(815301076,1909f56bfc062723c751e8b465ee728b)
Start importing Assets/Guns/Gun_7.fbx using Guid(2dac068b2649e0049a7480c42242ef46) Importer(815301076,1909f56bfc062723c751e8b465ee728b)  -> (artifact id: 'fb282d439f73610ccade978b10301718') in 0.038343 seconds
Number of updated asset objects reloaded before import = 0
Number of asset objects unloaded after import = 18
========================================================================
Received Import Request.
  Time since last request: 54.002006 seconds.
  path: Assets/Survival Shooter/Survival Shooter Anims/02_Crouching.fbx
  artifactKey: Guid(69343c5a22c4c44288ebbc3bbfaf1d18) Importer(815301076,1909f56bfc062723c751e8b465ee728b)
Start importing Assets/Survival Shooter/Survival Shooter Anims/02_Crouching.fbx using Guid(69343c5a22c4c44288ebbc3bbfaf1d18) Importer(815301076,1909f56bfc062723c751e8b465ee728b)  -> (artifact id: '1a17bb0c888fb004d12154575767814a') in 0.006354 seconds
Number of updated asset objects reloaded before import = 0
Number of asset objects unloaded after import = 163
========================================================================
Received Import Request.
  Time since last request: 0.000011 seconds.
  path: Assets/Survival Shooter/Survival Shooter Anims/07_Item_Pickups.fbx
  artifactKey: Guid(c1fbd4b9fd83c4615a8613ebf6b1a15f) Importer(815301076,1909f56bfc062723c751e8b465ee728b)
Start importing Assets/Survival Shooter/Survival Shooter Anims/07_Item_Pickups.fbx using Guid(c1fbd4b9fd83c4615a8613ebf6b1a15f) Importer(815301076,1909f56bfc062723c751e8b465ee728b)  -> (artifact id: '4ba57072e90b31527d341a2f6194a882') in 0.004169 seconds
Number of updated asset objects reloaded before import = 0
Number of asset objects unloaded after import = 161
========================================================================
Received Import Request.
  Time since last request: 0.000013 seconds.
  path: Assets/Survival Shooter/Survival Shooter Anims/03_Walks.fbx
  artifactKey: Guid(c31d18f4bf8a74fa5ab1af7e80976744) Importer(815301076,1909f56bfc062723c751e8b465ee728b)
Start importing Assets/Survival Shooter/Survival Shooter Anims/03_Walks.fbx using Guid(c31d18f4bf8a74fa5ab1af7e80976744) Importer(815301076,1909f56bfc062723c751e8b465ee728b)  -> (artifact id: 'dd501eddcdc96fd370f957488f476ff5') in 0.004032 seconds
Number of updated asset objects reloaded before import = 0
Number of asset objects unloaded after import = 162
========================================================================
Received Import Request.
  Time since last request: 0.000008 seconds.
  path: Assets/Survival Shooter/Survival Shooter Anims/18_Pistol_Misc.fbx
  artifactKey: Guid(5afa4618f92484973837d7ea59cd7ce5) Importer(815301076,1909f56bfc062723c751e8b465ee728b)
Start importing Assets/Survival Shooter/Survival Shooter Anims/18_Pistol_Misc.fbx using Guid(5afa4618f92484973837d7ea59cd7ce5) Importer(815301076,1909f56bfc062723c751e8b465ee728b)  -> (artifact id: '4aaf6d4bb9494f3c65996285f1b9ad4b') in 0.003607 seconds
Number of updated asset objects reloaded before import = 0
Number of asset objects unloaded after import = 160
========================================================================
Received Import Request.
  Time since last request: 0.000010 seconds.
  path: Assets/Survival Shooter/Survival Shooter Anims/15_Pistol_Runs_InPlace.fbx
  artifactKey: Guid(ef1d4d17065ed4f8ebf6bb215e90cf80) Importer(815301076,1909f56bfc062723c751e8b465ee728b)
Start importing Assets/Survival Shooter/Survival Shooter Anims/15_Pistol_Runs_InPlace.fbx using Guid(ef1d4d17065ed4f8ebf6bb215e90cf80) Importer(815301076,1909f56bfc062723c751e8b465ee728b)  -> (artifact id: '364dccff02f4233e8bfde2a175245fd9') in 0.004828 seconds
Number of updated asset objects reloaded before import = 0
Number of asset objects unloaded after import = 163
========================================================================
Received Import Request.
  Time since last request: 0.000019 seconds.
  path: Assets/Survival Shooter/Survival Shooter Anims/09_Pipe_Idle.fbx
  artifactKey: Guid(4d88ace096242418889354ddaead413d) Importer(815301076,1909f56bfc062723c751e8b465ee728b)
Start importing Assets/Survival Shooter/Survival Shooter Anims/09_Pipe_Idle.fbx using Guid(4d88ace096242418889354ddaead413d) Importer(815301076,1909f56bfc062723c751e8b465ee728b)  -> (artifact id: '63bd10f16dbdd11b74220c035274293d') in 0.004823 seconds
Number of updated asset objects reloaded before import = 0
Number of asset objects unloaded after import = 159
========================================================================
Received Import Request.
  Time since last request: 0.000021 seconds.
  path: Assets/Survival Shooter/Survival Shooter Anims/05_Rolls.fbx
  artifactKey: Guid(a163373d2a02648cf9a245ad62528147) Importer(815301076,1909f56bfc062723c751e8b465ee728b)
Start importing Assets/Survival Shooter/Survival Shooter Anims/05_Rolls.fbx using Guid(a163373d2a02648cf9a245ad62528147) Importer(815301076,1909f56bfc062723c751e8b465ee728b)  -> (artifact id: 'a2fa66fb6a28fb1456bfb2a57f84e490') in 0.005515 seconds
Number of updated asset objects reloaded before import = 0
Number of asset objects unloaded after import = 162
========================================================================
Received Import Request.
  Time since last request: 0.000013 seconds.
  path: Assets/Survival Shooter/Survival Shooter Anims/03_Walks_InPlace.fbx
  artifactKey: Guid(d5c91a948a7414b2cbf7aa6bdd0ce85c) Importer(815301076,1909f56bfc062723c751e8b465ee728b)
Start importing Assets/Survival Shooter/Survival Shooter Anims/03_Walks_InPlace.fbx using Guid(d5c91a948a7414b2cbf7aa6bdd0ce85c) Importer(815301076,1909f56bfc062723c751e8b465ee728b)  -> (artifact id: '74d8362e5d0263d5fc7d22825cd9c257') in 0.008601 seconds
Number of updated asset objects reloaded before import = 0
Number of asset objects unloaded after import = 162
========================================================================
Received Import Request.
  Time since last request: 0.000017 seconds.
  path: Assets/Survival Shooter/Survival Shooter Anims/11_PipeRuns_InPlace.fbx
  artifactKey: Guid(7e17b3060faca4f3a88ddbb7698fda0e) Importer(815301076,1909f56bfc062723c751e8b465ee728b)
Start importing Assets/Survival Shooter/Survival Shooter Anims/11_PipeRuns_InPlace.fbx using Guid(7e17b3060faca4f3a88ddbb7698fda0e) Importer(815301076,1909f56bfc062723c751e8b465ee728b)  -> (artifact id: '6f485933a96ced237493715d77c0790c') in 0.005686 seconds
Number of updated asset objects reloaded before import = 0
Number of asset objects unloaded after import = 157
========================================================================
Received Import Request.
  Time since last request: 0.000020 seconds.
  path: Assets/Survival Shooter/Survival Shooter Anims/20_Rifle_Misc.fbx
  artifactKey: Guid(b5935662dc0db4fbeb1354d8588eb473) Importer(815301076,1909f56bfc062723c751e8b465ee728b)
Start importing Assets/Survival Shooter/Survival Shooter Anims/20_Rifle_Misc.fbx using Guid(b5935662dc0db4fbeb1354d8588eb473) Importer(815301076,1909f56bfc062723c751e8b465ee728b)  -> (artifact id: '5c530b8023ad416962b4c9f39476013a') in 0.004666 seconds
Number of updated asset objects reloaded before import = 0
Number of asset objects unloaded after import = 161
========================================================================
Received Import Request.
  Time since last request: 0.000023 seconds.
  path: Assets/Survival Shooter/Survival Shooter Anims/08_Misc_Actions.fbx
  artifactKey: Guid(6670f1f9f47004cf6941ba745bffb094) Importer(815301076,1909f56bfc062723c751e8b465ee728b)
Start importing Assets/Survival Shooter/Survival Shooter Anims/08_Misc_Actions.fbx using Guid(6670f1f9f47004cf6941ba745bffb094) Importer(815301076,1909f56bfc062723c751e8b465ee728b)  -> (artifact id: 'a1cad80f3711948ddf246352c95406b6') in 0.006105 seconds
Number of updated asset objects reloaded before import = 0
Number of asset objects unloaded after import = 162
========================================================================
Received Import Request.
  Time since last request: 0.000011 seconds.
  path: Assets/Survival Shooter/Survival Shooter Anims/13_Pistol_Idle.fbx
  artifactKey: Guid(02bcfa6dca07f4681869cf69a9316d6b) Importer(815301076,1909f56bfc062723c751e8b465ee728b)
Start importing Assets/Survival Shooter/Survival Shooter Anims/13_Pistol_Idle.fbx using Guid(02bcfa6dca07f4681869cf69a9316d6b) Importer(815301076,1909f56bfc062723c751e8b465ee728b)  -> (artifact id: '3ab1732055410e26c96c609222681a91') in 0.003597 seconds
Number of updated asset objects reloaded before import = 0
Number of asset objects unloaded after import = 160
========================================================================
Received Import Request.
  Time since last request: 7.258521 seconds.
  path: Assets/Models/Survival Shooter Meshes/Survival_HIGH_fbx.fbx
  artifactKey: Guid(007ceda3d8f3947e0859cac8867a53d5) Importer(815301076,1909f56bfc062723c751e8b465ee728b)
Start importing Assets/Models/Survival Shooter Meshes/Survival_HIGH_fbx.fbx using Guid(007ceda3d8f3947e0859cac8867a53d5) Importer(815301076,1909f56bfc062723c751e8b465ee728b)  -> (artifact id: 'a26f614fbb0d4e53f94cec8b31d0ac72') in 0.379012 seconds
Number of updated asset objects reloaded before import = 0
Number of asset objects unloaded after import = 166
Editor requested this worker to shutdown with reason: Scaling down because of idle timeout
TcpMessagingSession - receive error: operation aborted. errorcode: 995, details: The I/O operation has been aborted because of either a thread exit or an application request.
AssetImportWorker is now disconnected from the server
Process exiting
Exiting without the bug reporter. Application will terminate with return code 0