Using pre-set license
Built from '2022.3/release' branch; Version is '2022.3.0f1 (fb119bb0b476) revision 16454043'; Using compiler version '192829333'; Build Type 'Release'
OS: 'Windows 10  (10.0.19045) 64bit Professional' Language: 'en' Physical Memory: 32688 MB
BatchMode: 1, IsHumanControllingUs: 0, StartBugReporterOnCrash: 0, Is64bit: 1, IsPro: 1

COMMAND LINE ARGUMENTS:
D:\dev_ide\Unity\2022.3.0f1\Editor\Unity.exe
-adb2
-batchMode
-noUpm
-name
AssetImportWorker3
-projectPath
E:/Work/CodeGym/CGO-Shooter
-logFile
Logs/AssetImportWorker3.log
-srvPort
11276
Successfully changed project path to: E:/Work/CodeGym/CGO-Shooter
E:/Work/CodeGym/CGO-Shooter
[UnityMemory] Configuration Parameters - Can be set up in boot.config
    "memorysetup-bucket-allocator-granularity=16"
    "memorysetup-bucket-allocator-bucket-count=8"
    "memorysetup-bucket-allocator-block-size=33554432"
    "memorysetup-bucket-allocator-block-count=8"
    "memorysetup-main-allocator-block-size=16777216"
    "memorysetup-thread-allocator-block-size=16777216"
    "memorysetup-gfx-main-allocator-block-size=16777216"
    "memorysetup-gfx-thread-allocator-block-size=16777216"
    "memorysetup-cache-allocator-block-size=4194304"
    "memorysetup-typetree-allocator-block-size=2097152"
    "memorysetup-profiler-bucket-allocator-granularity=16"
    "memorysetup-profiler-bucket-allocator-bucket-count=8"
    "memorysetup-profiler-bucket-allocator-block-size=33554432"
    "memorysetup-profiler-bucket-allocator-block-count=8"
    "memorysetup-profiler-allocator-block-size=16777216"
    "memorysetup-profiler-editor-allocator-block-size=1048576"
    "memorysetup-temp-allocator-size-main=16777216"
    "memorysetup-job-temp-allocator-block-size=2097152"
    "memorysetup-job-temp-allocator-block-size-background=1048576"
    "memorysetup-job-temp-allocator-reduction-small-platforms=262144"
    "memorysetup-allocator-temp-initial-block-size-main=262144"
    "memorysetup-allocator-temp-initial-block-size-worker=262144"
    "memorysetup-temp-allocator-size-background-worker=32768"
    "memorysetup-temp-allocator-size-job-worker=262144"
    "memorysetup-temp-allocator-size-preload-manager=33554432"
    "memorysetup-temp-allocator-size-nav-mesh-worker=65536"
    "memorysetup-temp-allocator-size-audio-worker=65536"
    "memorysetup-temp-allocator-size-cloud-worker=32768"
    "memorysetup-temp-allocator-size-gi-baking-worker=262144"
    "memorysetup-temp-allocator-size-gfx=262144"
Player connection [8780] Host "[IP] 192.168.1.4 [Port] 0 [Flags] 2 [Guid] 2702985519 [EditorId] 2702985519 [Version] 1048832 [Id] WindowsEditor(7,DESKTOP-3AEF2HI) [Debug] 1 [PackageName] WindowsEditor [ProjectName] Editor" joined multi-casting on [225.0.0.222:54997]...

Player connection [8780] Host "[IP] 192.168.1.4 [Port] 0 [Flags] 2 [Guid] 2702985519 [EditorId] 2702985519 [Version] 1048832 [Id] WindowsEditor(7,DESKTOP-3AEF2HI) [Debug] 1 [PackageName] WindowsEditor [ProjectName] Editor" joined alternative multi-casting on [225.0.0.222:34997]...

Refreshing native plugins compatible for Editor in 13.11 ms, found 3 plugins.
Preloading 0 native plugins for Editor in 0.00 ms.
Initialize engine version: 2022.3.0f1 (fb119bb0b476)
[Subsystems] Discovering subsystems at path D:/dev_ide/Unity/2022.3.0f1/Editor/Data/Resources/UnitySubsystems
[Subsystems] Discovering subsystems at path E:/Work/CodeGym/CGO-Shooter/Assets
GfxDevice: creating device client; threaded=0; jobified=0
Direct3D:
    Version:  Direct3D 11.0 [level 11.1]
    Renderer: NVIDIA GeForce GTX 1060 3GB (ID=0x1c02)
    Vendor:   NVIDIA
    VRAM:     2978 MB
    Driver:   31.0.15.3179
Initialize mono
Mono path[0] = 'D:/dev_ide/Unity/2022.3.0f1/Editor/Data/Managed'
Mono path[1] = 'D:/dev_ide/Unity/2022.3.0f1/Editor/Data/MonoBleedingEdge/lib/mono/unityjit-win32'
Mono config path = 'D:/dev_ide/Unity/2022.3.0f1/Editor/Data/MonoBleedingEdge/etc'
Using monoOptions --debugger-agent=transport=dt_socket,embedding=1,server=y,suspend=n,address=127.0.0.1:56440
Begin MonoManager ReloadAssembly
Registering precompiled unity dll's ...
Register platform support module: D:/dev_ide/Unity/2022.3.0f1/Editor/Data/PlaybackEngines/AndroidPlayer/UnityEditor.Android.Extensions.dll
Register platform support module: D:/dev_ide/Unity/2022.3.0f1/Editor/Data/PlaybackEngines/WindowsStandaloneSupport/UnityEditor.WindowsStandalone.Extensions.dll
Registered in 0.011514 seconds.
- Loaded All Assemblies, in  0.735 seconds
Native extension for WindowsStandalone target not found
Native extension for Android target not found
Android Extension - Scanning For ADB Devices 618 ms
Mono: successfully reloaded assembly
- Finished resetting the current domain, in  1.436 seconds
Domain Reload Profiling: 2171ms
	BeginReloadAssembly (274ms)
		ExecutionOrderSort (0ms)
		DisableScriptedObjects (0ms)
		BackupInstance (0ms)
		ReleaseScriptingObjects (0ms)
		CreateAndSetChildDomain (1ms)
	RebuildCommonClasses (93ms)
	RebuildNativeTypeToScriptingClass (26ms)
	initialDomainReloadingComplete (131ms)
	LoadAllAssembliesAndSetupDomain (211ms)
		LoadAssemblies (273ms)
		RebuildTransferFunctionScriptingTraits (0ms)
		AnalyzeDomain (207ms)
			TypeCache.Refresh (205ms)
				TypeCache.ScanAssembly (135ms)
			ScanForSourceGeneratedMonoScriptInfo (1ms)
			ResolveRequiredComponents (1ms)
	FinalizeReload (1436ms)
		ReleaseScriptCaches (0ms)
		RebuildScriptCaches (0ms)
		SetupLoadedEditorAssemblies (1307ms)
			LogAssemblyErrors (0ms)
			InitializePlatformSupportModulesInManaged (905ms)
			SetLoadedEditorAssemblies (7ms)
			RefreshPlugins (0ms)
			BeforeProcessingInitializeOnLoad (4ms)
			ProcessInitializeOnLoadAttributes (255ms)
			ProcessInitializeOnLoadMethodAttributes (132ms)
			AfterProcessingInitializeOnLoad (0ms)
			EditorAssembliesLoaded (3ms)
		ExecutionOrderSort2 (0ms)
		AwakeInstancesAfterBackupRestoration (0ms)
========================================================================
Worker process is ready to serve import requests
Begin MonoManager ReloadAssembly
Symbol file LoadedFromMemory doesn't match image E:\Work\CodeGym\CGO-Shooter\Library\PackageCache\com.unity.visualscripting@1.8.0\Editor\VisualScripting.Core\Dependencies\YamlDotNet\Unity.VisualScripting.YamlDotNet.dll
Symbol file LoadedFromMemory doesn't match image E:\Work\CodeGym\CGO-Shooter\Library\PackageCache\com.unity.visualscripting@1.8.0\Editor\VisualScripting.Core\Dependencies\DotNetZip\Unity.VisualScripting.IonicZip.dll
- Loaded All Assemblies, in  0.492 seconds
Refreshing native plugins compatible for Editor in 2.08 ms, found 3 plugins.
Native extension for WindowsStandalone target not found
Native extension for Android target not found
Mono: successfully reloaded assembly
- Finished resetting the current domain, in  0.356 seconds
Domain Reload Profiling: 848ms
	BeginReloadAssembly (109ms)
		ExecutionOrderSort (0ms)
		DisableScriptedObjects (4ms)
		BackupInstance (0ms)
		ReleaseScriptingObjects (0ms)
		CreateAndSetChildDomain (19ms)
	RebuildCommonClasses (24ms)
	RebuildNativeTypeToScriptingClass (7ms)
	initialDomainReloadingComplete (28ms)
	LoadAllAssembliesAndSetupDomain (322ms)
		LoadAssemblies (187ms)
		RebuildTransferFunctionScriptingTraits (0ms)
		AnalyzeDomain (196ms)
			TypeCache.Refresh (184ms)
				TypeCache.ScanAssembly (174ms)
			ScanForSourceGeneratedMonoScriptInfo (10ms)
			ResolveRequiredComponents (3ms)
	FinalizeReload (357ms)
		ReleaseScriptCaches (0ms)
		RebuildScriptCaches (0ms)
		SetupLoadedEditorAssemblies (252ms)
			LogAssemblyErrors (0ms)
			InitializePlatformSupportModulesInManaged (16ms)
			SetLoadedEditorAssemblies (3ms)
			RefreshPlugins (0ms)
			BeforeProcessingInitializeOnLoad (42ms)
			ProcessInitializeOnLoadAttributes (176ms)
			ProcessInitializeOnLoadMethodAttributes (14ms)
			AfterProcessingInitializeOnLoad (2ms)
			EditorAssembliesLoaded (0ms)
		ExecutionOrderSort2 (0ms)
		AwakeInstancesAfterBackupRestoration (4ms)
Launched and connected shader compiler UnityShaderCompiler.exe after 0.04 seconds
Refreshing native plugins compatible for Editor in 1.94 ms, found 3 plugins.
Preloading 0 native plugins for Editor in 0.00 ms.
Unloading 3070 Unused Serialized files (Serialized files now loaded: 0)
Unloading 31 unused Assets / (56.3 KB). Loaded Objects now: 3540.
Memory consumption went from 121.9 MB to 121.9 MB.
Total: 2.750900 ms (FindLiveObjects: 0.210800 ms CreateObjectMapping: 0.117700 ms MarkObjects: 2.328400 ms  DeleteObjects: 0.092800 ms)

AssetImportParameters requested are different than current active one (requested -> active):
  custom:container-demuxer-ogg: 62fdf1f143b41e24485cea50d1cbac27 -> 
  custom:video-decoder-ogg-theora: a1e56fd34408186e4bbccfd4996cb3dc -> 
  custom:framework-win-MediaFoundation: 216162199b28c13a410421893ffa2e32 -> 
  custom:container-demuxer-webm: 4f35f7cbe854078d1ac9338744f61a02 -> 
  custom:container-muxer-webm: aa71ff27fc2769a1b78a27578f13a17b -> 
  custom:video-decoder-webm-vp8: 9c59270c3fd7afecdb556c50c9e8de78 -> 
  custom:AudioImporter_EditorPlatform: d09bf68614088b80899f8185d706f6e7 -> 
  custom:video-encoder-webm-vp8: eb34c28f22e8b96e1ab97ce403110664 -> 
  custom:audio-decoder-ogg-vorbis: bf7c407c2cedff20999df2af8eb42d56 -> 
  custom:audio-encoder-webm-vorbis: bf7c407c2cedff20999df2af8eb42d56 -> 
========================================================================
Received Import Request.
  Time since last request: 99820.286820 seconds.
  path: Assets/Grim/Sci Fi Research Center/Prefabs/SciFi Tech/SciFiTech_One.prefab
  artifactKey: Guid(100124b948d8ae0488b641cdf88dc166) Importer(815301076,1909f56bfc062723c751e8b465ee728b)
Start importing Assets/Grim/Sci Fi Research Center/Prefabs/SciFi Tech/SciFiTech_One.prefab using Guid(100124b948d8ae0488b641cdf88dc166) Importer(815301076,1909f56bfc062723c751e8b465ee728b)  -> (artifact id: '58d4d4700439376c65e11eb2e933b7af') in 1.047018 seconds
Number of updated asset objects reloaded before import = 0
Number of asset objects unloaded after import = 20
========================================================================
Received Import Request.
  Time since last request: 1.814625 seconds.
  path: Assets/Grim/Sci Fi Research Center/Models/Blood_Five.fbx
  artifactKey: Guid(81fd80a049ad1e144af38cd235780861) Importer(815301076,1909f56bfc062723c751e8b465ee728b)
Start importing Assets/Grim/Sci Fi Research Center/Models/Blood_Five.fbx using Guid(81fd80a049ad1e144af38cd235780861) Importer(815301076,1909f56bfc062723c751e8b465ee728b)  -> (artifact id: 'edbe4318fc31bdb366869b3872e19235') in 0.151245 seconds
Number of updated asset objects reloaded before import = 0
Number of asset objects unloaded after import = 10
========================================================================
Received Import Request.
  Time since last request: 0.000024 seconds.
  path: Assets/Grim/Sci Fi Research Center/Models/Decal_Electrical.fbx
  artifactKey: Guid(b0c100f44d1e87a42ba9d7a1f25a0b8f) Importer(815301076,1909f56bfc062723c751e8b465ee728b)
Start importing Assets/Grim/Sci Fi Research Center/Models/Decal_Electrical.fbx using Guid(b0c100f44d1e87a42ba9d7a1f25a0b8f) Importer(815301076,1909f56bfc062723c751e8b465ee728b)  -> (artifact id: '50ac79a5b8d6b66bc655369463889b4e') in 0.046238 seconds
Number of updated asset objects reloaded before import = 0
Number of asset objects unloaded after import = 10
========================================================================
Received Import Request.
  Time since last request: 0.000022 seconds.
  path: Assets/Grim/Sci Fi Research Center/Models/Decal_Toxic.fbx
  artifactKey: Guid(73bff12982eedb64e817b3ef59baa6ac) Importer(815301076,1909f56bfc062723c751e8b465ee728b)
Start importing Assets/Grim/Sci Fi Research Center/Models/Decal_Toxic.fbx using Guid(73bff12982eedb64e817b3ef59baa6ac) Importer(815301076,1909f56bfc062723c751e8b465ee728b)  -> (artifact id: 'c28bf98805919379a80c5b7a501da350') in 0.057161 seconds
Number of updated asset objects reloaded before import = 0
Number of asset objects unloaded after import = 10
========================================================================
Received Import Request.
  Time since last request: 0.000012 seconds.
  path: Assets/Grim/Sci Fi Research Center/Models/Blood_Seven.fbx
  artifactKey: Guid(58d62123ec48fdf4589a98ccb11da8f6) Importer(815301076,1909f56bfc062723c751e8b465ee728b)
Start importing Assets/Grim/Sci Fi Research Center/Models/Blood_Seven.fbx using Guid(58d62123ec48fdf4589a98ccb11da8f6) Importer(815301076,1909f56bfc062723c751e8b465ee728b)  -> (artifact id: 'e09703a99c8d484817b556161c8e882b') in 0.062965 seconds
Number of updated asset objects reloaded before import = 0
Number of asset objects unloaded after import = 10
========================================================================
Received Import Request.
  Time since last request: 0.000016 seconds.
  path: Assets/Grim/Sci Fi Research Center/Models/Blood_Four.fbx
  artifactKey: Guid(96bd3d9741f170243ab79b6a9458d7e0) Importer(815301076,1909f56bfc062723c751e8b465ee728b)
Start importing Assets/Grim/Sci Fi Research Center/Models/Blood_Four.fbx using Guid(96bd3d9741f170243ab79b6a9458d7e0) Importer(815301076,1909f56bfc062723c751e8b465ee728b)  -> (artifact id: '78a8424061155a0c7bc98cf6e3a8968b') in 0.066071 seconds
Number of updated asset objects reloaded before import = 0
Number of asset objects unloaded after import = 10
========================================================================
Received Import Request.
  Time since last request: 0.000018 seconds.
  path: Assets/Grim/Sci Fi Research Center/Models/Decal_Authorised.fbx
  artifactKey: Guid(8c68dd45c21524244a4fc6bd2e17aa1a) Importer(815301076,1909f56bfc062723c751e8b465ee728b)
Start importing Assets/Grim/Sci Fi Research Center/Models/Decal_Authorised.fbx using Guid(8c68dd45c21524244a4fc6bd2e17aa1a) Importer(815301076,1909f56bfc062723c751e8b465ee728b)  -> (artifact id: '1ee4dd4a8d05758a800479b59ff8455c') in 0.060993 seconds
Number of updated asset objects reloaded before import = 0
Number of asset objects unloaded after import = 10
========================================================================
Received Import Request.
  Time since last request: 0.000016 seconds.
  path: Assets/Grim/Sci Fi Research Center/Models/Blood_Ten.fbx
  artifactKey: Guid(9a750fcdebd34b845934f8aff262da36) Importer(815301076,1909f56bfc062723c751e8b465ee728b)
Start importing Assets/Grim/Sci Fi Research Center/Models/Blood_Ten.fbx using Guid(9a750fcdebd34b845934f8aff262da36) Importer(815301076,1909f56bfc062723c751e8b465ee728b)  -> (artifact id: '3c5d73f4fec3a74dc3a3d6ba9a5cacb6') in 0.076121 seconds
Number of updated asset objects reloaded before import = 0
Number of asset objects unloaded after import = 10
========================================================================
Received Import Request.
  Time since last request: 0.000039 seconds.
  path: Assets/Grim/Sci Fi Research Center/Models/Blood_Nine.fbx
  artifactKey: Guid(f9e54eb99d35d8d48973f4f46e749b38) Importer(815301076,1909f56bfc062723c751e8b465ee728b)
Start importing Assets/Grim/Sci Fi Research Center/Models/Blood_Nine.fbx using Guid(f9e54eb99d35d8d48973f4f46e749b38) Importer(815301076,1909f56bfc062723c751e8b465ee728b)  -> (artifact id: '762c7ff371317e87d0b5f5c2262cdd38') in 0.030153 seconds
Number of updated asset objects reloaded before import = 0
Number of asset objects unloaded after import = 10
========================================================================
Received Import Request.
  Time since last request: 354.450179 seconds.
  path: Assets/Grim/Sci Fi Research Center/Models/DoorMedium_One.fbx
  artifactKey: Guid(bf62f3eb452b9dd4a968abb8a97759d8) Importer(815301076,1909f56bfc062723c751e8b465ee728b)
Start importing Assets/Grim/Sci Fi Research Center/Models/DoorMedium_One.fbx using Guid(bf62f3eb452b9dd4a968abb8a97759d8) Importer(815301076,1909f56bfc062723c751e8b465ee728b)  -> (artifact id: '2d894e8d8675d632638aa091d6602a2e') in 1.679225 seconds
Number of updated asset objects reloaded before import = 0
Number of asset objects unloaded after import = 26
========================================================================
Received Import Request.
  Time since last request: 0.000021 seconds.
  path: Assets/Grim/Sci Fi Research Center/Models/Pipe_Two.fbx
  artifactKey: Guid(a563e4fdf05d55942ae7c15aaff02817) Importer(815301076,1909f56bfc062723c751e8b465ee728b)
Start importing Assets/Grim/Sci Fi Research Center/Models/Pipe_Two.fbx using Guid(a563e4fdf05d55942ae7c15aaff02817) Importer(815301076,1909f56bfc062723c751e8b465ee728b)  -> (artifact id: 'af88d705db61c29d95f61c7f74f86b7f') in 0.704322 seconds
Number of updated asset objects reloaded before import = 0
Number of asset objects unloaded after import = 14
========================================================================
Received Import Request.
  Time since last request: 0.000059 seconds.
  path: Assets/Grim/Sci Fi Research Center/Models/Pipe_Five.fbx
  artifactKey: Guid(61c05424255b1684ca65d876666bf8a3) Importer(815301076,1909f56bfc062723c751e8b465ee728b)
Start importing Assets/Grim/Sci Fi Research Center/Models/Pipe_Five.fbx using Guid(61c05424255b1684ca65d876666bf8a3) Importer(815301076,1909f56bfc062723c751e8b465ee728b)  -> (artifact id: 'd7aad20642679d87c6f6417c53246994') in 1.238603 seconds
Number of updated asset objects reloaded before import = 0
Number of asset objects unloaded after import = 14
========================================================================
Received Import Request.
  Time since last request: 0.000033 seconds.
  path: Assets/Grim/Sci Fi Research Center/Models/Jar_Three.fbx
  artifactKey: Guid(c2d1cf7aef5e58e42b616c3d458cc06c) Importer(815301076,1909f56bfc062723c751e8b465ee728b)
Start importing Assets/Grim/Sci Fi Research Center/Models/Jar_Three.fbx using Guid(c2d1cf7aef5e58e42b616c3d458cc06c) Importer(815301076,1909f56bfc062723c751e8b465ee728b)  -> (artifact id: '94716bb7c4e3d81efbb165fcb0c3da69') in 0.933133 seconds
Number of updated asset objects reloaded before import = 0
Number of asset objects unloaded after import = 13
========================================================================
Received Import Request.
  Time since last request: 0.000030 seconds.
  path: Assets/Grim/Sci Fi Research Center/Models/FloorTile_Four.fbx
  artifactKey: Guid(dca0cc802061ec14e8d1953bf7aab52f) Importer(815301076,1909f56bfc062723c751e8b465ee728b)
Start importing Assets/Grim/Sci Fi Research Center/Models/FloorTile_Four.fbx using Guid(dca0cc802061ec14e8d1953bf7aab52f) Importer(815301076,1909f56bfc062723c751e8b465ee728b)  -> (artifact id: '7c5e067bde5307587416ebee3e6b3a19') in 0.970365 seconds
Number of updated asset objects reloaded before import = 0
Number of asset objects unloaded after import = 14
========================================================================
Received Import Request.
  Time since last request: 0.000033 seconds.
  path: Assets/Grim/Sci Fi Research Center/Models/Pipe_Seven.fbx
  artifactKey: Guid(d831547ae1e039d4b879ec0aefb8fe97) Importer(815301076,1909f56bfc062723c751e8b465ee728b)
Start importing Assets/Grim/Sci Fi Research Center/Models/Pipe_Seven.fbx using Guid(d831547ae1e039d4b879ec0aefb8fe97) Importer(815301076,1909f56bfc062723c751e8b465ee728b)  -> (artifact id: '93ecb4dc2c638bd9573e1052d7a88879') in 1.024799 seconds
Number of updated asset objects reloaded before import = 0
Number of asset objects unloaded after import = 14
========================================================================
Received Import Request.
  Time since last request: 0.000033 seconds.
  path: Assets/Grim/Sci Fi Research Center/Models/FireExtinguisher_One.fbx
  artifactKey: Guid(b1a68f52517266540ab0c517ecd4f881) Importer(815301076,1909f56bfc062723c751e8b465ee728b)
Start importing Assets/Grim/Sci Fi Research Center/Models/FireExtinguisher_One.fbx using Guid(b1a68f52517266540ab0c517ecd4f881) Importer(815301076,1909f56bfc062723c751e8b465ee728b)  -> (artifact id: '1ac2f11c09f92fa63addff44d4db6bfb') in 1.033042 seconds
Number of updated asset objects reloaded before import = 0
Number of asset objects unloaded after import = 13
========================================================================
Received Import Request.
  Time since last request: 0.000042 seconds.
  path: Assets/Grim/Sci Fi Research Center/Models/MedBox_Two.fbx
  artifactKey: Guid(b2d1c0c729b4bf74da4d4782df0c6554) Importer(815301076,1909f56bfc062723c751e8b465ee728b)
Start importing Assets/Grim/Sci Fi Research Center/Models/MedBox_Two.fbx using Guid(b2d1c0c729b4bf74da4d4782df0c6554) Importer(815301076,1909f56bfc062723c751e8b465ee728b)  -> (artifact id: '580191bb108c53755291458a6a93bdda') in 1.382116 seconds
Number of updated asset objects reloaded before import = 0
Number of asset objects unloaded after import = 13
========================================================================
Received Import Request.
  Time since last request: 0.000024 seconds.
  path: Assets/Grim/Sci Fi Research Center/Models/FloorCable_One.fbx
  artifactKey: Guid(88bb211c1942ff64a907c78e6063d3e6) Importer(815301076,1909f56bfc062723c751e8b465ee728b)
Start importing Assets/Grim/Sci Fi Research Center/Models/FloorCable_One.fbx using Guid(88bb211c1942ff64a907c78e6063d3e6) Importer(815301076,1909f56bfc062723c751e8b465ee728b)  -> (artifact id: '134b1934ae61295d9de8a1f4b3fd22fd') in 1.341390 seconds
Number of updated asset objects reloaded before import = 0
Number of asset objects unloaded after import = 14
========================================================================
Received Import Request.
  Time since last request: 0.000032 seconds.
  path: Assets/Grim/Sci Fi Research Center/Models/Rack_One.fbx
  artifactKey: Guid(2322d20b3e0a91f43871cb3bc6732168) Importer(815301076,1909f56bfc062723c751e8b465ee728b)
Start importing Assets/Grim/Sci Fi Research Center/Models/Rack_One.fbx using Guid(2322d20b3e0a91f43871cb3bc6732168) Importer(815301076,1909f56bfc062723c751e8b465ee728b)  -> (artifact id: '94971981b25f9c1fe599786c694436be') in 1.362290 seconds
Number of updated asset objects reloaded before import = 0
Number of asset objects unloaded after import = 13
========================================================================
Received Import Request.
  Time since last request: 0.000038 seconds.
  path: Assets/Grim/Sci Fi Research Center/Models/Pipe_Four.fbx
  artifactKey: Guid(3d45d8a5311845e48938fdb1fa941342) Importer(815301076,1909f56bfc062723c751e8b465ee728b)
Start importing Assets/Grim/Sci Fi Research Center/Models/Pipe_Four.fbx using Guid(3d45d8a5311845e48938fdb1fa941342) Importer(815301076,1909f56bfc062723c751e8b465ee728b)  -> (artifact id: '1171d3b1fb38c08a77ed6e654737b59e') in 1.750723 seconds
Number of updated asset objects reloaded before import = 0
Number of asset objects unloaded after import = 14
========================================================================
Received Import Request.
  Time since last request: 0.000041 seconds.
  path: Assets/Grim/Sci Fi Research Center/Models/Grate_One.fbx
  artifactKey: Guid(72fff382b3ce9bc4ea99ff73825e6159) Importer(815301076,1909f56bfc062723c751e8b465ee728b)
Start importing Assets/Grim/Sci Fi Research Center/Models/Grate_One.fbx using Guid(72fff382b3ce9bc4ea99ff73825e6159) Importer(815301076,1909f56bfc062723c751e8b465ee728b)  -> (artifact id: '88869817e008ba22d74ba66706a4cd1c') in 1.439515 seconds
Number of updated asset objects reloaded before import = 0
Number of asset objects unloaded after import = 14
========================================================================
Received Import Request.
  Time since last request: 0.000058 seconds.
  path: Assets/Grim/Sci Fi Research Center/Models/FloorVent_Two.fbx
  artifactKey: Guid(24a47710435a368468b870993dd8cf12) Importer(815301076,1909f56bfc062723c751e8b465ee728b)
Start importing Assets/Grim/Sci Fi Research Center/Models/FloorVent_Two.fbx using Guid(24a47710435a368468b870993dd8cf12) Importer(815301076,1909f56bfc062723c751e8b465ee728b)  -> (artifact id: 'f6ea9ffbd6379268ccf9621415737d70') in 1.653276 seconds
Number of updated asset objects reloaded before import = 0
Number of asset objects unloaded after import = 14
========================================================================
Received Import Request.
  Time since last request: 0.000035 seconds.
  path: Assets/Grim/Sci Fi Research Center/Models/MedBox_One.fbx
  artifactKey: Guid(fbcea529ac2050f4aadfe6963b1eebf5) Importer(815301076,1909f56bfc062723c751e8b465ee728b)
Start importing Assets/Grim/Sci Fi Research Center/Models/MedBox_One.fbx using Guid(fbcea529ac2050f4aadfe6963b1eebf5) Importer(815301076,1909f56bfc062723c751e8b465ee728b)  -> (artifact id: 'b94b2102c3783ea71e3198b6600c0346') in 1.251382 seconds
Number of updated asset objects reloaded before import = 0
Number of asset objects unloaded after import = 13
========================================================================
Received Import Request.
  Time since last request: 0.000060 seconds.
  path: Assets/Grim/Sci Fi Research Center/Models/MedBox_Three.fbx
  artifactKey: Guid(e1e42f33028cc1d4583a6c286674b7ce) Importer(815301076,1909f56bfc062723c751e8b465ee728b)
Start importing Assets/Grim/Sci Fi Research Center/Models/MedBox_Three.fbx using Guid(e1e42f33028cc1d4583a6c286674b7ce) Importer(815301076,1909f56bfc062723c751e8b465ee728b)  -> (artifact id: 'd4f5a1874fb88796fd677e9f1caca1c5') in 1.071432 seconds
Number of updated asset objects reloaded before import = 0
Number of asset objects unloaded after import = 19
========================================================================
Received Import Request.
  Time since last request: 0.000034 seconds.
  path: Assets/Grim/Sci Fi Research Center/Models/FloorRail_Three.fbx
  artifactKey: Guid(3ebf76a5734e3cb4ebd0b5113e37ca8e) Importer(815301076,1909f56bfc062723c751e8b465ee728b)
Start importing Assets/Grim/Sci Fi Research Center/Models/FloorRail_Three.fbx using Guid(3ebf76a5734e3cb4ebd0b5113e37ca8e) Importer(815301076,1909f56bfc062723c751e8b465ee728b)  -> (artifact id: 'e7e9a69589208cb55800d67caeaf7cb3') in 1.305534 seconds
Number of updated asset objects reloaded before import = 0
Number of asset objects unloaded after import = 14
========================================================================
Received Import Request.
  Time since last request: 0.000049 seconds.
  path: Assets/Grim/Sci Fi Research Center/Models/RailingWall_Four.fbx
  artifactKey: Guid(7c31da5cabfadda48bb89909eff0e84e) Importer(815301076,1909f56bfc062723c751e8b465ee728b)
Start importing Assets/Grim/Sci Fi Research Center/Models/RailingWall_Four.fbx using Guid(7c31da5cabfadda48bb89909eff0e84e) Importer(815301076,1909f56bfc062723c751e8b465ee728b)  -> (artifact id: 'a9662e740ae8fbe17f4ea56cd3be0d3d') in 1.355470 seconds
Number of updated asset objects reloaded before import = 0
Number of asset objects unloaded after import = 20
========================================================================
Received Import Request.
  Time since last request: 0.000023 seconds.
  path: Assets/Grim/Sci Fi Research Center/Models/FloorCable_Two.fbx
  artifactKey: Guid(3cf36dc4e21966849a6c8b946b560ce5) Importer(815301076,1909f56bfc062723c751e8b465ee728b)
Start importing Assets/Grim/Sci Fi Research Center/Models/FloorCable_Two.fbx using Guid(3cf36dc4e21966849a6c8b946b560ce5) Importer(815301076,1909f56bfc062723c751e8b465ee728b)  -> (artifact id: '02f9db33feeeea1c7ed2aa50642c7c92') in 1.673558 seconds
Number of updated asset objects reloaded before import = 0
Number of asset objects unloaded after import = 14
========================================================================
Received Import Request.
  Time since last request: 1465.666343 seconds.
  path: Assets/Grim/Sci Fi Research Center/Models/RailingWall_Two.fbx
  artifactKey: Guid(42c0448a7d8a29a419a6f583eb7af6d1) Importer(815301076,1909f56bfc062723c751e8b465ee728b)
Start importing Assets/Grim/Sci Fi Research Center/Models/RailingWall_Two.fbx using Guid(42c0448a7d8a29a419a6f583eb7af6d1) Importer(815301076,1909f56bfc062723c751e8b465ee728b)  -> (artifact id: '0337d53c6829ab3abc4aaa024519f5fe') in 1.480920 seconds
Number of updated asset objects reloaded before import = 0
Number of asset objects unloaded after import = 20
========================================================================
Received Import Request.
  Time since last request: 0.000055 seconds.
  path: Assets/Grim/Sci Fi Research Center/Models/Scanner_One.fbx
  artifactKey: Guid(1819d0411fc914447abb8552f86ec796) Importer(815301076,1909f56bfc062723c751e8b465ee728b)
Start importing Assets/Grim/Sci Fi Research Center/Models/Scanner_One.fbx using Guid(1819d0411fc914447abb8552f86ec796) Importer(815301076,1909f56bfc062723c751e8b465ee728b)  -> (artifact id: 'a349e6261a8865d6ed59332ec32c741c') in 1.176605 seconds
Number of updated asset objects reloaded before import = 0
Number of asset objects unloaded after import = 19
========================================================================
Received Import Request.
  Time since last request: 0.000051 seconds.
  path: Assets/Grim/Sci Fi Research Center/Models/Wall_Two.fbx
  artifactKey: Guid(359e0f950250c6e49bf98e84346b13ad) Importer(815301076,1909f56bfc062723c751e8b465ee728b)
Start importing Assets/Grim/Sci Fi Research Center/Models/Wall_Two.fbx using Guid(359e0f950250c6e49bf98e84346b13ad) Importer(815301076,1909f56bfc062723c751e8b465ee728b)  -> (artifact id: 'b648bf083c14a255b95313c3adf61a52') in 0.656641 seconds
Number of updated asset objects reloaded before import = 0
Number of asset objects unloaded after import = 14
========================================================================
Received Import Request.
  Time since last request: 0.000098 seconds.
  path: Assets/Grim/Sci Fi Research Center/Models/WallLight_Two.fbx
  artifactKey: Guid(16b4584a010dae24782bbbcf55441cb2) Importer(815301076,1909f56bfc062723c751e8b465ee728b)
Start importing Assets/Grim/Sci Fi Research Center/Models/WallLight_Two.fbx using Guid(16b4584a010dae24782bbbcf55441cb2) Importer(815301076,1909f56bfc062723c751e8b465ee728b)  -> (artifact id: '884fbc41974e934a44e4a6e0bab461be') in 0.786220 seconds
Number of updated asset objects reloaded before import = 0
Number of asset objects unloaded after import = 20
========================================================================
Received Import Request.
  Time since last request: 0.001233 seconds.
  path: Assets/Grim/Sci Fi Research Center/Models/Screen_Three.fbx
  artifactKey: Guid(8148b1286ccfe9d44aeae5aa6cc18e44) Importer(815301076,1909f56bfc062723c751e8b465ee728b)
Start importing Assets/Grim/Sci Fi Research Center/Models/Screen_Three.fbx using Guid(8148b1286ccfe9d44aeae5aa6cc18e44) Importer(815301076,1909f56bfc062723c751e8b465ee728b)  -> (artifact id: '5219794b14e9fa1a09c4ade5f141ab5e') in 0.554319 seconds
Number of updated asset objects reloaded before import = 0
Number of asset objects unloaded after import = 13
========================================================================
Received Import Request.
  Time since last request: 0.000033 seconds.
  path: Assets/Grim/Sci Fi Research Center/Models/Sigh_Eight.fbx
  artifactKey: Guid(91708f4edac11f44cb6b8b99c2c863ba) Importer(815301076,1909f56bfc062723c751e8b465ee728b)
Start importing Assets/Grim/Sci Fi Research Center/Models/Sigh_Eight.fbx using Guid(91708f4edac11f44cb6b8b99c2c863ba) Importer(815301076,1909f56bfc062723c751e8b465ee728b)  -> (artifact id: 'd215f18ddb364c8a666d654a1a158dae') in 0.193898 seconds
Number of updated asset objects reloaded before import = 0
Number of asset objects unloaded after import = 12
========================================================================
Received Import Request.
  Time since last request: 0.000050 seconds.
  path: Assets/Grim/Sci Fi Research Center/Models/Wall_Three.fbx
  artifactKey: Guid(8eec69bc8fe8b1240913f57f040e6677) Importer(815301076,1909f56bfc062723c751e8b465ee728b)
Start importing Assets/Grim/Sci Fi Research Center/Models/Wall_Three.fbx using Guid(8eec69bc8fe8b1240913f57f040e6677) Importer(815301076,1909f56bfc062723c751e8b465ee728b)  -> (artifact id: '014c6088156c3e448cfb17b6cafa7eae') in 0.865390 seconds
Number of updated asset objects reloaded before import = 0
Number of asset objects unloaded after import = 14
========================================================================
Received Import Request.
  Time since last request: 0.000025 seconds.
  path: Assets/Grim/Sci Fi Research Center/Models/Vent_One.fbx
  artifactKey: Guid(e91a08e5ca9b78e429f7f9606365f7f4) Importer(815301076,1909f56bfc062723c751e8b465ee728b)
Start importing Assets/Grim/Sci Fi Research Center/Models/Vent_One.fbx using Guid(e91a08e5ca9b78e429f7f9606365f7f4) Importer(815301076,1909f56bfc062723c751e8b465ee728b)  -> (artifact id: '39bb3b99f4fd033b8b3bf0769a8e09b3') in 0.755596 seconds
Number of updated asset objects reloaded before import = 0
Number of asset objects unloaded after import = 14
========================================================================
Received Import Request.
  Time since last request: 0.000040 seconds.
  path: Assets/Grim/Sci Fi Research Center/Models/WallCornerTop_One.fbx
  artifactKey: Guid(33b91c2289c68a241bd0a8901cc38409) Importer(815301076,1909f56bfc062723c751e8b465ee728b)
Start importing Assets/Grim/Sci Fi Research Center/Models/WallCornerTop_One.fbx using Guid(33b91c2289c68a241bd0a8901cc38409) Importer(815301076,1909f56bfc062723c751e8b465ee728b)  -> (artifact id: '9adffdff11a76ba9bc6115326ec36521') in 0.804716 seconds
Number of updated asset objects reloaded before import = 0
Number of asset objects unloaded after import = 14
========================================================================
Received Import Request.
  Time since last request: 0.000034 seconds.
  path: Assets/Grim/Sci Fi Research Center/Models/Wall_Five.fbx
  artifactKey: Guid(a3af8fe26dc93624c90367986fdcd0ac) Importer(815301076,1909f56bfc062723c751e8b465ee728b)
Start importing Assets/Grim/Sci Fi Research Center/Models/Wall_Five.fbx using Guid(a3af8fe26dc93624c90367986fdcd0ac) Importer(815301076,1909f56bfc062723c751e8b465ee728b)  -> (artifact id: 'a29ebfcbe4135e1e253d283bcf009193') in 0.775087 seconds
Number of updated asset objects reloaded before import = 0
Number of asset objects unloaded after import = 20
========================================================================
Received Import Request.
  Time since last request: 0.000032 seconds.
  path: Assets/Grim/Sci Fi Research Center/Models/Sigh_Three.fbx
  artifactKey: Guid(50443ac2ecd867f43a8d3ad280f91f82) Importer(815301076,1909f56bfc062723c751e8b465ee728b)
Start importing Assets/Grim/Sci Fi Research Center/Models/Sigh_Three.fbx using Guid(50443ac2ecd867f43a8d3ad280f91f82) Importer(815301076,1909f56bfc062723c751e8b465ee728b)  -> (artifact id: '7f272adf06b08ad763cf91485d9e4048') in 0.232140 seconds
Number of updated asset objects reloaded before import = 0
Number of asset objects unloaded after import = 12
========================================================================
Received Import Request.
  Time since last request: 0.000035 seconds.
  path: Assets/Grim/Sci Fi Research Center/Models/WallLight_Four.fbx
  artifactKey: Guid(e8e3d154b59448a4dad7429f5152eb39) Importer(815301076,1909f56bfc062723c751e8b465ee728b)
Start importing Assets/Grim/Sci Fi Research Center/Models/WallLight_Four.fbx using Guid(e8e3d154b59448a4dad7429f5152eb39) Importer(815301076,1909f56bfc062723c751e8b465ee728b)  -> (artifact id: 'd6aa0bd1006e174d3238681b36c52e6a') in 1.339160 seconds
Number of updated asset objects reloaded before import = 0
Number of asset objects unloaded after import = 20
========================================================================
Received Import Request.
  Time since last request: 0.000047 seconds.
  path: Assets/Grim/Sci Fi Research Center/Models/StairCase_One.fbx
  artifactKey: Guid(0e282b2112495ef41b43ae3e02cd77ea) Importer(815301076,1909f56bfc062723c751e8b465ee728b)
Start importing Assets/Grim/Sci Fi Research Center/Models/StairCase_One.fbx using Guid(0e282b2112495ef41b43ae3e02cd77ea) Importer(815301076,1909f56bfc062723c751e8b465ee728b)  -> (artifact id: '688ef8b99998583e98c550486b40e22f') in 1.199005 seconds
Number of updated asset objects reloaded before import = 0
Number of asset objects unloaded after import = 14
========================================================================
Received Import Request.
  Time since last request: 0.000021 seconds.
  path: Assets/Grim/Sci Fi Research Center/Models/Screen_One.fbx
  artifactKey: Guid(85e07c1379ce3474fb759940b329ef25) Importer(815301076,1909f56bfc062723c751e8b465ee728b)
Start importing Assets/Grim/Sci Fi Research Center/Models/Screen_One.fbx using Guid(85e07c1379ce3474fb759940b329ef25) Importer(815301076,1909f56bfc062723c751e8b465ee728b)  -> (artifact id: '8bf2328884826def0509ead8a0f4d223') in 1.170770 seconds
Number of updated asset objects reloaded before import = 0
Number of asset objects unloaded after import = 13
========================================================================
Received Import Request.
  Time since last request: 0.000027 seconds.
  path: Assets/Grim/Sci Fi Research Center/Models/Sigh_Ten.fbx
  artifactKey: Guid(81211be9132f9ec43adf51d8bb642b36) Importer(815301076,1909f56bfc062723c751e8b465ee728b)
Start importing Assets/Grim/Sci Fi Research Center/Models/Sigh_Ten.fbx using Guid(81211be9132f9ec43adf51d8bb642b36) Importer(815301076,1909f56bfc062723c751e8b465ee728b)  -> (artifact id: '6acbac0876fce0701ba203145112a195') in 0.222651 seconds
Number of updated asset objects reloaded before import = 0
Number of asset objects unloaded after import = 12
========================================================================
Received Import Request.
  Time since last request: 0.010098 seconds.
  path: Assets/Grim/Sci Fi Research Center/Models/Sigh_Six.fbx
  artifactKey: Guid(d4e34a80847263c47972700512132fd3) Importer(815301076,1909f56bfc062723c751e8b465ee728b)
Start importing Assets/Grim/Sci Fi Research Center/Models/Sigh_Six.fbx using Guid(d4e34a80847263c47972700512132fd3) Importer(815301076,1909f56bfc062723c751e8b465ee728b)  -> (artifact id: '1a9cf4cbb26f48678b604830b73102d5') in 0.084982 seconds
Number of updated asset objects reloaded before import = 0
Number of asset objects unloaded after import = 12
========================================================================
Received Import Request.
  Time since last request: 0.000023 seconds.
  path: Assets/Grim/Sci Fi Research Center/Models/WallLight_One.fbx
  artifactKey: Guid(2101125dfc0b8554495524bac036af40) Importer(815301076,1909f56bfc062723c751e8b465ee728b)
Start importing Assets/Grim/Sci Fi Research Center/Models/WallLight_One.fbx using Guid(2101125dfc0b8554495524bac036af40) Importer(815301076,1909f56bfc062723c751e8b465ee728b)  -> (artifact id: 'c120345f205d5dec88d513e48aa72fa4') in 1.213080 seconds
Number of updated asset objects reloaded before import = 0
Number of asset objects unloaded after import = 20
========================================================================
Received Import Request.
  Time since last request: 0.000020 seconds.
  path: Assets/Grim/Sci Fi Research Center/Models/SciFiTech_One.fbx
  artifactKey: Guid(76c79d981ab09bb40a6edf656dd91384) Importer(815301076,1909f56bfc062723c751e8b465ee728b)
Start importing Assets/Grim/Sci Fi Research Center/Models/SciFiTech_One.fbx using Guid(76c79d981ab09bb40a6edf656dd91384) Importer(815301076,1909f56bfc062723c751e8b465ee728b)  -> (artifact id: '904c3aa3c5da82679fa662313c6a16b3') in 1.253467 seconds
Number of updated asset objects reloaded before import = 0
Number of asset objects unloaded after import = 20
========================================================================
Received Import Request.
  Time since last request: 0.000041 seconds.
  path: Assets/Grim/Sci Fi Research Center/Models/WallCorner_Two.fbx
  artifactKey: Guid(17328a22730e8e743a2c5018d6b82314) Importer(815301076,1909f56bfc062723c751e8b465ee728b)
Start importing Assets/Grim/Sci Fi Research Center/Models/WallCorner_Two.fbx using Guid(17328a22730e8e743a2c5018d6b82314) Importer(815301076,1909f56bfc062723c751e8b465ee728b)  -> (artifact id: '1d479eb018ac7fe84d192235d27bf86b') in 1.240058 seconds
Number of updated asset objects reloaded before import = 0
Number of asset objects unloaded after import = 14
========================================================================
Received Import Request.
  Time since last request: 0.000029 seconds.
  path: Assets/Grim/Sci Fi Research Center/Models/WallCorner_OneB.fbx
  artifactKey: Guid(08a80243c89484041bbd3ea23976a6a3) Importer(815301076,1909f56bfc062723c751e8b465ee728b)
Start importing Assets/Grim/Sci Fi Research Center/Models/WallCorner_OneB.fbx using Guid(08a80243c89484041bbd3ea23976a6a3) Importer(815301076,1909f56bfc062723c751e8b465ee728b)  -> (artifact id: '26a9d3dbe591ea8d4026c3cd3e1e4f41') in 1.640184 seconds
Number of updated asset objects reloaded before import = 0
Number of asset objects unloaded after import = 14
========================================================================
Received Import Request.
  Time since last request: 0.000030 seconds.
  path: Assets/Grim/Sci Fi Research Center/Models/WallCorner_One.fbx
  artifactKey: Guid(ca1faa718bad62b4eaf4b16a685ab4a7) Importer(815301076,1909f56bfc062723c751e8b465ee728b)
Start importing Assets/Grim/Sci Fi Research Center/Models/WallCorner_One.fbx using Guid(ca1faa718bad62b4eaf4b16a685ab4a7) Importer(815301076,1909f56bfc062723c751e8b465ee728b)  -> (artifact id: 'ee348dd38531200b1812413d81fa71ef') in 1.443337 seconds
Number of updated asset objects reloaded before import = 0
Number of asset objects unloaded after import = 14
Editor requested this worker to shutdown with reason: Scaling down because of idle timeout
TcpMessagingSession - receive error
AssetImportWorkerClient::OnTransportError - code=2 error=End of file
AssetImportWorker is now disconnected from the server
Process exiting
Exiting without the bug reporter. Application will terminate with return code 0