Using pre-set license
Built from '2022.3/release' branch; Version is '2022.3.0f1 (fb119bb0b476) revision 16454043'; Using compiler version '192829333'; Build Type 'Release'
OS: 'Windows 10  (10.0.19045) 64bit Professional' Language: 'en' Physical Memory: 32688 MB
BatchMode: 1, IsHumanControllingUs: 0, StartBugReporterOnCrash: 0, Is64bit: 1, IsPro: 1

COMMAND LINE ARGUMENTS:
D:\dev_ide\Unity\2022.3.0f1\Editor\Unity.exe
-adb2
-batchMode
-noUpm
-name
AssetImportWorker4
-projectPath
E:/Work/CodeGym/CGO-Shooter
-logFile
Logs/AssetImportWorker4.log
-srvPort
11276
Successfully changed project path to: E:/Work/CodeGym/CGO-Shooter
E:/Work/CodeGym/CGO-Shooter
[UnityMemory] Configuration Parameters - Can be set up in boot.config
    "memorysetup-bucket-allocator-granularity=16"
    "memorysetup-bucket-allocator-bucket-count=8"
    "memorysetup-bucket-allocator-block-size=33554432"
    "memorysetup-bucket-allocator-block-count=8"
    "memorysetup-main-allocator-block-size=16777216"
    "memorysetup-thread-allocator-block-size=16777216"
    "memorysetup-gfx-main-allocator-block-size=16777216"
    "memorysetup-gfx-thread-allocator-block-size=16777216"
    "memorysetup-cache-allocator-block-size=4194304"
    "memorysetup-typetree-allocator-block-size=2097152"
    "memorysetup-profiler-bucket-allocator-granularity=16"
    "memorysetup-profiler-bucket-allocator-bucket-count=8"
    "memorysetup-profiler-bucket-allocator-block-size=33554432"
    "memorysetup-profiler-bucket-allocator-block-count=8"
    "memorysetup-profiler-allocator-block-size=16777216"
    "memorysetup-profiler-editor-allocator-block-size=1048576"
    "memorysetup-temp-allocator-size-main=16777216"
    "memorysetup-job-temp-allocator-block-size=2097152"
    "memorysetup-job-temp-allocator-block-size-background=1048576"
    "memorysetup-job-temp-allocator-reduction-small-platforms=262144"
    "memorysetup-allocator-temp-initial-block-size-main=262144"
    "memorysetup-allocator-temp-initial-block-size-worker=262144"
    "memorysetup-temp-allocator-size-background-worker=32768"
    "memorysetup-temp-allocator-size-job-worker=262144"
    "memorysetup-temp-allocator-size-preload-manager=33554432"
    "memorysetup-temp-allocator-size-nav-mesh-worker=65536"
    "memorysetup-temp-allocator-size-audio-worker=65536"
    "memorysetup-temp-allocator-size-cloud-worker=32768"
    "memorysetup-temp-allocator-size-gi-baking-worker=262144"
    "memorysetup-temp-allocator-size-gfx=262144"
Player connection [8724] Host "[IP] 192.168.1.4 [Port] 0 [Flags] 2 [Guid] 1272521368 [EditorId] 1272521368 [Version] 1048832 [Id] WindowsEditor(7,DESKTOP-3AEF2HI) [Debug] 1 [PackageName] WindowsEditor [ProjectName] Editor" joined multi-casting on [225.0.0.222:54997]...

Player connection [8724] Host "[IP] 192.168.1.4 [Port] 0 [Flags] 2 [Guid] 1272521368 [EditorId] 1272521368 [Version] 1048832 [Id] WindowsEditor(7,DESKTOP-3AEF2HI) [Debug] 1 [PackageName] WindowsEditor [ProjectName] Editor" joined alternative multi-casting on [225.0.0.222:34997]...

Refreshing native plugins compatible for Editor in 14.65 ms, found 3 plugins.
Preloading 0 native plugins for Editor in 0.00 ms.
Initialize engine version: 2022.3.0f1 (fb119bb0b476)
[Subsystems] Discovering subsystems at path D:/dev_ide/Unity/2022.3.0f1/Editor/Data/Resources/UnitySubsystems
[Subsystems] Discovering subsystems at path E:/Work/CodeGym/CGO-Shooter/Assets
GfxDevice: creating device client; threaded=0; jobified=0
Direct3D:
    Version:  Direct3D 11.0 [level 11.1]
    Renderer: NVIDIA GeForce GTX 1060 3GB (ID=0x1c02)
    Vendor:   NVIDIA
    VRAM:     2978 MB
    Driver:   31.0.15.3179
Initialize mono
Mono path[0] = 'D:/dev_ide/Unity/2022.3.0f1/Editor/Data/Managed'
Mono path[1] = 'D:/dev_ide/Unity/2022.3.0f1/Editor/Data/MonoBleedingEdge/lib/mono/unityjit-win32'
Mono config path = 'D:/dev_ide/Unity/2022.3.0f1/Editor/Data/MonoBleedingEdge/etc'
Using monoOptions --debugger-agent=transport=dt_socket,embedding=1,server=y,suspend=n,address=127.0.0.1:56076
Begin MonoManager ReloadAssembly
Registering precompiled unity dll's ...
Register platform support module: D:/dev_ide/Unity/2022.3.0f1/Editor/Data/PlaybackEngines/AndroidPlayer/UnityEditor.Android.Extensions.dll
Register platform support module: D:/dev_ide/Unity/2022.3.0f1/Editor/Data/PlaybackEngines/WindowsStandaloneSupport/UnityEditor.WindowsStandalone.Extensions.dll
Registered in 0.011371 seconds.
- Loaded All Assemblies, in  0.619 seconds
Native extension for WindowsStandalone target not found
Native extension for Android target not found
Android Extension - Scanning For ADB Devices 718 ms
Mono: successfully reloaded assembly
- Finished resetting the current domain, in  1.356 seconds
Domain Reload Profiling: 1976ms
	BeginReloadAssembly (179ms)
		ExecutionOrderSort (0ms)
		DisableScriptedObjects (0ms)
		BackupInstance (0ms)
		ReleaseScriptingObjects (0ms)
		CreateAndSetChildDomain (1ms)
	RebuildCommonClasses (70ms)
	RebuildNativeTypeToScriptingClass (28ms)
	initialDomainReloadingComplete (130ms)
	LoadAllAssembliesAndSetupDomain (211ms)
		LoadAssemblies (178ms)
		RebuildTransferFunctionScriptingTraits (0ms)
		AnalyzeDomain (205ms)
			TypeCache.Refresh (204ms)
				TypeCache.ScanAssembly (193ms)
			ScanForSourceGeneratedMonoScriptInfo (0ms)
			ResolveRequiredComponents (0ms)
	FinalizeReload (1358ms)
		ReleaseScriptCaches (0ms)
		RebuildScriptCaches (0ms)
		SetupLoadedEditorAssemblies (1294ms)
			LogAssemblyErrors (0ms)
			InitializePlatformSupportModulesInManaged (1022ms)
			SetLoadedEditorAssemblies (16ms)
			RefreshPlugins (0ms)
			BeforeProcessingInitializeOnLoad (3ms)
			ProcessInitializeOnLoadAttributes (172ms)
			ProcessInitializeOnLoadMethodAttributes (81ms)
			AfterProcessingInitializeOnLoad (0ms)
			EditorAssembliesLoaded (0ms)
		ExecutionOrderSort2 (0ms)
		AwakeInstancesAfterBackupRestoration (0ms)
========================================================================
Worker process is ready to serve import requests
Begin MonoManager ReloadAssembly
Symbol file LoadedFromMemory doesn't match image E:\Work\CodeGym\CGO-Shooter\Library\PackageCache\com.unity.visualscripting@1.8.0\Editor\VisualScripting.Core\Dependencies\YamlDotNet\Unity.VisualScripting.YamlDotNet.dll
Symbol file LoadedFromMemory doesn't match image E:\Work\CodeGym\CGO-Shooter\Library\PackageCache\com.unity.visualscripting@1.8.0\Editor\VisualScripting.Core\Dependencies\DotNetZip\Unity.VisualScripting.IonicZip.dll
- Loaded All Assemblies, in  1.275 seconds
Refreshing native plugins compatible for Editor in 8.88 ms, found 3 plugins.
Native extension for WindowsStandalone target not found
Native extension for Android target not found
Mono: successfully reloaded assembly
- Finished resetting the current domain, in  1.026 seconds
Domain Reload Profiling: 2302ms
	BeginReloadAssembly (205ms)
		ExecutionOrderSort (0ms)
		DisableScriptedObjects (4ms)
		BackupInstance (0ms)
		ReleaseScriptingObjects (0ms)
		CreateAndSetChildDomain (27ms)
	RebuildCommonClasses (47ms)
	RebuildNativeTypeToScriptingClass (11ms)
	initialDomainReloadingComplete (115ms)
	LoadAllAssembliesAndSetupDomain (898ms)
		LoadAssemblies (504ms)
		RebuildTransferFunctionScriptingTraits (0ms)
		AnalyzeDomain (541ms)
			TypeCache.Refresh (476ms)
				TypeCache.ScanAssembly (449ms)
			ScanForSourceGeneratedMonoScriptInfo (43ms)
			ResolveRequiredComponents (22ms)
	FinalizeReload (1027ms)
		ReleaseScriptCaches (0ms)
		RebuildScriptCaches (0ms)
		SetupLoadedEditorAssemblies (724ms)
			LogAssemblyErrors (0ms)
			InitializePlatformSupportModulesInManaged (40ms)
			SetLoadedEditorAssemblies (12ms)
			RefreshPlugins (0ms)
			BeforeProcessingInitializeOnLoad (106ms)
			ProcessInitializeOnLoadAttributes (509ms)
			ProcessInitializeOnLoadMethodAttributes (54ms)
			AfterProcessingInitializeOnLoad (3ms)
			EditorAssembliesLoaded (0ms)
		ExecutionOrderSort2 (0ms)
		AwakeInstancesAfterBackupRestoration (9ms)
Launched and connected shader compiler UnityShaderCompiler.exe after 0.12 seconds
Refreshing native plugins compatible for Editor in 2.82 ms, found 3 plugins.
Preloading 0 native plugins for Editor in 0.00 ms.
Unloading 3070 Unused Serialized files (Serialized files now loaded: 0)
Unloading 31 unused Assets / (56.4 KB). Loaded Objects now: 3540.
Memory consumption went from 121.9 MB to 121.8 MB.
Total: 4.637200 ms (FindLiveObjects: 0.331400 ms CreateObjectMapping: 0.201400 ms MarkObjects: 3.925500 ms  DeleteObjects: 0.177600 ms)

AssetImportParameters requested are different than current active one (requested -> active):
  custom:container-demuxer-ogg: 62fdf1f143b41e24485cea50d1cbac27 -> 
  custom:video-decoder-ogg-theora: a1e56fd34408186e4bbccfd4996cb3dc -> 
  custom:framework-win-MediaFoundation: 216162199b28c13a410421893ffa2e32 -> 
  custom:container-demuxer-webm: 4f35f7cbe854078d1ac9338744f61a02 -> 
  custom:container-muxer-webm: aa71ff27fc2769a1b78a27578f13a17b -> 
  custom:video-decoder-webm-vp8: 9c59270c3fd7afecdb556c50c9e8de78 -> 
  custom:AudioImporter_EditorPlatform: d09bf68614088b80899f8185d706f6e7 -> 
  custom:video-encoder-webm-vp8: eb34c28f22e8b96e1ab97ce403110664 -> 
  custom:audio-decoder-ogg-vorbis: bf7c407c2cedff20999df2af8eb42d56 -> 
  custom:audio-encoder-webm-vorbis: bf7c407c2cedff20999df2af8eb42d56 -> 
========================================================================
Received Import Request.
  Time since last request: 100185.436341 seconds.
  path: Assets/Grim/Sci Fi Research Center/Models/FloorRail_Two.fbx
  artifactKey: Guid(246979ed270ecde41959d7e825a08d80) Importer(815301076,1909f56bfc062723c751e8b465ee728b)
Start importing Assets/Grim/Sci Fi Research Center/Models/FloorRail_Two.fbx using Guid(246979ed270ecde41959d7e825a08d80) Importer(815301076,1909f56bfc062723c751e8b465ee728b)  -> (artifact id: '4c8d55c72b7012e93b921e070790f420') in 2.010261 seconds
Number of updated asset objects reloaded before import = 0
Number of asset objects unloaded after import = 14
========================================================================
Received Import Request.
  Time since last request: 0.000034 seconds.
  path: Assets/Grim/Sci Fi Research Center/Models/FloorTile_Three.fbx
  artifactKey: Guid(9d4cc69707bd62b4e87eb8ede0dbfa88) Importer(815301076,1909f56bfc062723c751e8b465ee728b)
Start importing Assets/Grim/Sci Fi Research Center/Models/FloorTile_Three.fbx using Guid(9d4cc69707bd62b4e87eb8ede0dbfa88) Importer(815301076,1909f56bfc062723c751e8b465ee728b)  -> (artifact id: '784919af59a1f610b8792b62715b3fcc') in 1.065482 seconds
Number of updated asset objects reloaded before import = 0
Number of asset objects unloaded after import = 14
========================================================================
Received Import Request.
  Time since last request: 0.000030 seconds.
  path: Assets/Grim/Sci Fi Research Center/Models/RailingWall_One.fbx
  artifactKey: Guid(279090a23985bf24cb83fcf9008c4ff1) Importer(815301076,1909f56bfc062723c751e8b465ee728b)
Start importing Assets/Grim/Sci Fi Research Center/Models/RailingWall_One.fbx using Guid(279090a23985bf24cb83fcf9008c4ff1) Importer(815301076,1909f56bfc062723c751e8b465ee728b)  -> (artifact id: 'ca26517e02339fef34a990e5c8ef3907') in 1.355664 seconds
Number of updated asset objects reloaded before import = 0
Number of asset objects unloaded after import = 14
========================================================================
Received Import Request.
  Time since last request: 0.000034 seconds.
  path: Assets/Grim/Sci Fi Research Center/Models/Generator_One.fbx
  artifactKey: Guid(51138b7a88db0054ebca3fd068191bab) Importer(815301076,1909f56bfc062723c751e8b465ee728b)
Start importing Assets/Grim/Sci Fi Research Center/Models/Generator_One.fbx using Guid(51138b7a88db0054ebca3fd068191bab) Importer(815301076,1909f56bfc062723c751e8b465ee728b)  -> (artifact id: 'c53d2ae7e196bbef34b4f21ece656130') in 1.525631 seconds
Number of updated asset objects reloaded before import = 0
Number of asset objects unloaded after import = 19
========================================================================
Received Import Request.
  Time since last request: 0.000036 seconds.
  path: Assets/Grim/Sci Fi Research Center/Models/FloorTile_Two.fbx
  artifactKey: Guid(ca553c45bb3f8164485ad5552cb2f21b) Importer(815301076,1909f56bfc062723c751e8b465ee728b)
Start importing Assets/Grim/Sci Fi Research Center/Models/FloorTile_Two.fbx using Guid(ca553c45bb3f8164485ad5552cb2f21b) Importer(815301076,1909f56bfc062723c751e8b465ee728b)  -> (artifact id: '478cb5c08ebd0131be5402f1710e06a8') in 1.815563 seconds
Number of updated asset objects reloaded before import = 0
Number of asset objects unloaded after import = 14
========================================================================
Received Import Request.
  Time since last request: 0.000036 seconds.
  path: Assets/Grim/Sci Fi Research Center/Models/Pipe_Three.fbx
  artifactKey: Guid(c29eb0bd20a114044b174198e26b8579) Importer(815301076,1909f56bfc062723c751e8b465ee728b)
Start importing Assets/Grim/Sci Fi Research Center/Models/Pipe_Three.fbx using Guid(c29eb0bd20a114044b174198e26b8579) Importer(815301076,1909f56bfc062723c751e8b465ee728b)  -> (artifact id: '3f27c2ddb87bb49f72643b27fe183d7d') in 0.886233 seconds
Number of updated asset objects reloaded before import = 0
Number of asset objects unloaded after import = 14
========================================================================
Received Import Request.
  Time since last request: 0.000036 seconds.
  path: Assets/Grim/Sci Fi Research Center/Models/RailingWall_Five.fbx
  artifactKey: Guid(805c91cfc1b6ff34d8b56f687f2782de) Importer(815301076,1909f56bfc062723c751e8b465ee728b)
Start importing Assets/Grim/Sci Fi Research Center/Models/RailingWall_Five.fbx using Guid(805c91cfc1b6ff34d8b56f687f2782de) Importer(815301076,1909f56bfc062723c751e8b465ee728b)  -> (artifact id: 'a7375e11de1310810d607a2f2aa92c7f') in 1.119794 seconds
Number of updated asset objects reloaded before import = 0
Number of asset objects unloaded after import = 14
========================================================================
Received Import Request.
  Time since last request: 0.000025 seconds.
  path: Assets/Grim/Sci Fi Research Center/Models/MedBox_Four.fbx
  artifactKey: Guid(b9e94f53228436c4babad44759baadf6) Importer(815301076,1909f56bfc062723c751e8b465ee728b)
Start importing Assets/Grim/Sci Fi Research Center/Models/MedBox_Four.fbx using Guid(b9e94f53228436c4babad44759baadf6) Importer(815301076,1909f56bfc062723c751e8b465ee728b)  -> (artifact id: 'd70aff401c7ad3287052b81693a22568') in 1.469739 seconds
Number of updated asset objects reloaded before import = 0
Number of asset objects unloaded after import = 19
========================================================================
Received Import Request.
  Time since last request: 0.000031 seconds.
  path: Assets/Grim/Sci Fi Research Center/Models/RailingWall_Seven.fbx
  artifactKey: Guid(c879ce2d6298f8b45910212f1fea90ab) Importer(815301076,1909f56bfc062723c751e8b465ee728b)
Start importing Assets/Grim/Sci Fi Research Center/Models/RailingWall_Seven.fbx using Guid(c879ce2d6298f8b45910212f1fea90ab) Importer(815301076,1909f56bfc062723c751e8b465ee728b)  -> (artifact id: '88beb34a8f542ff893a6ea2359a8bf78') in 1.288168 seconds
Number of updated asset objects reloaded before import = 0
Number of asset objects unloaded after import = 14
========================================================================
Received Import Request.
  Time since last request: 0.000123 seconds.
  path: Assets/Grim/Sci Fi Research Center/Models/RailingWall_Six.fbx
  artifactKey: Guid(88baad0b6c53e1c40b88921cb533484f) Importer(815301076,1909f56bfc062723c751e8b465ee728b)
Start importing Assets/Grim/Sci Fi Research Center/Models/RailingWall_Six.fbx using Guid(88baad0b6c53e1c40b88921cb533484f) Importer(815301076,1909f56bfc062723c751e8b465ee728b)  -> (artifact id: '70cb931cc81de82ccbc20b8870d8b2dc') in 1.295292 seconds
Number of updated asset objects reloaded before import = 0
Number of asset objects unloaded after import = 14
========================================================================
Received Import Request.
  Time since last request: 0.000014 seconds.
  path: Assets/Grim/Sci Fi Research Center/Models/GasCan_Two.fbx
  artifactKey: Guid(6d784390a980cf142a7cb38b86f91208) Importer(815301076,1909f56bfc062723c751e8b465ee728b)
Start importing Assets/Grim/Sci Fi Research Center/Models/GasCan_Two.fbx using Guid(6d784390a980cf142a7cb38b86f91208) Importer(815301076,1909f56bfc062723c751e8b465ee728b)  -> (artifact id: 'f9dfe0efffd95ad0b8a10a6b0cc32364') in 1.566564 seconds
Number of updated asset objects reloaded before import = 0
Number of asset objects unloaded after import = 13
Editor requested this worker to shutdown with reason: Scaling down because of idle timeout
TcpMessagingSession - receive error: operation aborted. errorcode: 995, details: The I/O operation has been aborted because of either a thread exit or an application request.
AssetImportWorker is now disconnected from the server
Process exiting
Exiting without the bug reporter. Application will terminate with return code 0